[19/09/2018 02:06:43] - corrId_5ba193135d7dd0.67840881 - Reached CustomerManagementService API 
[19/09/2018 02:06:43] - corrId_5ba193135d7dd0.67840881 - Processing GetAllCustomersWithPremiumCode request. 
[19/09/2018 02:06:43] - corrId_5ba193135d7dd0.67840881 - Token validated. 
[19/09/2018 02:06:43] - corrId_5ba193135d7dd0.67840881 - Establishing connection to DB 
[19/09/2018 02:06:43] - corrId_5ba193135d7dd0.67840881 - Executing query 
[19/09/2018 02:06:45] - corrId_5ba19315198a81.41436787 - Reached GetAllItemsService API 
[19/09/2018 02:06:45] - corrId_5ba19315198a81.41436787 - Processing GetAllDiscounts request. 
[19/09/2018 02:06:45] - corrId_5ba19315198a81.41436787 - Token validated. 
[19/09/2018 02:06:45] - corrId_5ba19315198a81.41436787 - Establishing connection to DB 
[19/09/2018 02:06:45] - corrId_5ba19315198a81.41436787 - Executing query 
[19/09/2018 02:06:56] - corrId_5ba1932028a2f4.11044119 - Reached GetAllItemsService API 
[19/09/2018 02:06:56] - corrId_5ba1932028a2f4.11044119 - Processing GetAllDiscounts request. 
[19/09/2018 02:06:56] - corrId_5ba1932028a2f4.11044119 - Token validated. 
[19/09/2018 02:06:56] - corrId_5ba1932028a2f4.11044119 - Establishing connection to DB 
[19/09/2018 02:06:56] - corrId_5ba1932028a2f4.11044119 - Executing query 
[19/09/2018 02:07:00] - corrId_5ba19324771797.09263154 - Reached GetAllItemsService API 
[19/09/2018 02:07:00] - corrId_5ba19324771797.09263154 - Processing GetAllDiscounts request. 
[19/09/2018 02:07:00] - corrId_5ba19324771797.09263154 - Token validated. 
[19/09/2018 02:07:00] - corrId_5ba19324771797.09263154 - Establishing connection to DB 
[19/09/2018 02:07:00] - corrId_5ba19324771797.09263154 - Executing query 
[19/09/2018 02:07:43] - corrId_5ba1934f244585.96520556 - Reached CustomerManagementService API 
[19/09/2018 02:07:43] - corrId_5ba1934f244585.96520556 - Processing EditCustomer request. 
[19/09/2018 02:07:43] - corrId_5ba1934f244585.96520556 - Token validated. 
[19/09/2018 02:07:43] - corrId_5ba1934f244585.96520556 - Establishing connection to DB 
[19/09/2018 02:07:43] - corrId_5ba1934f244585.96520556 - Executing query 
[19/09/2018 02:07:43] - corrId_5ba1934f29a465.84052665 - Reached CustomerManagementService API 
[19/09/2018 02:07:43] - corrId_5ba1934f29a465.84052665 - Processing GetAllCustomersWithPremiumCode request. 
[19/09/2018 02:07:43] - corrId_5ba1934f29a465.84052665 - Token validated. 
[19/09/2018 02:07:43] - corrId_5ba1934f29a465.84052665 - Establishing connection to DB 
[19/09/2018 02:07:43] - corrId_5ba1934f29a465.84052665 - Executing query 
[19/09/2018 02:07:47] - corrId_5ba193537a2a49.15519600 - Reached GetAllItemsService API 
[19/09/2018 02:07:47] - corrId_5ba193537a2a49.15519600 - Processing GetAllDiscounts request. 
[19/09/2018 02:07:47] - corrId_5ba193537a2a49.15519600 - Token validated. 
[19/09/2018 02:07:47] - corrId_5ba193537a2a49.15519600 - Establishing connection to DB 
[19/09/2018 02:07:47] - corrId_5ba193537a2a49.15519600 - Executing query 
[19/09/2018 02:08:36] - corrId_5ba193844db559.61558268 - Reached CustomerManagementService API 
[19/09/2018 02:08:36] - corrId_5ba193844db559.61558268 - Processing GetAllCustomersWithPremiumCode request. 
[19/09/2018 02:08:36] - corrId_5ba193844db559.61558268 - Token validated. 
[19/09/2018 02:08:36] - corrId_5ba193844db559.61558268 - Establishing connection to DB 
[19/09/2018 02:08:36] - corrId_5ba193844db559.61558268 - Executing query 
[19/09/2018 02:08:42] - corrId_5ba1938a829808.01994110 - Reached GetAllItemsService API 
[19/09/2018 02:08:42] - corrId_5ba1938a829808.01994110 - Processing GetAllDiscounts request. 
[19/09/2018 02:08:42] - corrId_5ba1938a829808.01994110 - Token validated. 
[19/09/2018 02:08:42] - corrId_5ba1938a829808.01994110 - Establishing connection to DB 
[19/09/2018 02:08:42] - corrId_5ba1938a829808.01994110 - Executing query 
[19/09/2018 02:09:28] - corrId_5ba193b847ee96.28029672 - Reached CustomerManagementService API 
[19/09/2018 02:09:28] - corrId_5ba193b847ee96.28029672 - Processing EditCustomer request. 
[19/09/2018 02:09:28] - corrId_5ba193b847ee96.28029672 - Token validated. 
[19/09/2018 02:09:28] - corrId_5ba193b847ee96.28029672 - Establishing connection to DB 
[19/09/2018 02:09:28] - corrId_5ba193b847ee96.28029672 - Executing query 
[19/09/2018 02:09:28] - corrId_5ba193b84d5f75.13064139 - Reached CustomerManagementService API 
[19/09/2018 02:09:28] - corrId_5ba193b84d5f75.13064139 - Processing GetAllCustomersWithPremiumCode request. 
[19/09/2018 02:09:28] - corrId_5ba193b84d5f75.13064139 - Token validated. 
[19/09/2018 02:09:28] - corrId_5ba193b84d5f75.13064139 - Establishing connection to DB 
[19/09/2018 02:09:28] - corrId_5ba193b84d5f75.13064139 - Executing query 
[19/09/2018 02:09:30] - corrId_5ba193ba835d02.59773397 - Reached GetAllItemsService API 
[19/09/2018 02:09:30] - corrId_5ba193ba835d02.59773397 - Processing GetAllDiscounts request. 
[19/09/2018 02:09:30] - corrId_5ba193ba835d02.59773397 - Token validated. 
[19/09/2018 02:09:30] - corrId_5ba193ba835d02.59773397 - Establishing connection to DB 
[19/09/2018 02:09:30] - corrId_5ba193ba835d02.59773397 - Executing query 
[19/09/2018 02:09:37] - corrId_5ba193c1404c56.67839135 - Reached CustomerManagementService API 
[19/09/2018 02:09:37] - corrId_5ba193c1404c56.67839135 - Processing EditCustomer request. 
[19/09/2018 02:09:37] - corrId_5ba193c1404c56.67839135 - Token validated. 
[19/09/2018 02:09:37] - corrId_5ba193c1404c56.67839135 - Establishing connection to DB 
[19/09/2018 02:09:37] - corrId_5ba193c1404c56.67839135 - Executing query 
[19/09/2018 02:09:37] - corrId_5ba193c14d4777.22632465 - Reached CustomerManagementService API 
[19/09/2018 02:09:37] - corrId_5ba193c14d4777.22632465 - Processing GetAllCustomersWithPremiumCode request. 
[19/09/2018 02:09:37] - corrId_5ba193c14d4777.22632465 - Token validated. 
[19/09/2018 02:09:37] - corrId_5ba193c14d4777.22632465 - Establishing connection to DB 
[19/09/2018 02:09:37] - corrId_5ba193c14d4777.22632465 - Executing query 
[19/09/2018 02:09:39] - corrId_5ba193c3607609.39723769 - Reached GetAllItemsService API 
[19/09/2018 02:09:39] - corrId_5ba193c3607609.39723769 - Processing GetAllDiscounts request. 
[19/09/2018 02:09:39] - corrId_5ba193c3607609.39723769 - Token validated. 
[19/09/2018 02:09:39] - corrId_5ba193c3607609.39723769 - Establishing connection to DB 
[19/09/2018 02:09:39] - corrId_5ba193c3607609.39723769 - Executing query 
[19/09/2018 02:10:59] - corrId_5ba1941376f270.89841912 - Reached CustomerManagementService API 
[19/09/2018 02:10:59] - corrId_5ba1941376f270.89841912 - Processing GetAllCustomersWithPremiumCode request. 
[19/09/2018 02:10:59] - corrId_5ba1941376f270.89841912 - Token validated. 
[19/09/2018 02:10:59] - corrId_5ba1941376f270.89841912 - Establishing connection to DB 
[19/09/2018 02:10:59] - corrId_5ba1941376f270.89841912 - Executing query 
[19/09/2018 02:11:01] - corrId_5ba1941563b5b2.94747721 - Reached GetAllItemsService API 
[19/09/2018 02:11:01] - corrId_5ba1941563b5b2.94747721 - Processing GetAllDiscounts request. 
[19/09/2018 02:11:01] - corrId_5ba1941563b5b2.94747721 - Token validated. 
[19/09/2018 02:11:01] - corrId_5ba1941563b5b2.94747721 - Establishing connection to DB 
[19/09/2018 02:11:01] - corrId_5ba1941563b5b2.94747721 - Executing query 
[19/09/2018 09:35:23] - corrId_5ba1fc3b8b7a86.28075208 - Reached AuthenticationService API 
[19/09/2018 09:35:23] - corrId_5ba1fc3b8b7a86.28075208 - Processing Login request. 
[19/09/2018 09:35:23] - corrId_5ba1fc3b8b7a86.28075208 - Establishing connection to DB 
[19/09/2018 09:35:23] - corrId_5ba1fc3b8b7a86.28075208 - Executing query 
[19/09/2018 09:35:23] - corrId_5ba1fc3b8b7a86.28075208 - User  validated, generating Token. 
[19/09/2018 09:35:23] - corrId_5ba1fc3b8b7a86.28075208 - Token generated succesfully. SizKILRFv7hRfOGQBmb4JLMZlcwYEv1I3URIKzbQNp7UYjyzkXptT2Y2QlFTr1Zobsxj1DXUO/F/azOWmakUCvyqCrzF5wR45S90tudnTpS5B4aXIjlgOWA3RAArepQ6n9XWyWotCYdfVm5lybK1URFxKqlTXpd3q0wZdpTRGbJceyzTyOhsg+3XoH41zlZ0eZXC660C4KxBuwFYG4dE3IkXtxg66aHcAcPqX2qBzDhbdE/cfwxWwvr2Bu1Oz0QYaX4/3NRF9djx1n9m/otQbEFjtn4XsFhOFmG30n4PcTI8wXPzxm/waElwFXqpafElJvaHFkRClq8P8HhE3bM9sG3F8CQ4FotzAJ8TbfAh+Fk= 
[19/09/2018 09:35:25] - corrId_5ba1fc3d1fdf00.01522698 - Reached AccountManagementService API 
[19/09/2018 09:35:25] - corrId_5ba1fc3d1fdf00.01522698 - Processing GetCities request. 
[19/09/2018 09:35:25] - corrId_5ba1fc3d1fdf00.01522698 - Token validated. 
[19/09/2018 09:35:25] - corrId_5ba1fc3d1fdf00.01522698 - Query: SELECT *
            FROM citta 
[19/09/2018 09:35:25] - corrId_5ba1fc3d1fdf00.01522698 - Establishing connection to DB 
[19/09/2018 09:35:25] - corrId_5ba1fc3d1fdf00.01522698 - Executing query 
[19/09/2018 09:35:25] - corrId_5ba1fc3d948a71.20818372 - Reached CustomerManagementService API 
[19/09/2018 09:35:25] - corrId_5ba1fc3d948a71.20818372 - Processing GetAllCustomersWithPremiumCode request. 
[19/09/2018 09:35:25] - corrId_5ba1fc3d948a71.20818372 - Token validated. 
[19/09/2018 09:35:25] - corrId_5ba1fc3d948a71.20818372 - Establishing connection to DB 
[19/09/2018 09:35:25] - corrId_5ba1fc3d948a71.20818372 - Executing query 
[19/09/2018 09:35:28] - corrId_5ba1fc40f3eae5.36833228 - Reached GetAllItemsService API 
[19/09/2018 09:35:29] - corrId_5ba1fc40f3eae5.36833228 - Processing GetAllDiscounts request. 
[19/09/2018 09:35:29] - corrId_5ba1fc40f3eae5.36833228 - Token validated. 
[19/09/2018 09:35:29] - corrId_5ba1fc40f3eae5.36833228 - Establishing connection to DB 
[19/09/2018 09:35:29] - corrId_5ba1fc40f3eae5.36833228 - Executing query 
[19/09/2018 12:45:51] - corrId_5ba228df1256d3.81232833 - Reached AuthenticationService API 
[19/09/2018 12:45:51] - corrId_5ba228df1256d3.81232833 - Processing Login request. 
[19/09/2018 12:45:51] - corrId_5ba228df1256d3.81232833 - Establishing connection to DB 
[19/09/2018 12:45:51] - corrId_5ba228df1256d3.81232833 - Executing query 
[19/09/2018 12:45:51] - corrId_5ba228df1256d3.81232833 - User  validated, generating Token. 
[19/09/2018 12:45:51] - corrId_5ba228df1256d3.81232833 - Token generated succesfully. SizKILRFv7hRfOGQBmb4JLMZlcwYEv1I3URIKzbQNp7UYjyzkXptT2Y2QlFTr1Zobsxj1DXUO/F/azOWmakUCvyqCrzF5wR45S90tudnTpS5B4aXIjlgOWA3RAArepQ6n9XWyWotCYdfVm5lybK1URFxKqlTXpd3q0wZdpTRGbJceyzTyOhsg+3XoH41zlZ0eZXC660C4KxBuwFYG4dE3IkXtxg66aHcAcPqX2qBzDhbdE/cfwxWwvr2Bu1Oz0QYaX4/3NRF9djx1n9m/otQbEFjtn4XsFhOFmG30n4PcTI8wXPzxm/waElwFXqpafElJvaHFkRClq8P8HhE3bM9sG3F8CQ4FotzAJ8TbfAh+Fk= 
[19/09/2018 12:45:52] - corrId_5ba228e0eb7222.88209066 - Reached CustomerManagementService API 
[19/09/2018 12:45:52] - corrId_5ba228e0eb7222.88209066 - Processing GetAllCustomersWithPremiumCode request. 
[19/09/2018 12:45:52] - corrId_5ba228e0eb7222.88209066 - Token validated. 
[19/09/2018 12:45:52] - corrId_5ba228e0eb7222.88209066 - Establishing connection to DB 
[19/09/2018 12:45:52] - corrId_5ba228e0eb7222.88209066 - Executing query 
[19/09/2018 12:46:05] - corrId_5ba228edef7c48.55156006 - Reached GetAllItemsService API 
[19/09/2018 12:46:05] - corrId_5ba228edef7c48.55156006 - Processing GetAllDiscounts request. 
[19/09/2018 12:46:05] - corrId_5ba228edef7c48.55156006 - Token validated. 
[19/09/2018 12:46:05] - corrId_5ba228edef7c48.55156006 - Establishing connection to DB 
[19/09/2018 12:46:05] - corrId_5ba228edef7c48.55156006 - Executing query 
[19/09/2018 12:46:09] - corrId_5ba228f108af01.02314817 - Reached CustomerManagementService API 
[19/09/2018 12:46:09] - corrId_5ba228f108af01.02314817 - Processing EditCustomer request. 
[19/09/2018 12:46:09] - corrId_5ba228f108af01.02314817 - Token validated. 
[19/09/2018 12:46:09] - corrId_5ba228f108af01.02314817 - Establishing connection to DB 
[19/09/2018 12:46:09] - corrId_5ba228f108af01.02314817 - Executing query 
[19/09/2018 12:46:09] - corrId_5ba228f1823a72.93275273 - Reached CustomerManagementService API 
[19/09/2018 12:46:09] - corrId_5ba228f1823a72.93275273 - Processing GetAllCustomersWithPremiumCode request. 
[19/09/2018 12:46:09] - corrId_5ba228f1823a72.93275273 - Token validated. 
[19/09/2018 12:46:09] - corrId_5ba228f1823a72.93275273 - Establishing connection to DB 
[19/09/2018 12:46:09] - corrId_5ba228f1823a72.93275273 - Executing query 
[19/09/2018 12:46:15] - corrId_5ba228f752b476.31380258 - Reached GetAllItemsService API 
[19/09/2018 12:46:15] - corrId_5ba228f752b476.31380258 - Processing GetAllDiscounts request. 
[19/09/2018 12:46:15] - corrId_5ba228f752b476.31380258 - Token validated. 
[19/09/2018 12:46:15] - corrId_5ba228f752b476.31380258 - Establishing connection to DB 
[19/09/2018 12:46:15] - corrId_5ba228f752b476.31380258 - Executing query 
[19/09/2018 12:46:36] - corrId_5ba2290cd6aef0.42911906 - Reached GetAllItemsService API 
[19/09/2018 12:46:36] - corrId_5ba2290cd6aef0.42911906 - Processing GetAllDiscounts request. 
[19/09/2018 12:46:36] - corrId_5ba2290cd6aef0.42911906 - Token validated. 
[19/09/2018 12:46:36] - corrId_5ba2290cd6aef0.42911906 - Establishing connection to DB 
[19/09/2018 12:46:36] - corrId_5ba2290cd6aef0.42911906 - Executing query 
[19/09/2018 12:46:38] - corrId_5ba2290e726297.89735566 - Reached GetAllItemsService API 
[19/09/2018 12:46:38] - corrId_5ba2290e726297.89735566 - Processing GetAllDiscounts request. 
[19/09/2018 12:46:38] - corrId_5ba2290e726297.89735566 - Token validated. 
[19/09/2018 12:46:38] - corrId_5ba2290e726297.89735566 - Establishing connection to DB 
[19/09/2018 12:46:38] - corrId_5ba2290e726297.89735566 - Executing query 
[19/09/2018 12:46:40] - corrId_5ba229109b1d16.21492428 - Reached GetAllItemsService API 
[19/09/2018 12:46:40] - corrId_5ba229109b1d16.21492428 - Processing GetAllDiscounts request. 
[19/09/2018 12:46:40] - corrId_5ba229109b1d16.21492428 - Token validated. 
[19/09/2018 12:46:40] - corrId_5ba229109b1d16.21492428 - Establishing connection to DB 
[19/09/2018 12:46:40] - corrId_5ba229109b1d16.21492428 - Executing query 
[19/09/2018 12:47:41] - corrId_5ba2294d387f36.66710902 - Reached CustomerManagementService API 
[19/09/2018 12:47:41] - corrId_5ba2294d387f36.66710902 - Processing GetAllCustomersWithPremiumCode request. 
[19/09/2018 12:47:41] - corrId_5ba2294d387f36.66710902 - Token validated. 
[19/09/2018 12:47:41] - corrId_5ba2294d387f36.66710902 - Establishing connection to DB 
[19/09/2018 12:47:41] - corrId_5ba2294d387f36.66710902 - Executing query 
[19/09/2018 12:47:43] - corrId_5ba2294f83aee5.73595512 - Reached GetAllItemsService API 
[19/09/2018 12:47:43] - corrId_5ba2294f83aee5.73595512 - Processing GetAllDiscounts request. 
[19/09/2018 12:47:43] - corrId_5ba2294f83aee5.73595512 - Token validated. 
[19/09/2018 12:47:43] - corrId_5ba2294f83aee5.73595512 - Establishing connection to DB 
[19/09/2018 12:47:43] - corrId_5ba2294f83aee5.73595512 - Executing query 
[19/09/2018 12:47:46] - corrId_5ba22952080974.73254982 - Reached GetAllItemsService API 
[19/09/2018 12:47:46] - corrId_5ba22952080974.73254982 - Processing GetAllDiscounts request. 
[19/09/2018 12:47:46] - corrId_5ba22952080974.73254982 - Token validated. 
[19/09/2018 12:47:46] - corrId_5ba22952080974.73254982 - Establishing connection to DB 
[19/09/2018 12:47:46] - corrId_5ba22952080974.73254982 - Executing query 
[19/09/2018 12:47:48] - corrId_5ba2295446b759.26673116 - Reached GetAllItemsService API 
[19/09/2018 12:47:48] - corrId_5ba2295446b759.26673116 - Processing GetAllDiscounts request. 
[19/09/2018 12:47:48] - corrId_5ba2295446b759.26673116 - Token validated. 
[19/09/2018 12:47:48] - corrId_5ba2295446b759.26673116 - Establishing connection to DB 
[19/09/2018 12:47:48] - corrId_5ba2295446b759.26673116 - Executing query 
[19/09/2018 12:48:41] - corrId_5ba22989721355.26741448 - Reached CustomerManagementService API 
[19/09/2018 12:48:41] - corrId_5ba22989721355.26741448 - Processing GetAllCustomersWithPremiumCode request. 
[19/09/2018 12:48:41] - corrId_5ba22989721355.26741448 - Token validated. 
[19/09/2018 12:48:41] - corrId_5ba22989721355.26741448 - Establishing connection to DB 
[19/09/2018 12:48:41] - corrId_5ba22989721355.26741448 - Executing query 
[19/09/2018 12:48:43] - corrId_5ba2298bbc3986.70593356 - Reached GetAllItemsService API 
[19/09/2018 12:48:43] - corrId_5ba2298bbc3986.70593356 - Processing GetAllDiscounts request. 
[19/09/2018 12:48:43] - corrId_5ba2298bbc3986.70593356 - Token validated. 
[19/09/2018 12:48:43] - corrId_5ba2298bbc3986.70593356 - Establishing connection to DB 
[19/09/2018 12:48:43] - corrId_5ba2298bbc3986.70593356 - Executing query 
[19/09/2018 12:48:53] - corrId_5ba22995191ce1.27092106 - Reached GetAllItemsService API 
[19/09/2018 12:48:53] - corrId_5ba22995191ce1.27092106 - Processing GetAllDiscounts request. 
[19/09/2018 12:48:53] - corrId_5ba22995191ce1.27092106 - Token validated. 
[19/09/2018 12:48:53] - corrId_5ba22995191ce1.27092106 - Establishing connection to DB 
[19/09/2018 12:48:53] - corrId_5ba22995191ce1.27092106 - Executing query 
[19/09/2018 12:49:43] - corrId_5ba229c7d683b1.72438566 - Reached CustomerManagementService API 
[19/09/2018 12:49:43] - corrId_5ba229c7d683b1.72438566 - Processing GetAllCustomersWithPremiumCode request. 
[19/09/2018 12:49:43] - corrId_5ba229c7d683b1.72438566 - Token validated. 
[19/09/2018 12:49:43] - corrId_5ba229c7d683b1.72438566 - Establishing connection to DB 
[19/09/2018 12:49:43] - corrId_5ba229c7d683b1.72438566 - Executing query 
[19/09/2018 12:49:56] - corrId_5ba229d4366f81.82504349 - Reached CustomerManagementService API 
[19/09/2018 12:49:56] - corrId_5ba229d4366f81.82504349 - Processing GetAllCustomersWithPremiumCode request. 
[19/09/2018 12:49:56] - corrId_5ba229d4366f81.82504349 - Token validated. 
[19/09/2018 12:49:56] - corrId_5ba229d4366f81.82504349 - Establishing connection to DB 
[19/09/2018 12:49:56] - corrId_5ba229d4366f81.82504349 - Executing query 
[19/09/2018 12:50:08] - corrId_5ba229e0306516.54347674 - Reached CustomerManagementService API 
[19/09/2018 12:50:08] - corrId_5ba229e0306516.54347674 - Processing GetAllCustomersWithPremiumCode request. 
[19/09/2018 12:50:08] - corrId_5ba229e0306516.54347674 - Token validated. 
[19/09/2018 12:50:08] - corrId_5ba229e0306516.54347674 - Establishing connection to DB 
[19/09/2018 12:50:08] - corrId_5ba229e0306516.54347674 - Executing query 
[19/09/2018 12:50:25] - corrId_5ba229f1abf944.23862923 - Reached CustomerManagementService API 
[19/09/2018 12:50:25] - corrId_5ba229f1abf944.23862923 - Processing GetAllCustomersWithPremiumCode request. 
[19/09/2018 12:50:25] - corrId_5ba229f1abf944.23862923 - Token validated. 
[19/09/2018 12:50:25] - corrId_5ba229f1abf944.23862923 - Establishing connection to DB 
[19/09/2018 12:50:25] - corrId_5ba229f1abf944.23862923 - Executing query 
[19/09/2018 12:50:51] - corrId_5ba22a0b89e6f2.82496464 - Reached CustomerManagementService API 
[19/09/2018 12:50:51] - corrId_5ba22a0b89e6f2.82496464 - Processing GetAllCustomersWithPremiumCode request. 
[19/09/2018 12:50:51] - corrId_5ba22a0b89e6f2.82496464 - Token validated. 
[19/09/2018 12:50:51] - corrId_5ba22a0b89e6f2.82496464 - Establishing connection to DB 
[19/09/2018 12:50:51] - corrId_5ba22a0b89e6f2.82496464 - Executing query 
[19/09/2018 12:50:53] - corrId_5ba22a0d74f8b5.61740910 - Reached GetAllItemsService API 
[19/09/2018 12:50:53] - corrId_5ba22a0d74f8b5.61740910 - Processing GetAllDiscounts request. 
[19/09/2018 12:50:53] - corrId_5ba22a0d74f8b5.61740910 - Token validated. 
[19/09/2018 12:50:53] - corrId_5ba22a0d74f8b5.61740910 - Establishing connection to DB 
[19/09/2018 12:50:53] - corrId_5ba22a0d74f8b5.61740910 - Executing query 
[19/09/2018 12:55:30] - corrId_5ba22b228ccec2.73519566 - Reached CustomerManagementService API 
[19/09/2018 12:55:30] - corrId_5ba22b228ccec2.73519566 - Processing GetAllCustomersWithPremiumCode request. 
[19/09/2018 12:55:30] - corrId_5ba22b228ccec2.73519566 - Token validated. 
[19/09/2018 12:55:30] - corrId_5ba22b228ccec2.73519566 - Establishing connection to DB 
[19/09/2018 12:55:30] - corrId_5ba22b228ccec2.73519566 - Executing query 
[19/09/2018 12:55:34] - corrId_5ba22b26d4b4e6.11343485 - Reached GetAllItemsService API 
[19/09/2018 12:55:34] - corrId_5ba22b26d4b4e6.11343485 - Processing GetAllDiscounts request. 
[19/09/2018 12:55:34] - corrId_5ba22b26d4b4e6.11343485 - Token validated. 
[19/09/2018 12:55:34] - corrId_5ba22b26d4b4e6.11343485 - Establishing connection to DB 
[19/09/2018 12:55:34] - corrId_5ba22b26d4b4e6.11343485 - Executing query 
[19/09/2018 12:55:39] - corrId_5ba22b2bb6dca0.24071028 - Reached GetAllItemsService API 
[19/09/2018 12:55:39] - corrId_5ba22b2bb6dca0.24071028 - Processing GetAllDiscounts request. 
[19/09/2018 12:55:39] - corrId_5ba22b2bb6dca0.24071028 - Token validated. 
[19/09/2018 12:55:39] - corrId_5ba22b2bb6dca0.24071028 - Establishing connection to DB 
[19/09/2018 12:55:39] - corrId_5ba22b2bb6dca0.24071028 - Executing query 
[19/09/2018 12:55:45] - corrId_5ba22b31da0b39.41699203 - Reached GetAllItemsService API 
[19/09/2018 12:55:45] - corrId_5ba22b31da0b39.41699203 - Processing GetAllDiscounts request. 
[19/09/2018 12:55:45] - corrId_5ba22b31da0b39.41699203 - Token validated. 
[19/09/2018 12:55:45] - corrId_5ba22b31da0b39.41699203 - Establishing connection to DB 
[19/09/2018 12:55:45] - corrId_5ba22b31da0b39.41699203 - Executing query 
[19/09/2018 12:56:52] - corrId_5ba22b74b8e695.88726774 - Reached GetAllItemsService API 
[19/09/2018 12:56:52] - corrId_5ba22b74b8e695.88726774 - Processing GetAllDiscounts request. 
[19/09/2018 12:56:52] - corrId_5ba22b74b8e695.88726774 - Token validated. 
[19/09/2018 12:56:52] - corrId_5ba22b74b8e695.88726774 - Establishing connection to DB 
[19/09/2018 12:56:52] - corrId_5ba22b74b8e695.88726774 - Executing query 
[19/09/2018 14:44:57] - corrId_5ba244c9b798f9.93776952 - Reached CustomerManagementService API 
[19/09/2018 14:44:57] - corrId_5ba244c9b79b28.04699577 - Processing GetAllCustomersWithPremiumCode request. 
[19/09/2018 14:44:57] - corrId_5ba244c9b798f9.93776952 - Processing GetAllCustomersWithPremiumCode request. 
[19/09/2018 14:44:57] - corrId_5ba244c9b79b28.04699577 - Token validated. 
[19/09/2018 14:44:57] - corrId_5ba244c9b79b28.04699577 - Establishing connection to DB 
[19/09/2018 14:44:57] - corrId_5ba244c9b798f9.93776952 - Establishing connection to DB 
[19/09/2018 14:44:57] - corrId_5ba244c9b79b28.04699577 - Executing query 
[19/09/2018 14:44:57] - corrId_5ba244c9b798f9.93776952 - Executing query 
[19/09/2018 14:45:19] - corrId_5ba244dfbeb8e8.34320571 - Reached CustomerManagementService API 
[19/09/2018 14:45:19] - corrId_5ba244dfbeb8e8.34320571 - Processing GetAllCustomersWithPremiumCode request. 
[19/09/2018 14:45:19] - corrId_5ba244dfbeb8e8.34320571 - Token validated. 
[19/09/2018 14:45:19] - corrId_5ba244dfbeb8e8.34320571 - Establishing connection to DB 
[19/09/2018 14:45:19] - corrId_5ba244dfbeb8e8.34320571 - Executing query 
[19/09/2018 14:45:19] - corrId_5ba244dfd301a2.79099963 - Reached CustomerManagementService API 
[19/09/2018 14:45:19] - corrId_5ba244dfd301a2.79099963 - Processing GetAllCustomersWithPremiumCode request. 
[19/09/2018 14:45:19] - corrId_5ba244dfd301a2.79099963 - Token validated. 
[19/09/2018 14:45:19] - corrId_5ba244dfd301a2.79099963 - Establishing connection to DB 
[19/09/2018 14:45:19] - corrId_5ba244dfd301a2.79099963 - Executing query 
[19/09/2018 14:45:24] - corrId_5ba244e4d5ac92.30443157 - Reached AccountManagementService API 
[19/09/2018 14:45:24] - corrId_5ba244e4d5ac92.30443157 - Processing GetCities request. 
[19/09/2018 14:45:24] - corrId_5ba244e4d5ac92.30443157 - Token validated. 
[19/09/2018 14:45:24] - corrId_5ba244e4d5ac92.30443157 - Query: SELECT *
            FROM citta 
[19/09/2018 14:45:24] - corrId_5ba244e4d5ac92.30443157 - Establishing connection to DB 
[19/09/2018 14:45:24] - corrId_5ba244e4d5ac92.30443157 - Executing query 
[19/09/2018 14:45:25] - corrId_5ba244e5661452.52831947 - Reached AccountManagementService API 
[19/09/2018 14:45:25] - corrId_5ba244e5661452.52831947 - Processing GetStores request. 
[19/09/2018 14:45:25] - corrId_5ba244e5661452.52831947 - Token validated. 
[19/09/2018 14:45:25] - corrId_5ba244e5661452.52831947 - Query: SELECT *
            FROM punto_vendita 
             
[19/09/2018 14:45:25] - corrId_5ba244e5661452.52831947 - Establishing connection to DB 
[19/09/2018 14:45:25] - corrId_5ba244e5661452.52831947 - Executing query 
[19/09/2018 14:45:25] - corrId_5ba244e5d13fc9.24559232 - Reached AccountManagementService API 
[19/09/2018 14:45:25] - corrId_5ba244e5d13fc9.24559232 - Processing GetEmployees request. 
[19/09/2018 14:45:25] - corrId_5ba244e5d13fc9.24559232 - Token validated. 
[19/09/2018 14:45:25] - corrId_5ba244e5d13fc9.24559232 - Query: SELECT dip.id_dipendente, dip.nome as dipendente_nome, dip.cognome as dipendente_cognome,
                dip.username as dipendente_username, del.nome as delega_nome, del.codice as delega_codice,
                pv.nome as punto_vendita_nome, dip.id_punto_vendita as punto_vendita_id
            FROM dipendente as dip
            INNER JOIN delega as del
            ON dip.id_delega = del.id_delega
            INNER JOIN punto_vendita as pv
            ON dip.id_punto_vendita = pv.id_punto_vendita 
             
[19/09/2018 14:45:25] - corrId_5ba244e5d13fc9.24559232 - Establishing connection to DB 
[19/09/2018 14:45:25] - corrId_5ba244e5d13fc9.24559232 - Executing query 
[19/09/2018 14:45:27] - corrId_5ba244e70b7b97.47130301 - Reached CustomerManagementService API 
[19/09/2018 14:45:27] - corrId_5ba244e70b7b97.47130301 - Processing GetAllCustomersWithPremiumCode request. 
[19/09/2018 14:45:27] - corrId_5ba244e70b7b97.47130301 - Token validated. 
[19/09/2018 14:45:27] - corrId_5ba244e70b7b97.47130301 - Establishing connection to DB 
[19/09/2018 14:45:27] - corrId_5ba244e70b7b97.47130301 - Executing query 
[19/09/2018 14:45:28] - corrId_5ba244e82e0b70.52191747 - Reached AccountManagementService API 
[19/09/2018 14:45:28] - corrId_5ba244e82e0b70.52191747 - Processing GetCities request. 
[19/09/2018 14:45:28] - corrId_5ba244e82e0b70.52191747 - Token validated. 
[19/09/2018 14:45:28] - corrId_5ba244e82e0b70.52191747 - Query: SELECT *
            FROM citta 
[19/09/2018 14:45:28] - corrId_5ba244e82e0b70.52191747 - Establishing connection to DB 
[19/09/2018 14:45:28] - corrId_5ba244e82e0b70.52191747 - Executing query 
[19/09/2018 14:45:28] - corrId_5ba244e8b4aed9.69690526 - Reached AccountManagementService API 
[19/09/2018 14:45:28] - corrId_5ba244e8b4aed9.69690526 - Processing GetStores request. 
[19/09/2018 14:45:28] - corrId_5ba244e8b4aed9.69690526 - Token validated. 
[19/09/2018 14:45:28] - corrId_5ba244e8b4aed9.69690526 - Query: SELECT *
            FROM punto_vendita 
             
[19/09/2018 14:45:28] - corrId_5ba244e8b4aed9.69690526 - Establishing connection to DB 
[19/09/2018 14:45:28] - corrId_5ba244e8b4aed9.69690526 - Executing query 
[19/09/2018 14:45:29] - corrId_5ba244e92abca6.10492989 - Reached AccountManagementService API 
[19/09/2018 14:45:29] - corrId_5ba244e92abca6.10492989 - Processing GetEmployees request. 
[19/09/2018 14:45:29] - corrId_5ba244e92abca6.10492989 - Token validated. 
[19/09/2018 14:45:29] - corrId_5ba244e92abca6.10492989 - Query: SELECT dip.id_dipendente, dip.nome as dipendente_nome, dip.cognome as dipendente_cognome,
                dip.username as dipendente_username, del.nome as delega_nome, del.codice as delega_codice,
                pv.nome as punto_vendita_nome, dip.id_punto_vendita as punto_vendita_id
            FROM dipendente as dip
            INNER JOIN delega as del
            ON dip.id_delega = del.id_delega
            INNER JOIN punto_vendita as pv
            ON dip.id_punto_vendita = pv.id_punto_vendita 
             
[19/09/2018 14:45:29] - corrId_5ba244e92abca6.10492989 - Establishing connection to DB 
[19/09/2018 14:45:29] - corrId_5ba244e92abca6.10492989 - Executing query 
[19/09/2018 14:45:31] - corrId_5ba244ebc0ee13.66486185 - Reached CustomerManagementService API 
[19/09/2018 14:45:31] - corrId_5ba244ebc0ee13.66486185 - Processing GetAllCustomersWithPremiumCode request. 
[19/09/2018 14:45:31] - corrId_5ba244ebc0ee13.66486185 - Token validated. 
[19/09/2018 14:45:31] - corrId_5ba244ebc0ee13.66486185 - Establishing connection to DB 
[19/09/2018 14:45:31] - corrId_5ba244ebc0ee13.66486185 - Executing query 
[19/09/2018 14:45:32] - corrId_5ba244ecaad558.13033149 - Reached AccountManagementService API 
[19/09/2018 14:45:32] - corrId_5ba244ecaad558.13033149 - Processing GetCities request. 
[19/09/2018 14:45:32] - corrId_5ba244ecaad558.13033149 - Token validated. 
[19/09/2018 14:45:32] - corrId_5ba244ecaad558.13033149 - Query: SELECT *
            FROM citta 
[19/09/2018 14:45:32] - corrId_5ba244ecaad558.13033149 - Establishing connection to DB 
[19/09/2018 14:45:32] - corrId_5ba244ecaad558.13033149 - Executing query 
[19/09/2018 14:45:33] - corrId_5ba244ed3cc420.56997761 - Reached AccountManagementService API 
[19/09/2018 14:45:33] - corrId_5ba244ed3cc420.56997761 - Processing GetStores request. 
[19/09/2018 14:45:33] - corrId_5ba244ed3cc420.56997761 - Token validated. 
[19/09/2018 14:45:33] - corrId_5ba244ed3cc420.56997761 - Query: SELECT *
            FROM punto_vendita 
             
[19/09/2018 14:45:33] - corrId_5ba244ed3cc420.56997761 - Establishing connection to DB 
[19/09/2018 14:45:33] - corrId_5ba244ed3cc420.56997761 - Executing query 
[19/09/2018 14:45:33] - corrId_5ba244eda7f592.63942599 - Reached AccountManagementService API 
[19/09/2018 14:45:33] - corrId_5ba244eda7f592.63942599 - Processing GetEmployees request. 
[19/09/2018 14:45:33] - corrId_5ba244eda7f592.63942599 - Token validated. 
[19/09/2018 14:45:33] - corrId_5ba244eda7f592.63942599 - Query: SELECT dip.id_dipendente, dip.nome as dipendente_nome, dip.cognome as dipendente_cognome,
                dip.username as dipendente_username, del.nome as delega_nome, del.codice as delega_codice,
                pv.nome as punto_vendita_nome, dip.id_punto_vendita as punto_vendita_id
            FROM dipendente as dip
            INNER JOIN delega as del
            ON dip.id_delega = del.id_delega
            INNER JOIN punto_vendita as pv
            ON dip.id_punto_vendita = pv.id_punto_vendita 
             
[19/09/2018 14:45:33] - corrId_5ba244eda7f592.63942599 - Establishing connection to DB 
[19/09/2018 14:45:33] - corrId_5ba244eda7f592.63942599 - Executing query 
[19/09/2018 14:45:38] - corrId_5ba244f22edc26.03336572 - Reached GetAllItemsService API 
[19/09/2018 14:45:38] - corrId_5ba244f22edc26.03336572 - Processing GetAllRoles request. 
[19/09/2018 14:45:38] - corrId_5ba244f22f8bb7.47115149 - Reached GetAllItemsService API 
[19/09/2018 14:45:38] - corrId_5ba244f22f8bb7.47115149 - Processing GetAllStores request. 
[19/09/2018 14:45:38] - corrId_5ba244f22f8bb7.47115149 - Token validated. 
[19/09/2018 14:45:38] - corrId_5ba244f22edc26.03336572 - Establishing connection to DB 
[19/09/2018 14:45:38] - corrId_5ba244f22edc26.03336572 - Executing query 
[19/09/2018 14:45:38] - corrId_5ba244f22f8bb7.47115149 - Establishing connection to DB 
[19/09/2018 14:45:38] - corrId_5ba244f22f8bb7.47115149 - Executing query 
[19/09/2018 14:45:43] - corrId_5ba244f779cef2.74615386 - Reached GetAllItemsService API 
[19/09/2018 14:45:43] - corrId_5ba244f779e0c6.86134609 - Reached GetAllItemsService API 
[19/09/2018 14:45:43] - corrId_5ba244f779cef2.74615386 - Processing GetAllStores request. 
[19/09/2018 14:45:43] - corrId_5ba244f779cef2.74615386 - Token validated. 
les request. 
[19/09/2018 14:45:43] - corrId_5ba244f779e0c6.86134609 - Token validated. 
[19/09/2018 14:45:43] - corrId_5ba244f779cef2.74615386 - Establishing connection to DB 
[19/09/2018 14:45:43] - corrId_5ba244f779e0c6.86134609 - Establishing connection to DB 
[19/09/2018 14:45:43] - corrId_5ba244f779cef2.74615386 - Executing query 
[19/09/2018 14:45:43] - corrId_5ba244f779e0c6.86134609 - Executing query 
[19/09/2018 14:45:45] - corrId_5ba244f9bd8793.07001911 - Reached GetAllItemsService API 
[19/09/2018 14:45:45] - corrId_5ba244f9bd9b62.48896765 - Reached GetAllItemsService API 
[19/09/2018 14:45:45] - corrId_5ba244f9bd8793.07001911 - Processing GetAllStores request. 
[19/09/2018 14:45:45] - corrId_5ba244f9bd9b62.48896765 - Processing GetAllRoles request. 
[19/09/2018 14:45:45] - corrId_5ba244f9bd8793.07001911 - Token validated. 
[19/09/2018 14:45:45] - corrId_5ba244f9bd9b62.48896765 - Token validated. 
[19/09/2018 14:45:45] - corrId_5ba244f9bd8793.07001911 - Establishing connection to DB 
[19/09/2018 14:45:45] - corrId_5ba244f9bd9b62.48896765 - Establishing connection to DB 
[19/09/2018 14:45:45] - corrId_5ba244f9bd8793.07001911 - Executing query 
[19/09/2018 14:45:45] - corrId_5ba244f9bd9b62.48896765 - Executing query 
[19/09/2018 14:45:48] - corrId_5ba244fc985bc2.02375571 - Reached GetAllItemsService API 
[19/09/2018 14:45:48] - corrId_5ba244fc987542.26321321 - Reached GetAllItemsService API 
[19/09/2018 14:45:48] - corrId_5ba244fc985bc2.02375571 - Processing GetAllRoles request. 
[19/09/2018 14:45:48] - corrId_5ba244fc987542.26321321 - Processing GetAllStores request. 
[19/09/2018 14:45:48] - corrId_5ba244fc987542.26321321 - Token validated. 
[19/09/2018 14:45:48] - corrId_5ba244fc985bc2.02375571 - Establishing connection to DB 
[19/09/2018 14:45:48] - corrId_5ba244fc987542.26321321 - Establishing connection to DB 
[19/09/2018 14:45:48] - corrId_5ba244fc985bc2.02375571 - Executing query 
[19/09/2018 14:45:48] - corrId_5ba244fc987542.26321321 - Executing query 
[19/09/2018 14:45:53] - corrId_5ba245019b0717.65448369 - Reached GetAllItemsService API 
[19/09/2018 14:45:53] - corrId_5ba245019b14b4.22823537 - Reached GetAllItemsService API 
[19/09/2018 14:45:53] - corrId_5ba245019b0717.65448369 - Processing GetAllStores request. 
[19/09/2018 14:45:53] - corrId_5ba245019b14b4.22823537 - Processing GetAllRoles request. 
[19/09/2018 14:45:53] - corrId_5ba245019b14b4.22823537 - Token validated. 
[19/09/2018 14:45:53] - corrId_5ba245019b0717.65448369 - Establishing connection to DB 
[19/09/2018 14:45:53] - corrId_5ba245019b14b4.22823537 - Establishing connection to DB 
[19/09/2018 14:45:53] - corrId_5ba245019b14b4.22823537 - Executing query 
[19/09/2018 14:45:53] - corrId_5ba245019b0717.65448369 - Executing query 
[19/09/2018 14:46:07] - corrId_5ba2450f662ca5.48899416 - Reached GetAllItemsService API 
[19/09/2018 14:46:07] - corrId_5ba2450f663fa1.05897581 - Reached GetAllItemsService API 
[19/09/2018 14:46:07] - corrId_5ba2450f662ca5.48899416 - Processing GetAllStores request. 
[19/09/2018 14:46:07] - corrId_5ba2450f663fa1.05897581 - Processing GetAllRoles request. 
[19/09/2018 14:46:07] - corrId_5ba2450f663fa1.05897581 - Token validated. 
[19/09/2018 14:46:07] - corrId_5ba2450f662ca5.48899416 - Establishing connection to DB 
[19/09/2018 14:46:07] - corrId_5ba2450f663fa1.05897581 - Establishing connection to DB 
[19/09/2018 14:46:07] - corrId_5ba2450f662ca5.48899416 - Executing query 
[19/09/2018 14:46:07] - corrId_5ba2450f663fa1.05897581 - Executing query 
[19/09/2018 14:54:21] - corrId_5ba246fd122113.43552698 - Reached StorageManagementService API 
[19/09/2018 14:54:21] - corrId_5ba246fd122113.43552698 - Processing GetVideosInStorage request. 
[19/09/2018 14:54:21] - corrId_5ba246fd122113.43552698 - Token validated. 
[19/09/2018 14:54:21] - corrId_5ba246fd122113.43552698 - Query: SELECT co.id_copia, co.data_scarico, co.danneggiato, co.noleggiato, fi.id_film, fi.titolo, fo.nome
            FROM copia co
            INNER JOIN film fi
            ON co.id_film = fi.id_film
            INNER JOIN fornitore fo
            ON co.id_fornitore = fo.id_fornitore
            WHERE co.id_punto_vendita = 1
            AND co.restituito = 0 
[19/09/2018 14:54:21] - corrId_5ba246fd122113.43552698 - Establishing connection to DB 
[19/09/2018 14:54:21] - corrId_5ba246fd122113.43552698 - Executing query 
[19/09/2018 14:54:42] - corrId_5ba24712f222d8.34894341 - Reached AccountManagementService API 
[19/09/2018 14:54:42] - corrId_5ba24712f222d8.34894341 - Processing GetCities request. 
[19/09/2018 14:54:42] - corrId_5ba24712f222d8.34894341 - Token validated. 
[19/09/2018 14:54:42] - corrId_5ba24712f222d8.34894341 - Query: SELECT *
            FROM citta 
[19/09/2018 14:54:43] - corrId_5ba24712f222d8.34894341 - Establishing connection to DB 
[19/09/2018 14:54:43] - corrId_5ba24712f222d8.34894341 - Executing query 
[19/09/2018 14:54:43] - corrId_5ba24713805477.26160951 - Reached AccountManagementService API 
[19/09/2018 14:54:43] - corrId_5ba24713805477.26160951 - Processing GetStores request. 
[19/09/2018 14:54:43] - corrId_5ba24713805477.26160951 - Token validated. 
[19/09/2018 14:54:43] - corrId_5ba24713805477.26160951 - Query: SELECT *
            FROM punto_vendita 
             
[19/09/2018 14:54:43] - corrId_5ba24713805477.26160951 - Establishing connection to DB 
[19/09/2018 14:54:43] - corrId_5ba24713805477.26160951 - Executing query 
[19/09/2018 14:54:43] - corrId_5ba24713aaa3c1.91309069 - Reached StorageManagementService API 
[19/09/2018 14:54:43] - corrId_5ba24713aaa3c1.91309069 - Processing GetVideosInStorage request. 
[19/09/2018 14:54:43] - corrId_5ba24713aaa3c1.91309069 - Token validated. 
[19/09/2018 14:54:43] - corrId_5ba24713aaa3c1.91309069 - Query: SELECT co.id_copia, co.data_scarico, co.danneggiato, co.noleggiato, fi.id_film, fi.titolo, fo.nome
            FROM copia co
            INNER JOIN film fi
            ON co.id_film = fi.id_film
            INNER JOIN fornitore fo
            ON co.id_fornitore = fo.id_fornitore
            WHERE co.id_punto_vendita = 1
            AND co.restituito = 0 
[19/09/2018 14:54:43] - corrId_5ba24713aaa3c1.91309069 - Establishing connection to DB 
[19/09/2018 14:54:43] - corrId_5ba24713aaa3c1.91309069 - Executing query 
[19/09/2018 14:55:10] - corrId_5ba2472e599b23.40731720 - Reached StorageManagementService API 
[19/09/2018 14:55:10] - corrId_5ba2472e599b23.40731720 - Processing GetVideosInStorage request. 
[19/09/2018 14:55:10] - corrId_5ba2472e599b23.40731720 - Token validated. 
[19/09/2018 14:55:10] - corrId_5ba2472e599b23.40731720 - Query: SELECT co.id_copia, co.data_scarico, co.danneggiato, co.noleggiato, fi.id_film, fi.titolo, fo.nome
            FROM copia co
            INNER JOIN film fi
            ON co.id_film = fi.id_film
            INNER JOIN fornitore fo
            ON co.id_fornitore = fo.id_fornitore
            WHERE co.id_punto_vendita = 1
            AND co.restituito = 0 
[19/09/2018 14:55:10] - corrId_5ba2472e599b23.40731720 - Establishing connection to DB 
[19/09/2018 14:55:10] - corrId_5ba2472e599b23.40731720 - Executing query 
[19/09/2018 14:55:38] - corrId_5ba2474a142677.84438568 - Reached StorageManagementService API 
[19/09/2018 14:55:38] - corrId_5ba2474a142677.84438568 - Processing GetVideosInStorage request. 
[19/09/2018 14:55:38] - corrId_5ba2474a142677.84438568 - Token validated. 
[19/09/2018 14:55:38] - corrId_5ba2474a142677.84438568 - Query: SELECT co.id_copia, co.data_scarico, co.danneggiato, co.noleggiato, fi.id_film, fi.titolo, fo.nome
            FROM copia co
            INNER JOIN film fi
            ON co.id_film = fi.id_film
            INNER JOIN fornitore fo
            ON co.id_fornitore = fo.id_fornitore
            WHERE co.id_punto_vendita = 1
            AND co.restituito = 0 
[19/09/2018 14:55:38] - corrId_5ba2474a142677.84438568 - Establishing connection to DB 
[19/09/2018 14:55:38] - corrId_5ba2474a142677.84438568 - Executing query 
[19/09/2018 14:56:28] - corrId_5ba2477c2c05f8.11625108 - Reached StorageManagementService API 
[19/09/2018 14:56:28] - corrId_5ba2477c2c05f8.11625108 - Processing GetVideosInStorage request. 
[19/09/2018 14:56:28] - corrId_5ba2477c2c05f8.11625108 - Token validated. 
[19/09/2018 14:56:28] - corrId_5ba2477c2c05f8.11625108 - Query: SELECT co.id_copia, co.data_scarico, co.danneggiato, co.noleggiato, fi.id_film, fi.titolo, fo.nome
            FROM copia co
            INNER JOIN film fi
            ON co.id_film = fi.id_film
            INNER JOIN fornitore fo
            ON co.id_fornitore = fo.id_fornitore
            WHERE co.id_punto_vendita = 1
            AND co.restituito = 0 
[19/09/2018 14:56:28] - corrId_5ba2477c2c05f8.11625108 - Establishing connection to DB 
[19/09/2018 14:56:28] - corrId_5ba2477c2c05f8.11625108 - Executing query 
[19/09/2018 14:57:00] - corrId_5ba2479c29f990.96063161 - Reached AccountManagementService API 
[19/09/2018 14:57:00] - corrId_5ba2479c29f990.96063161 - Processing GetCities request. 
[19/09/2018 14:57:00] - corrId_5ba2479c29f990.96063161 - Token validated. 
[19/09/2018 14:57:00] - corrId_5ba2479c29f990.96063161 - Query: SELECT *
            FROM citta 
[19/09/2018 14:57:00] - corrId_5ba2479c29f990.96063161 - Establishing connection to DB 
[19/09/2018 14:57:00] - corrId_5ba2479c29f990.96063161 - Executing query 
[19/09/2018 14:57:00] - corrId_5ba2479cb1bf70.07871146 - Reached AccountManagementService API 
[19/09/2018 14:57:00] - corrId_5ba2479cb1bf70.07871146 - Processing GetStores request. 
[19/09/2018 14:57:00] - corrId_5ba2479cb1bf70.07871146 - Token validated. 
[19/09/2018 14:57:00] - corrId_5ba2479cb1bf70.07871146 - Query: SELECT *
            FROM punto_vendita 
             
[19/09/2018 14:57:00] - corrId_5ba2479cb1bf70.07871146 - Establishing connection to DB 
[19/09/2018 14:57:00] - corrId_5ba2479cb1bf70.07871146 - Executing query 
[19/09/2018 14:57:01] - corrId_5ba2479d2beb76.45760944 - Reached AccountManagementService API 
[19/09/2018 14:57:01] - corrId_5ba2479d2beb76.45760944 - Processing GetEmployees request. 
[19/09/2018 14:57:01] - corrId_5ba2479d2beb76.45760944 - Token validated. 
[19/09/2018 14:57:01] - corrId_5ba2479d2beb76.45760944 - Query: SELECT dip.id_dipendente, dip.nome as dipendente_nome, dip.cognome as dipendente_cognome,
                dip.username as dipendente_username, del.nome as delega_nome, del.codice as delega_codice,
                pv.nome as punto_vendita_nome, dip.id_punto_vendita as punto_vendita_id
            FROM dipendente as dip
            INNER JOIN delega as del
            ON dip.id_delega = del.id_delega
            INNER JOIN punto_vendita as pv
            ON dip.id_punto_vendita = pv.id_punto_vendita 
             
[19/09/2018 14:57:01] - corrId_5ba2479d2beb76.45760944 - Establishing connection to DB 
[19/09/2018 14:57:01] - corrId_5ba2479d2beb76.45760944 - Executing query 
[19/09/2018 14:57:25] - corrId_5ba247b5ec4093.98329409 - Reached CustomerManagementService API 
[19/09/2018 14:57:25] - corrId_5ba247b5ec4093.98329409 - Processing GetAllCustomersWithPremiumCode request. 
[19/09/2018 14:57:25] - corrId_5ba247b5ec4093.98329409 - Token validated. 
[19/09/2018 14:57:25] - corrId_5ba247b5ec4093.98329409 - Establishing connection to DB 
[19/09/2018 14:57:25] - corrId_5ba247b5ec4093.98329409 - Executing query 
[19/09/2018 14:57:28] - corrId_5ba247b85d7668.97084721 - Reached AccountManagementService API 
[19/09/2018 14:57:28] - corrId_5ba247b85d7668.97084721 - Processing GetCities request. 
[19/09/2018 14:57:28] - corrId_5ba247b85d7668.97084721 - Token validated. 
[19/09/2018 14:57:28] - corrId_5ba247b85d7668.97084721 - Query: SELECT *
            FROM citta 
[19/09/2018 14:57:28] - corrId_5ba247b85d7668.97084721 - Establishing connection to DB 
[19/09/2018 14:57:28] - corrId_5ba247b85d7668.97084721 - Executing query 
[19/09/2018 14:57:28] - corrId_5ba247b8e1bad9.94716562 - Reached AccountManagementService API 
[19/09/2018 14:57:28] - corrId_5ba247b8e1bad9.94716562 - Processing GetStores request. 
[19/09/2018 14:57:28] - corrId_5ba247b8e1bad9.94716562 - Token validated. 
[19/09/2018 14:57:28] - corrId_5ba247b8e1bad9.94716562 - Query: SELECT *
            FROM punto_vendita 
             
[19/09/2018 14:57:28] - corrId_5ba247b8e1bad9.94716562 - Establishing connection to DB 
[19/09/2018 14:57:28] - corrId_5ba247b8e1bad9.94716562 - Executing query 
[19/09/2018 14:57:29] - corrId_5ba247b957aa52.54226800 - Reached AccountManagementService API 
[19/09/2018 14:57:29] - corrId_5ba247b957aa52.54226800 - Processing GetEmployees request. 
[19/09/2018 14:57:29] - corrId_5ba247b957aa52.54226800 - Token validated. 
[19/09/2018 14:57:29] - corrId_5ba247b957aa52.54226800 - Query: SELECT dip.id_dipendente, dip.nome as dipendente_nome, dip.cognome as dipendente_cognome,
                dip.username as dipendente_username, del.nome as delega_nome, del.codice as delega_codice,
                pv.nome as punto_vendita_nome, dip.id_punto_vendita as punto_vendita_id
            FROM dipendente as dip
            INNER JOIN delega as del
            ON dip.id_delega = del.id_delega
            INNER JOIN punto_vendita as pv
            ON dip.id_punto_vendita = pv.id_punto_vendita 
             
[19/09/2018 14:57:29] - corrId_5ba247b957aa52.54226800 - Establishing connection to DB 
[19/09/2018 14:57:29] - corrId_5ba247b957aa52.54226800 - Executing query 
[19/09/2018 15:20:57] - corrId_5ba24d39c944b2.61093555 - Reached AccountManagementService API 
[19/09/2018 15:20:57] - corrId_5ba24d39c944b2.61093555 - Processing GetCities request. 
[19/09/2018 15:20:57] - corrId_5ba24d39c944b2.61093555 - Token validated. 
[19/09/2018 15:20:57] - corrId_5ba24d39c944b2.61093555 - Query: SELECT *
            FROM citta 
[19/09/2018 15:20:57] - corrId_5ba24d39c944b2.61093555 - Establishing connection to DB 
[19/09/2018 15:20:57] - corrId_5ba24d39c944b2.61093555 - Executing query 
[19/09/2018 15:20:58] - corrId_5ba24d3a5963c4.10139496 - Reached AccountManagementService API 
[19/09/2018 15:20:58] - corrId_5ba24d3a5963c4.10139496 - Processing GetStores request. 
[19/09/2018 15:20:58] - corrId_5ba24d3a5963c4.10139496 - Token validated. 
[19/09/2018 15:20:58] - corrId_5ba24d3a5963c4.10139496 - Query: SELECT *
            FROM punto_vendita 
             
[19/09/2018 15:20:58] - corrId_5ba24d3a5963c4.10139496 - Establishing connection to DB 
[19/09/2018 15:20:58] - corrId_5ba24d3a5963c4.10139496 - Executing query 
[19/09/2018 15:20:58] - corrId_5ba24d3ac3f693.11363482 - Reached AccountManagementService API 
[19/09/2018 15:20:58] - corrId_5ba24d3ac3f693.11363482 - Processing GetEmployees request. 
[19/09/2018 15:20:58] - corrId_5ba24d3ac3f693.11363482 - Token validated. 
[19/09/2018 15:20:58] - corrId_5ba24d3ac3f693.11363482 - Query: SELECT dip.id_dipendente, dip.nome as dipendente_nome, dip.cognome as dipendente_cognome,
                dip.username as dipendente_username, del.nome as delega_nome, del.codice as delega_codice,
                pv.nome as punto_vendita_nome, dip.id_punto_vendita as punto_vendita_id
            FROM dipendente as dip
            INNER JOIN delega as del
            ON dip.id_delega = del.id_delega
            INNER JOIN punto_vendita as pv
            ON dip.id_punto_vendita = pv.id_punto_vendita 
             
[19/09/2018 15:20:58] - corrId_5ba24d3ac3f693.11363482 - Establishing connection to DB 
[19/09/2018 15:20:58] - corrId_5ba24d3ac3f693.11363482 - Executing query 
[19/09/2018 15:23:51] - corrId_5ba24de7d79730.66495103 - Reached AccountManagementService API 
[19/09/2018 15:23:51] - corrId_5ba24de7d79730.66495103 - Processing GetCities request. 
[19/09/2018 15:23:51] - corrId_5ba24de7d79730.66495103 - Token validated. 
[19/09/2018 15:23:51] - corrId_5ba24de7d79730.66495103 - Query: SELECT *
            FROM citta 
[19/09/2018 15:23:51] - corrId_5ba24de7d79730.66495103 - Establishing connection to DB 
[19/09/2018 15:23:51] - corrId_5ba24de7d79730.66495103 - Executing query 
[19/09/2018 15:23:52] - corrId_5ba24de86898f0.88941307 - Reached AccountManagementService API 
[19/09/2018 15:23:52] - corrId_5ba24de86898f0.88941307 - Processing GetStores request. 
[19/09/2018 15:23:52] - corrId_5ba24de86898f0.88941307 - Token validated. 
[19/09/2018 15:23:52] - corrId_5ba24de86898f0.88941307 - Query: SELECT *
            FROM punto_vendita 
             
[19/09/2018 15:23:52] - corrId_5ba24de86898f0.88941307 - Establishing connection to DB 
[19/09/2018 15:23:52] - corrId_5ba24de86898f0.88941307 - Executing query 
[19/09/2018 15:23:52] - corrId_5ba24de8d3c9e3.33385835 - Reached AccountManagementService API 
[19/09/2018 15:23:52] - corrId_5ba24de8d3c9e3.33385835 - Processing GetEmployees request. 
[19/09/2018 15:23:52] - corrId_5ba24de8d3c9e3.33385835 - Token validated. 
[19/09/2018 15:23:52] - corrId_5ba24de8d3c9e3.33385835 - Query: SELECT dip.id_dipendente, dip.nome as dipendente_nome, dip.cognome as dipendente_cognome,
                dip.username as dipendente_username, del.nome as delega_nome, del.codice as delega_codice,
                pv.nome as punto_vendita_nome, dip.id_punto_vendita as punto_vendita_id
            FROM dipendente as dip
            INNER JOIN delega as del
            ON dip.id_delega = del.id_delega
            INNER JOIN punto_vendita as pv
            ON dip.id_punto_vendita = pv.id_punto_vendita 
             
[19/09/2018 15:23:52] - corrId_5ba24de8d3c9e3.33385835 - Establishing connection to DB 
[19/09/2018 15:23:52] - corrId_5ba24de8d3c9e3.33385835 - Executing query 
[19/09/2018 15:23:59] - corrId_5ba24def4434c4.30893623 - Reached AccountManagementService API 
[19/09/2018 15:23:59] - corrId_5ba24def4434c4.30893623 - Processing GetCities request. 
[19/09/2018 15:23:59] - corrId_5ba24def4434c4.30893623 - Token validated. 
[19/09/2018 15:23:59] - corrId_5ba24def4434c4.30893623 - Query: SELECT *
            FROM citta 
[19/09/2018 15:23:59] - corrId_5ba24def4434c4.30893623 - Establishing connection to DB 
[19/09/2018 15:23:59] - corrId_5ba24def4434c4.30893623 - Executing query 
[19/09/2018 15:23:59] - corrId_5ba24defc760f2.72957489 - Reached AccountManagementService API 
[19/09/2018 15:23:59] - corrId_5ba24defc760f2.72957489 - Processing GetStores request. 
[19/09/2018 15:23:59] - corrId_5ba24defc760f2.72957489 - Token validated. 
[19/09/2018 15:23:59] - corrId_5ba24defc760f2.72957489 - Query: SELECT *
            FROM punto_vendita 
             
[19/09/2018 15:23:59] - corrId_5ba24defc760f2.72957489 - Establishing connection to DB 
[19/09/2018 15:23:59] - corrId_5ba24defc760f2.72957489 - Executing query 
[19/09/2018 15:24:00] - corrId_5ba24df03d5a84.00561373 - Reached AccountManagementService API 
[19/09/2018 15:24:00] - corrId_5ba24df03d5a84.00561373 - Processing GetEmployees request. 
[19/09/2018 15:24:00] - corrId_5ba24df03d5a84.00561373 - Token validated. 
[19/09/2018 15:24:00] - corrId_5ba24df03d5a84.00561373 - Query: SELECT dip.id_dipendente, dip.nome as dipendente_nome, dip.cognome as dipendente_cognome,
                dip.username as dipendente_username, del.nome as delega_nome, del.codice as delega_codice,
                pv.nome as punto_vendita_nome, dip.id_punto_vendita as punto_vendita_id
            FROM dipendente as dip
            INNER JOIN delega as del
            ON dip.id_delega = del.id_delega
            INNER JOIN punto_vendita as pv
            ON dip.id_punto_vendita = pv.id_punto_vendita 
             
[19/09/2018 15:24:00] - corrId_5ba24df03d5a84.00561373 - Establishing connection to DB 
[19/09/2018 15:24:00] - corrId_5ba24df03d5a84.00561373 - Executing query 
[19/09/2018 15:24:25] - corrId_5ba24e09b86164.56296080 - Reached AccountManagementService API 
[19/09/2018 15:24:25] - corrId_5ba24e09b86164.56296080 - Processing GetEmployees request. 
[19/09/2018 15:24:25] - corrId_5ba24e09b86164.56296080 - Token validated. 
[19/09/2018 15:24:25] - corrId_5ba24e09b86164.56296080 - Query: SELECT dip.id_dipendente, dip.nome as dipendente_nome, dip.cognome as dipendente_cognome,
                dip.username as dipendente_username, del.nome as delega_nome, del.codice as delega_codice,
                pv.nome as punto_vendita_nome, dip.id_punto_vendita as punto_vendita_id
            FROM dipendente as dip
            INNER JOIN delega as del
            ON dip.id_delega = del.id_delega
            INNER JOIN punto_vendita as pv
            ON dip.id_punto_vendita = pv.id_punto_vendita 
            WHERE dip.id_punto_vendita = 1 
[19/09/2018 15:24:25] - corrId_5ba24e09b86164.56296080 - Establishing connection to DB 
[19/09/2018 15:24:25] - corrId_5ba24e09b86164.56296080 - Executing query 
[19/09/2018 15:24:27] - corrId_5ba24e0b2712f1.19768496 - Reached AccountManagementService API 
[19/09/2018 15:24:27] - corrId_5ba24e0b2712f1.19768496 - Processing GetEmployees request. 
[19/09/2018 15:24:27] - corrId_5ba24e0b2712f1.19768496 - Token validated. 
[19/09/2018 15:24:27] - corrId_5ba24e0b2712f1.19768496 - Query: SELECT dip.id_dipendente, dip.nome as dipendente_nome, dip.cognome as dipendente_cognome,
                dip.username as dipendente_username, del.nome as delega_nome, del.codice as delega_codice,
                pv.nome as punto_vendita_nome, dip.id_punto_vendita as punto_vendita_id
            FROM dipendente as dip
            INNER JOIN delega as del
            ON dip.id_delega = del.id_delega
            INNER JOIN punto_vendita as pv
            ON dip.id_punto_vendita = pv.id_punto_vendita 
             
[19/09/2018 15:24:27] - corrId_5ba24e0b2712f1.19768496 - Establishing connection to DB 
[19/09/2018 15:24:27] - corrId_5ba24e0b2712f1.19768496 - Executing query 
[19/09/2018 15:24:39] - corrId_5ba24e17b0ff71.51137137 - Reached GetAllItemsService API 
[19/09/2018 15:24:39] - corrId_5ba24e17b0ff71.51137137 - Processing GetAllStores request. 
[19/09/2018 15:24:39] - corrId_5ba24e17b0ff71.51137137 - Token validated. 
[19/09/2018 15:24:39] - corrId_5ba24e17b0ff71.51137137 - Establishing connection to DB 
[19/09/2018 15:24:39] - corrId_5ba24e17b0ff71.51137137 - Executing query 
[19/09/2018 15:24:39] - corrId_5ba24e17be2d85.48660023 - Reached GetAllItemsService API 
[19/09/2018 15:24:39] - corrId_5ba24e17be2d85.48660023 - Processing GetAllRoles request. 
[19/09/2018 15:24:39] - corrId_5ba24e17be2d85.48660023 - Token validated. 
[19/09/2018 15:24:39] - corrId_5ba24e17be2d85.48660023 - Establishing connection to DB 
[19/09/2018 15:24:39] - corrId_5ba24e17be2d85.48660023 - Executing query 
[19/09/2018 15:24:42] - corrId_5ba24e1af123c1.26824894 - Reached AccountManagementService API 
[19/09/2018 15:24:42] - corrId_5ba24e1af123c1.26824894 - Processing InsertEmployee request. 
[19/09/2018 15:24:42] - corrId_5ba24e1af123c1.26824894 - Token validated. 
[19/09/2018 15:24:43] - corrId_5ba24e1af123c1.26824894 - Query: INSERT INTO dipendente (id_delega, id_punto_vendita, nome, cognome, username, password)
            VALUES (1, 1, 'test', 'test', 'test', '$2y$10$XPTwokrUjzJ1juk2iJZZ1eZFqzj2dgAELv/NONBott0IkT19eqJoW') 
[19/09/2018 15:24:43] - corrId_5ba24e1af123c1.26824894 - Establishing connection to DB 
[19/09/2018 15:24:43] - corrId_5ba24e1af123c1.26824894 - Executing query 
[19/09/2018 15:24:43] - corrId_5ba24e1b84c957.19874981 - Reached AccountManagementService API 
[19/09/2018 15:24:43] - corrId_5ba24e1b84c957.19874981 - Processing GetEmployees request. 
[19/09/2018 15:24:43] - corrId_5ba24e1b84c957.19874981 - Token validated. 
[19/09/2018 15:24:43] - corrId_5ba24e1b84c957.19874981 - Query: SELECT dip.id_dipendente, dip.nome as dipendente_nome, dip.cognome as dipendente_cognome,
                dip.username as dipendente_username, del.nome as delega_nome, del.codice as delega_codice,
                pv.nome as punto_vendita_nome, dip.id_punto_vendita as punto_vendita_id
            FROM dipendente as dip
            INNER JOIN delega as del
            ON dip.id_delega = del.id_delega
            INNER JOIN punto_vendita as pv
            ON dip.id_punto_vendita = pv.id_punto_vendita 
             
[19/09/2018 15:24:43] - corrId_5ba24e1b84c957.19874981 - Establishing connection to DB 
[19/09/2018 15:24:43] - corrId_5ba24e1b84c957.19874981 - Executing query 
[19/09/2018 15:24:53] - corrId_5ba24e25e56ec5.19887547 - Reached AccountManagementService API 
[19/09/2018 15:24:53] - corrId_5ba24e25e56ec5.19887547 - Processing ResetPassword request. 
[19/09/2018 15:24:53] - corrId_5ba24e25e56ec5.19887547 - Token validated. 
[19/09/2018 15:24:54] - corrId_5ba24e25e56ec5.19887547 - Query: UPDATE dipendente
            SET password = '$2y$10$hUMdvAIdM05.64oOBjUeyOZ8omn9iNppQQVbTp9prISeHevLoG7d6'                     
            WHERE id_dipendente = 38 
[19/09/2018 15:24:54] - corrId_5ba24e25e56ec5.19887547 - Establishing connection to DB 
[19/09/2018 15:24:54] - corrId_5ba24e25e56ec5.19887547 - Executing query 
[19/09/2018 15:25:02] - corrId_5ba24e2eaa7777.27371203 - Reached AccountManagementService API 
[19/09/2018 15:25:02] - corrId_5ba24e2eaa7777.27371203 - Processing ResetPassword request. 
[19/09/2018 15:25:02] - corrId_5ba24e2eaa7777.27371203 - Token validated. 
[19/09/2018 15:25:02] - corrId_5ba24e2eaa7777.27371203 - Query: UPDATE dipendente
            SET password = '$2y$10$w0q33eYTy3NTfE5UHKK9d.Y4lZrmdW8B444sDjvaz542SEPkHWPfm'                     
            WHERE id_dipendente = 38 
[19/09/2018 15:25:02] - corrId_5ba24e2eaa7777.27371203 - Establishing connection to DB 
[19/09/2018 15:25:02] - corrId_5ba24e2eaa7777.27371203 - Executing query 
[19/09/2018 15:25:37] - corrId_5ba24e51786f62.87098721 - Reached AccountManagementService API 
[19/09/2018 15:25:37] - corrId_5ba24e51786f62.87098721 - Processing GetCities request. 
[19/09/2018 15:25:37] - corrId_5ba24e51786f62.87098721 - Token validated. 
[19/09/2018 15:25:37] - corrId_5ba24e51786f62.87098721 - Query: SELECT *
            FROM citta 
[19/09/2018 15:25:37] - corrId_5ba24e51786f62.87098721 - Establishing connection to DB 
[19/09/2018 15:25:37] - corrId_5ba24e51786f62.87098721 - Executing query 
[19/09/2018 15:25:38] - corrId_5ba24e520ab7e4.24135302 - Reached AccountManagementService API 
[19/09/2018 15:25:38] - corrId_5ba24e520ab7e4.24135302 - Processing GetStores request. 
[19/09/2018 15:25:38] - corrId_5ba24e520ab7e4.24135302 - Token validated. 
[19/09/2018 15:25:38] - corrId_5ba24e520ab7e4.24135302 - Query: SELECT *
            FROM punto_vendita 
             
[19/09/2018 15:25:38] - corrId_5ba24e520ab7e4.24135302 - Establishing connection to DB 
[19/09/2018 15:25:38] - corrId_5ba24e520ab7e4.24135302 - Executing query 
[19/09/2018 15:25:38] - corrId_5ba24e52765100.06005475 - Reached AccountManagementService API 
[19/09/2018 15:25:38] - corrId_5ba24e52765100.06005475 - Processing GetEmployees request. 
[19/09/2018 15:25:38] - corrId_5ba24e52765100.06005475 - Token validated. 
[19/09/2018 15:25:38] - corrId_5ba24e52765100.06005475 - Query: SELECT dip.id_dipendente, dip.nome as dipendente_nome, dip.cognome as dipendente_cognome,
                dip.username as dipendente_username, del.nome as delega_nome, del.codice as delega_codice,
                pv.nome as punto_vendita_nome, dip.id_punto_vendita as punto_vendita_id
            FROM dipendente as dip
            INNER JOIN delega as del
            ON dip.id_delega = del.id_delega
            INNER JOIN punto_vendita as pv
            ON dip.id_punto_vendita = pv.id_punto_vendita 
             
[19/09/2018 15:25:38] - corrId_5ba24e52765100.06005475 - Establishing connection to DB 
[19/09/2018 15:25:38] - corrId_5ba24e52765100.06005475 - Executing query 
[19/09/2018 15:25:43] - corrId_5ba24e5706c8a5.52615673 - Reached AccountManagementService API 
[19/09/2018 15:25:43] - corrId_5ba24e5706c8a5.52615673 - Processing ResetPassword request. 
[19/09/2018 15:25:43] - corrId_5ba24e5706c8a5.52615673 - Token validated. 
[19/09/2018 15:25:43] - corrId_5ba24e5706c8a5.52615673 - Query: UPDATE dipendente
            SET password = '$2y$10$FzdcevX.44Q49Uzys3SRWeB5EfYYYgVlm956ioUWLsgGW7sokq1ga'                     
            WHERE id_dipendente = 38 
[19/09/2018 15:25:43] - corrId_5ba24e5706c8a5.52615673 - Establishing connection to DB 
[19/09/2018 15:25:43] - corrId_5ba24e5706c8a5.52615673 - Executing query 
[19/09/2018 15:25:46] - corrId_5ba24e5a6c3798.60010224 - Reached GetAllItemsService API 
[19/09/2018 15:25:46] - corrId_5ba24e5a6c4e54.01682093 - Reached GetAllItemsService API 
[19/09/2018 15:25:46] - corrId_5ba24e5a6c3798.60010224 - Processing GetAllRoles request. 
[19/09/2018 15:25:46] - corrId_5ba24e5a6c3798.60010224 - Token validated. 
ores request. 
[19/09/2018 15:25:46] - corrId_5ba24e5a6c4e54.01682093 - Token validated. 
[19/09/2018 15:25:46] - corrId_5ba24e5a6c3798.60010224 - Establishing connection to DB 
[19/09/2018 15:25:46] - corrId_5ba24e5a6c3798.60010224 - Executing query 
[19/09/2018 15:25:46] - corrId_5ba24e5a6c4e54.01682093 - Establishing connection to DB 
[19/09/2018 15:25:46] - corrId_5ba24e5a6c4e54.01682093 - Executing query 
[19/09/2018 15:25:49] - corrId_5ba24e5d755482.45291139 - Reached AccountManagementService API 
[19/09/2018 15:25:49] - corrId_5ba24e5d755482.45291139 - Processing EditEmployee request. 
[19/09/2018 15:25:49] - corrId_5ba24e5d755482.45291139 - Token validated. 
[19/09/2018 15:25:49] - corrId_5ba24e5d755482.45291139 - Query: UPDATE dipendente
            SET 
            id_delega = 1,
            id_punto_vendita = 1,
            nome = 'test2',
            cognome = 'test2',
            username = 'test2'
            WHERE `id_dipendente` = 38 
[19/09/2018 15:25:49] - corrId_5ba24e5d755482.45291139 - Establishing connection to DB 
[19/09/2018 15:25:49] - corrId_5ba24e5d755482.45291139 - Executing query 
[19/09/2018 15:25:49] - corrId_5ba24e5ddff455.71374092 - Reached AccountManagementService API 
[19/09/2018 15:25:49] - corrId_5ba24e5ddff455.71374092 - Processing GetEmployees request. 
[19/09/2018 15:25:49] - corrId_5ba24e5ddff455.71374092 - Token validated. 
[19/09/2018 15:25:49] - corrId_5ba24e5ddff455.71374092 - Query: SELECT dip.id_dipendente, dip.nome as dipendente_nome, dip.cognome as dipendente_cognome,
                dip.username as dipendente_username, del.nome as delega_nome, del.codice as delega_codice,
                pv.nome as punto_vendita_nome, dip.id_punto_vendita as punto_vendita_id
            FROM dipendente as dip
            INNER JOIN delega as del
            ON dip.id_delega = del.id_delega
            INNER JOIN punto_vendita as pv
            ON dip.id_punto_vendita = pv.id_punto_vendita 
             
[19/09/2018 15:25:49] - corrId_5ba24e5ddff455.71374092 - Establishing connection to DB 
[19/09/2018 15:25:49] - corrId_5ba24e5ddff455.71374092 - Executing query 
[19/09/2018 15:25:54] - corrId_5ba24e62e14fe3.14157344 - Reached AccountManagementService API 
[19/09/2018 15:25:54] - corrId_5ba24e62e14fe3.14157344 - Processing DeleteEmployee request. 
[19/09/2018 15:25:54] - corrId_5ba24e62e14fe3.14157344 - Token validated. 
[19/09/2018 15:25:54] - corrId_5ba24e62e14fe3.14157344 - Query: DELETE FROM dipendente              
            WHERE id_dipendente = 38 
[19/09/2018 15:25:54] - corrId_5ba24e62e14fe3.14157344 - Establishing connection to DB 
[19/09/2018 15:25:54] - corrId_5ba24e62e14fe3.14157344 - Executing query 
[19/09/2018 15:25:55] - corrId_5ba24e6358e523.32847243 - Reached AccountManagementService API 
[19/09/2018 15:25:55] - corrId_5ba24e6358e523.32847243 - Processing GetEmployees request. 
[19/09/2018 15:25:55] - corrId_5ba24e6358e523.32847243 - Token validated. 
[19/09/2018 15:25:55] - corrId_5ba24e6358e523.32847243 - Query: SELECT dip.id_dipendente, dip.nome as dipendente_nome, dip.cognome as dipendente_cognome,
                dip.username as dipendente_username, del.nome as delega_nome, del.codice as delega_codice,
                pv.nome as punto_vendita_nome, dip.id_punto_vendita as punto_vendita_id
            FROM dipendente as dip
            INNER JOIN delega as del
            ON dip.id_delega = del.id_delega
            INNER JOIN punto_vendita as pv
            ON dip.id_punto_vendita = pv.id_punto_vendita 
             
[19/09/2018 15:25:55] - corrId_5ba24e6358e523.32847243 - Establishing connection to DB 
[19/09/2018 15:25:55] - corrId_5ba24e6358e523.32847243 - Executing query 
[19/09/2018 15:29:00] - corrId_5ba24f1ccac9f2.86501687 - Reached AccountManagementService API 
[19/09/2018 15:29:00] - corrId_5ba24f1ccac9f2.86501687 - Processing GetCities request. 
[19/09/2018 15:29:00] - corrId_5ba24f1ccac9f2.86501687 - Token validated. 
[19/09/2018 15:29:00] - corrId_5ba24f1ccac9f2.86501687 - Query: SELECT *
            FROM citta 
[19/09/2018 15:29:00] - corrId_5ba24f1ccac9f2.86501687 - Establishing connection to DB 
[19/09/2018 15:29:00] - corrId_5ba24f1ccac9f2.86501687 - Executing query 
[19/09/2018 15:29:01] - corrId_5ba24f1d5dcf02.76900728 - Reached AccountManagementService API 
[19/09/2018 15:29:01] - corrId_5ba24f1d5dcf02.76900728 - Processing GetStores request. 
[19/09/2018 15:29:01] - corrId_5ba24f1d5dcf02.76900728 - Token validated. 
[19/09/2018 15:29:01] - corrId_5ba24f1d5dcf02.76900728 - Query: SELECT *
            FROM punto_vendita 
             
[19/09/2018 15:29:01] - corrId_5ba24f1d5dcf02.76900728 - Establishing connection to DB 
[19/09/2018 15:29:01] - corrId_5ba24f1d5dcf02.76900728 - Executing query 
[19/09/2018 15:29:01] - corrId_5ba24f1dca6da6.55362987 - Reached AccountManagementService API 
[19/09/2018 15:29:01] - corrId_5ba24f1dca6da6.55362987 - Processing GetEmployees request. 
[19/09/2018 15:29:01] - corrId_5ba24f1dca6da6.55362987 - Token validated. 
[19/09/2018 15:29:01] - corrId_5ba24f1dca6da6.55362987 - Query: SELECT dip.id_dipendente, dip.nome as dipendente_nome, dip.cognome as dipendente_cognome,
                dip.username as dipendente_username, del.nome as delega_nome, del.codice as delega_codice,
                pv.nome as punto_vendita_nome, dip.id_punto_vendita as punto_vendita_id
            FROM dipendente as dip
            INNER JOIN delega as del
            ON dip.id_delega = del.id_delega
            INNER JOIN punto_vendita as pv
            ON dip.id_punto_vendita = pv.id_punto_vendita 
             
[19/09/2018 15:29:01] - corrId_5ba24f1dca6da6.55362987 - Establishing connection to DB 
[19/09/2018 15:29:01] - corrId_5ba24f1dca6da6.55362987 - Executing query 
[19/09/2018 15:29:05] - corrId_5ba24f218c1076.45072883 - Reached AccountManagementService API 
[19/09/2018 15:29:05] - corrId_5ba24f218c1076.45072883 - Processing GetEmployees request. 
[19/09/2018 15:29:05] - corrId_5ba24f218c1076.45072883 - Token validated. 
[19/09/2018 15:29:05] - corrId_5ba24f218c1076.45072883 - Query: SELECT dip.id_dipendente, dip.nome as dipendente_nome, dip.cognome as dipendente_cognome,
                dip.username as dipendente_username, del.nome as delega_nome, del.codice as delega_codice,
                pv.nome as punto_vendita_nome, dip.id_punto_vendita as punto_vendita_id
            FROM dipendente as dip
            INNER JOIN delega as del
            ON dip.id_delega = del.id_delega
            INNER JOIN punto_vendita as pv
            ON dip.id_punto_vendita = pv.id_punto_vendita 
            WHERE dip.id_punto_vendita = 1 
[19/09/2018 15:29:05] - corrId_5ba24f218c1076.45072883 - Establishing connection to DB 
[19/09/2018 15:29:05] - corrId_5ba24f218c1076.45072883 - Executing query 
[19/09/2018 15:29:07] - corrId_5ba24f23404a84.65977293 - Reached AccountManagementService API 
[19/09/2018 15:29:07] - corrId_5ba24f23404a84.65977293 - Processing GetStores request. 
[19/09/2018 15:29:07] - corrId_5ba24f23404a84.65977293 - Token validated. 
[19/09/2018 15:29:07] - corrId_5ba24f23404a84.65977293 - Query: SELECT *
            FROM punto_vendita 
            WHERE id_citta = 2 
[19/09/2018 15:29:07] - corrId_5ba24f23404a84.65977293 - Establishing connection to DB 
[19/09/2018 15:29:07] - corrId_5ba24f23404a84.65977293 - Executing query 
[19/09/2018 15:29:09] - corrId_5ba24f25e425b8.85754645 - Reached AccountManagementService API 
[19/09/2018 15:29:09] - corrId_5ba24f25e425b8.85754645 - Processing GetStores request. 
[19/09/2018 15:29:09] - corrId_5ba24f25e425b8.85754645 - Token validated. 
[19/09/2018 15:29:09] - corrId_5ba24f25e425b8.85754645 - Query: SELECT *
            FROM punto_vendita 
             
[19/09/2018 15:29:09] - corrId_5ba24f25e425b8.85754645 - Establishing connection to DB 
[19/09/2018 15:29:09] - corrId_5ba24f25e425b8.85754645 - Executing query 
[19/09/2018 15:29:10] - corrId_5ba24f265d8324.11533224 - Reached AccountManagementService API 
[19/09/2018 15:29:10] - corrId_5ba24f265d8324.11533224 - Processing GetEmployees request. 
[19/09/2018 15:29:10] - corrId_5ba24f265d8324.11533224 - Token validated. 
[19/09/2018 15:29:10] - corrId_5ba24f265d8324.11533224 - Query: SELECT dip.id_dipendente, dip.nome as dipendente_nome, dip.cognome as dipendente_cognome,
                dip.username as dipendente_username, del.nome as delega_nome, del.codice as delega_codice,
                pv.nome as punto_vendita_nome, dip.id_punto_vendita as punto_vendita_id
            FROM dipendente as dip
            INNER JOIN delega as del
            ON dip.id_delega = del.id_delega
            INNER JOIN punto_vendita as pv
            ON dip.id_punto_vendita = pv.id_punto_vendita 
             
[19/09/2018 15:29:10] - corrId_5ba24f265d8324.11533224 - Establishing connection to DB 
[19/09/2018 15:29:10] - corrId_5ba24f265d8324.11533224 - Executing query 
[19/09/2018 15:29:11] - corrId_5ba24f2784b0a9.79718526 - Reached AccountManagementService API 
[19/09/2018 15:29:11] - corrId_5ba24f2784b0a9.79718526 - Processing GetEmployees request. 
[19/09/2018 15:29:11] - corrId_5ba24f2784b0a9.79718526 - Token validated. 
[19/09/2018 15:29:11] - corrId_5ba24f2784b0a9.79718526 - Query: SELECT dip.id_dipendente, dip.nome as dipendente_nome, dip.cognome as dipendente_cognome,
                dip.username as dipendente_username, del.nome as delega_nome, del.codice as delega_codice,
                pv.nome as punto_vendita_nome, dip.id_punto_vendita as punto_vendita_id
            FROM dipendente as dip
            INNER JOIN delega as del
            ON dip.id_delega = del.id_delega
            INNER JOIN punto_vendita as pv
            ON dip.id_punto_vendita = pv.id_punto_vendita 
            WHERE dip.id_punto_vendita = 1 
[19/09/2018 15:29:11] - corrId_5ba24f2784b0a9.79718526 - Establishing connection to DB 
[19/09/2018 15:29:11] - corrId_5ba24f2784b0a9.79718526 - Executing query 
[19/09/2018 15:29:13] - corrId_5ba24f29df2c45.04341068 - Reached AccountManagementService API 
[19/09/2018 15:29:13] - corrId_5ba24f29df2c45.04341068 - Processing GetStores request. 
[19/09/2018 15:29:13] - corrId_5ba24f29df2c45.04341068 - Token validated. 
[19/09/2018 15:29:13] - corrId_5ba24f29df2c45.04341068 - Query: SELECT *
            FROM punto_vendita 
            WHERE id_citta = 1 
[19/09/2018 15:29:13] - corrId_5ba24f29df2c45.04341068 - Establishing connection to DB 
[19/09/2018 15:29:13] - corrId_5ba24f29df2c45.04341068 - Executing query 
[19/09/2018 15:29:14] - corrId_5ba24f2a580737.79267634 - Reached AccountManagementService API 
[19/09/2018 15:29:14] - corrId_5ba24f2a580737.79267634 - Processing GetEmployees request. 
[19/09/2018 15:29:14] - corrId_5ba24f2a580737.79267634 - Token validated. 
[19/09/2018 15:29:14] - corrId_5ba24f2a580737.79267634 - Query: SELECT dip.id_dipendente, dip.nome as dipendente_nome, dip.cognome as dipendente_cognome,
                dip.username as dipendente_username, del.nome as delega_nome, del.codice as delega_codice,
                pv.nome as punto_vendita_nome, dip.id_punto_vendita as punto_vendita_id
            FROM dipendente as dip
            INNER JOIN delega as del
            ON dip.id_delega = del.id_delega
            INNER JOIN punto_vendita as pv
            ON dip.id_punto_vendita = pv.id_punto_vendita 
             
[19/09/2018 15:29:14] - corrId_5ba24f2a580737.79267634 - Establishing connection to DB 
[19/09/2018 15:29:14] - corrId_5ba24f2a580737.79267634 - Executing query 
[19/09/2018 15:29:16] - corrId_5ba24f2c704028.99017763 - Reached AccountManagementService API 
[19/09/2018 15:29:16] - corrId_5ba24f2c704028.99017763 - Processing GetStores request. 
[19/09/2018 15:29:16] - corrId_5ba24f2c704028.99017763 - Token validated. 
[19/09/2018 15:29:16] - corrId_5ba24f2c704028.99017763 - Query: SELECT *
            FROM punto_vendita 
             
[19/09/2018 15:29:16] - corrId_5ba24f2c704028.99017763 - Establishing connection to DB 
[19/09/2018 15:29:16] - corrId_5ba24f2c704028.99017763 - Executing query 
[19/09/2018 15:29:16] - corrId_5ba24f2cd958e2.13664063 - Reached AccountManagementService API 
[19/09/2018 15:29:16] - corrId_5ba24f2cd958e2.13664063 - Processing GetEmployees request. 
[19/09/2018 15:29:16] - corrId_5ba24f2cd958e2.13664063 - Token validated. 
[19/09/2018 15:29:16] - corrId_5ba24f2cd958e2.13664063 - Query: SELECT dip.id_dipendente, dip.nome as dipendente_nome, dip.cognome as dipendente_cognome,
                dip.username as dipendente_username, del.nome as delega_nome, del.codice as delega_codice,
                pv.nome as punto_vendita_nome, dip.id_punto_vendita as punto_vendita_id
            FROM dipendente as dip
            INNER JOIN delega as del
            ON dip.id_delega = del.id_delega
            INNER JOIN punto_vendita as pv
            ON dip.id_punto_vendita = pv.id_punto_vendita 
             
[19/09/2018 15:29:16] - corrId_5ba24f2cd958e2.13664063 - Establishing connection to DB 
[19/09/2018 15:29:16] - corrId_5ba24f2cd958e2.13664063 - Executing query 
[19/09/2018 15:29:20] - corrId_5ba24f30c1c5a1.86583419 - Reached AccountManagementService API 
[19/09/2018 15:29:20] - corrId_5ba24f30c1c5a1.86583419 - Processing GetEmployees request. 
[19/09/2018 15:29:20] - corrId_5ba24f30c1c5a1.86583419 - Token validated. 
[19/09/2018 15:29:20] - corrId_5ba24f30c1c5a1.86583419 - Query: SELECT dip.id_dipendente, dip.nome as dipendente_nome, dip.cognome as dipendente_cognome,
                dip.username as dipendente_username, del.nome as delega_nome, del.codice as delega_codice,
                pv.nome as punto_vendita_nome, dip.id_punto_vendita as punto_vendita_id
            FROM dipendente as dip
            INNER JOIN delega as del
            ON dip.id_delega = del.id_delega
            INNER JOIN punto_vendita as pv
            ON dip.id_punto_vendita = pv.id_punto_vendita 
            WHERE dip.id_punto_vendita = 1 
[19/09/2018 15:29:20] - corrId_5ba24f30c1c5a1.86583419 - Establishing connection to DB 
[19/09/2018 15:29:20] - corrId_5ba24f30c1c5a1.86583419 - Executing query 
[19/09/2018 15:29:23] - corrId_5ba24f33d7f3e1.15859240 - Reached AccountManagementService API 
[19/09/2018 15:29:23] - corrId_5ba24f33d7f3e1.15859240 - Processing GetCities request. 
[19/09/2018 15:29:23] - corrId_5ba24f33d7f3e1.15859240 - Token validated. 
[19/09/2018 15:29:23] - corrId_5ba24f33d7f3e1.15859240 - Query: SELECT *
            FROM citta 
[19/09/2018 15:29:23] - corrId_5ba24f33d7f3e1.15859240 - Establishing connection to DB 
[19/09/2018 15:29:23] - corrId_5ba24f33d7f3e1.15859240 - Executing query 
[19/09/2018 15:29:24] - corrId_5ba24f3469bc88.15090822 - Reached AccountManagementService API 
[19/09/2018 15:29:24] - corrId_5ba24f3469bc88.15090822 - Processing GetStores request. 
[19/09/2018 15:29:24] - corrId_5ba24f3469bc88.15090822 - Token validated. 
[19/09/2018 15:29:24] - corrId_5ba24f3469bc88.15090822 - Query: SELECT *
            FROM punto_vendita 
             
[19/09/2018 15:29:24] - corrId_5ba24f3469bc88.15090822 - Establishing connection to DB 
[19/09/2018 15:29:24] - corrId_5ba24f3469bc88.15090822 - Executing query 
[19/09/2018 15:29:24] - corrId_5ba24f34d36700.75968023 - Reached AccountManagementService API 
[19/09/2018 15:29:24] - corrId_5ba24f34d36700.75968023 - Processing GetEmployees request. 
[19/09/2018 15:29:24] - corrId_5ba24f34d36700.75968023 - Token validated. 
[19/09/2018 15:29:24] - corrId_5ba24f34d36700.75968023 - Query: SELECT dip.id_dipendente, dip.nome as dipendente_nome, dip.cognome as dipendente_cognome,
                dip.username as dipendente_username, del.nome as delega_nome, del.codice as delega_codice,
                pv.nome as punto_vendita_nome, dip.id_punto_vendita as punto_vendita_id
            FROM dipendente as dip
            INNER JOIN delega as del
            ON dip.id_delega = del.id_delega
            INNER JOIN punto_vendita as pv
            ON dip.id_punto_vendita = pv.id_punto_vendita 
             
[19/09/2018 15:29:24] - corrId_5ba24f34d36700.75968023 - Establishing connection to DB 
[19/09/2018 15:29:24] - corrId_5ba24f34d36700.75968023 - Executing query 
[19/09/2018 18:33:43] - corrId_5ba27a678b30d4.16629720 - Reached CustomerManagementService API 
[19/09/2018 18:33:43] - corrId_5ba27a678b30d4.16629720 - Processing GetAllCustomersWithPremiumCode request. 
[19/09/2018 18:33:43] - corrId_5ba27a678b30d4.16629720 - Token validated. 
[19/09/2018 18:33:43] - corrId_5ba27a678b30d4.16629720 - Establishing connection to DB 
[19/09/2018 18:33:43] - corrId_5ba27a678b30d4.16629720 - Executing query 
[19/09/2018 18:33:44] - corrId_5ba27a68c44bd6.73615327 - Reached GetAllItemsService API 
[19/09/2018 18:33:44] - corrId_5ba27a68c44bd6.73615327 - Processing GetAllDiscounts request. 
[19/09/2018 18:33:44] - corrId_5ba27a68c44bd6.73615327 - Token validated. 
[19/09/2018 18:33:44] - corrId_5ba27a68c44bd6.73615327 - Establishing connection to DB 
[19/09/2018 18:33:44] - corrId_5ba27a68c44bd6.73615327 - Executing query 
[19/09/2018 18:33:47] - corrId_5ba27a6b7eda11.76428507 - Reached GetAllItemsService API 
[19/09/2018 18:33:47] - corrId_5ba27a6b7eda11.76428507 - Processing GetAllDiscounts request. 
[19/09/2018 18:33:47] - corrId_5ba27a6b7eda11.76428507 - Token validated. 
[19/09/2018 18:33:47] - corrId_5ba27a6b7eda11.76428507 - Establishing connection to DB 
[19/09/2018 18:33:47] - corrId_5ba27a6b7eda11.76428507 - Executing query 
[19/09/2018 18:33:49] - corrId_5ba27a6d4c0de6.62745544 - Reached GetAllItemsService API 
[19/09/2018 18:33:49] - corrId_5ba27a6d4c0de6.62745544 - Processing GetAllDiscounts request. 
[19/09/2018 18:33:49] - corrId_5ba27a6d4c0de6.62745544 - Token validated. 
[19/09/2018 18:33:49] - corrId_5ba27a6d4c0de6.62745544 - Establishing connection to DB 
[19/09/2018 18:33:49] - corrId_5ba27a6d4c0de6.62745544 - Executing query 
[19/09/2018 18:33:52] - corrId_5ba27a70b51c68.43697264 - Reached CustomerManagementService API 
[19/09/2018 18:33:52] - corrId_5ba27a70b51c68.43697264 - Processing EditCustomer request. 
[19/09/2018 18:33:52] - corrId_5ba27a70b51c68.43697264 - Token validated. 
[19/09/2018 18:33:52] - corrId_5ba27a70b51c68.43697264 - Establishing connection to DB 
[19/09/2018 18:33:52] - corrId_5ba27a70b51c68.43697264 - Executing query 
[19/09/2018 18:33:52] - corrId_5ba27a70bacbf7.48068608 - Reached CustomerManagementService API 
[19/09/2018 18:33:52] - corrId_5ba27a70bacbf7.48068608 - Processing GetAllCustomersWithPremiumCode request. 
[19/09/2018 18:33:52] - corrId_5ba27a70bacbf7.48068608 - Token validated. 
[19/09/2018 18:33:52] - corrId_5ba27a70bacbf7.48068608 - Establishing connection to DB 
[19/09/2018 18:33:52] - corrId_5ba27a70bacbf7.48068608 - Executing query 
[19/09/2018 18:33:54] - corrId_5ba27a72be2b12.67449118 - Reached GetAllItemsService API 
[19/09/2018 18:33:54] - corrId_5ba27a72be2b12.67449118 - Processing GetAllDiscounts request. 
[19/09/2018 18:33:54] - corrId_5ba27a72be2b12.67449118 - Token validated. 
[19/09/2018 18:33:54] - corrId_5ba27a72be2b12.67449118 - Establishing connection to DB 
[19/09/2018 18:33:54] - corrId_5ba27a72be2b12.67449118 - Executing query 
[19/09/2018 18:33:58] - corrId_5ba27a7654d449.33589774 - Reached AccountManagementService API 
[19/09/2018 18:33:58] - corrId_5ba27a7654d449.33589774 - Processing GetCities request. 
[19/09/2018 18:33:58] - corrId_5ba27a7654d449.33589774 - Token validated. 
[19/09/2018 18:33:58] - corrId_5ba27a7654d449.33589774 - Query: SELECT *
            FROM citta 
[19/09/2018 18:33:58] - corrId_5ba27a7654d449.33589774 - Establishing connection to DB 
[19/09/2018 18:33:58] - corrId_5ba27a7654d449.33589774 - Executing query 
[19/09/2018 18:33:58] - corrId_5ba27a76747f62.11878925 - Reached AccountManagementService API 
[19/09/2018 18:33:58] - corrId_5ba27a76747f62.11878925 - Processing GetStores request. 
[19/09/2018 18:33:58] - corrId_5ba27a76747f62.11878925 - Token validated. 
[19/09/2018 18:33:58] - corrId_5ba27a76747f62.11878925 - Query: SELECT *
            FROM punto_vendita 
             
[19/09/2018 18:33:58] - corrId_5ba27a76747f62.11878925 - Establishing connection to DB 
[19/09/2018 18:33:58] - corrId_5ba27a76747f62.11878925 - Executing query 
[19/09/2018 18:33:58] - corrId_5ba27a767f3019.00306262 - Reached AccountManagementService API 
[19/09/2018 18:33:58] - corrId_5ba27a767f3019.00306262 - Processing GetEmployees request. 
[19/09/2018 18:33:58] - corrId_5ba27a767f3019.00306262 - Token validated. 
[19/09/2018 18:33:58] - corrId_5ba27a767f3019.00306262 - Query: SELECT dip.id_dipendente, dip.nome as dipendente_nome, dip.cognome as dipendente_cognome,
                dip.username as dipendente_username, del.nome as delega_nome, del.codice as delega_codice,
                pv.nome as punto_vendita_nome, dip.id_punto_vendita as punto_vendita_id
            FROM dipendente as dip
            INNER JOIN delega as del
            ON dip.id_delega = del.id_delega
            INNER JOIN punto_vendita as pv
            ON dip.id_punto_vendita = pv.id_punto_vendita 
             
[19/09/2018 18:33:58] - corrId_5ba27a767f3019.00306262 - Establishing connection to DB 
[19/09/2018 18:33:58] - corrId_5ba27a767f3019.00306262 - Executing query 
[19/09/2018 18:34:00] - corrId_5ba27a78c172a6.71481782 - Reached StorageManagementService API 
[19/09/2018 18:34:00] - corrId_5ba27a78c172a6.71481782 - Processing GetVideosInStorage request. 
[19/09/2018 18:34:00] - corrId_5ba27a78c172a6.71481782 - Token validated. 
[19/09/2018 18:34:00] - corrId_5ba27a78c172a6.71481782 - Query: SELECT co.id_copia, co.data_scarico, co.danneggiato, co.noleggiato, fi.id_film, fi.titolo, fo.nome
            FROM copia co
            INNER JOIN film fi
            ON co.id_film = fi.id_film
            INNER JOIN fornitore fo
            ON co.id_fornitore = fo.id_fornitore
            WHERE co.id_punto_vendita = 1
            AND co.restituito = 0 
[19/09/2018 18:34:00] - corrId_5ba27a78c172a6.71481782 - Establishing connection to DB 
[19/09/2018 18:34:00] - corrId_5ba27a78c172a6.71481782 - Executing query 
[19/09/2018 18:34:05] - corrId_5ba27a7d618d44.64890679 - Reached CustomerManagementService API 
[19/09/2018 18:34:05] - corrId_5ba27a7d618d44.64890679 - Processing GetAllCustomersWithPremiumCode request. 
[19/09/2018 18:34:05] - corrId_5ba27a7d618d44.64890679 - Token validated. 
[19/09/2018 18:34:05] - corrId_5ba27a7d618d44.64890679 - Establishing connection to DB 
[19/09/2018 18:34:05] - corrId_5ba27a7d618d44.64890679 - Executing query 
[19/09/2018 18:34:07] - corrId_5ba27a7f2c3a10.90442095 - Reached AccountManagementService API 
[19/09/2018 18:34:07] - corrId_5ba27a7f2c3a10.90442095 - Processing GetCities request. 
[19/09/2018 18:34:07] - corrId_5ba27a7f2c3a10.90442095 - Token validated. 
[19/09/2018 18:34:07] - corrId_5ba27a7f2c3a10.90442095 - Query: SELECT *
            FROM citta 
[19/09/2018 18:34:07] - corrId_5ba27a7f2c3a10.90442095 - Establishing connection to DB 
[19/09/2018 18:34:07] - corrId_5ba27a7f2c3a10.90442095 - Executing query 
[19/09/2018 18:34:07] - corrId_5ba27a7f4d2146.93985468 - Reached AccountManagementService API 
[19/09/2018 18:34:07] - corrId_5ba27a7f4d2146.93985468 - Processing GetStores request. 
[19/09/2018 18:34:07] - corrId_5ba27a7f4d2146.93985468 - Token validated. 
[19/09/2018 18:34:07] - corrId_5ba27a7f4d2146.93985468 - Query: SELECT *
            FROM punto_vendita 
             
[19/09/2018 18:34:07] - corrId_5ba27a7f4d2146.93985468 - Establishing connection to DB 
[19/09/2018 18:34:07] - corrId_5ba27a7f4d2146.93985468 - Executing query 
[19/09/2018 18:34:07] - corrId_5ba27a7f55cb66.60031873 - Reached AccountManagementService API 
[19/09/2018 18:34:07] - corrId_5ba27a7f55cb66.60031873 - Processing GetEmployees request. 
[19/09/2018 18:34:07] - corrId_5ba27a7f55cb66.60031873 - Token validated. 
[19/09/2018 18:34:07] - corrId_5ba27a7f55cb66.60031873 - Query: SELECT dip.id_dipendente, dip.nome as dipendente_nome, dip.cognome as dipendente_cognome,
                dip.username as dipendente_username, del.nome as delega_nome, del.codice as delega_codice,
                pv.nome as punto_vendita_nome, dip.id_punto_vendita as punto_vendita_id
            FROM dipendente as dip
            INNER JOIN delega as del
            ON dip.id_delega = del.id_delega
            INNER JOIN punto_vendita as pv
            ON dip.id_punto_vendita = pv.id_punto_vendita 
             
[19/09/2018 18:34:07] - corrId_5ba27a7f55cb66.60031873 - Establishing connection to DB 
[19/09/2018 18:34:07] - corrId_5ba27a7f55cb66.60031873 - Executing query 
[19/09/2018 18:34:08] - corrId_5ba27a80326527.47315810 - Reached CustomerManagementService API 
[19/09/2018 18:34:08] - corrId_5ba27a80326527.47315810 - Processing GetAllCustomersWithPremiumCode request. 
[19/09/2018 18:34:08] - corrId_5ba27a80326527.47315810 - Token validated. 
[19/09/2018 18:34:08] - corrId_5ba27a80326527.47315810 - Establishing connection to DB 
[19/09/2018 18:34:08] - corrId_5ba27a80326527.47315810 - Executing query 
[19/09/2018 20:34:50] - corrId_5ba296ca11bd93.52459486 - Reached StorageManagementService API 
[19/09/2018 20:34:50] - corrId_5ba296ca11b645.40248592 - Processing GetCities request. 
[19/09/2018 20:34:50] - corrId_5ba296ca11bd93.52459486 - Processing GetVideosInStorage request. 
[19/09/2018 20:34:50] - corrId_5ba296ca11b645.40248592 - Token validated. 
[19/09/2018 20:34:50] - corrId_5ba296ca11bd93.52459486 - Token validated. 
[19/09/2018 20:34:50] - corrId_5ba296ca11b645.40248592 - Query: SELECT *
            FROM citta 
[19/09/2018 20:34:50] - corrId_5ba296ca11bd93.52459486 - Query: SELECT co.id_copia, co.data_scarico, co.danneggiato, co.noleggiato, fi.id_film, fi.titolo, fo.nome
            FROM copia co
            INNER JOIN film fi
            ON co.id_film = fi.id_film
            INNER JOIN fornitore fo
            ON co.id_fornitore = fo.id_fornitore
            WHERE co.id_punto_vendita = 1
            AND co.restituito = 0 
[19/09/2018 20:34:50] - corrId_5ba296ca11b645.40248592 - Establishing connection to DB 
[19/09/2018 20:34:50] - corrId_5ba296ca11bd93.52459486 - Establishing connection to DB 
[19/09/2018 20:34:50] - corrId_5ba296ca11bd93.52459486 - Executing query 
[19/09/2018 20:34:50] - corrId_5ba296ca11b645.40248592 - Executing query 
[19/09/2018 20:34:52] - corrId_5ba296cc774e61.83463528 - Reached StorageManagementService API 
[19/09/2018 20:34:52] - corrId_5ba296cc774e61.83463528 - Processing GetAlreadyAvailableMovies request. 
[19/09/2018 20:34:52] - corrId_5ba296cc774e61.83463528 - Token validated. 
[19/09/2018 20:34:52] - corrId_5ba296cc774e61.83463528 - Establishing connection to DB 
[19/09/2018 20:34:52] - corrId_5ba296cc774e61.83463528 - Executing query 
[19/09/2018 20:34:52] - corrId_5ba296cc7b1038.38211160 - Reached GetAllItemsService API 
[19/09/2018 20:34:52] - corrId_5ba296cc7b1038.38211160 - Processing GetAllSuppliers request. 
[19/09/2018 20:34:52] - corrId_5ba296cc7b1038.38211160 - Token validated. 
[19/09/2018 20:34:52] - corrId_5ba296cc7b1038.38211160 - Establishing connection to DB 
[19/09/2018 20:34:52] - corrId_5ba296cc7b1038.38211160 - Executing query 
[19/09/2018 20:35:33] - corrId_5ba296f5c77c10.92912458 - Reached StorageManagementService API 
[19/09/2018 20:35:33] - corrId_5ba296f5c77c10.92912458 - Processing GetAlreadyAvailableMovies request. 
[19/09/2018 20:35:33] - corrId_5ba296f5c77c10.92912458 - Token validated. 
[19/09/2018 20:35:33] - corrId_5ba296f5c77c10.92912458 - Establishing connection to DB 
[19/09/2018 20:35:33] - corrId_5ba296f5c77c10.92912458 - Executing query 
[19/09/2018 20:35:33] - corrId_5ba296f5c90a48.75686948 - Reached GetAllItemsService API 
[19/09/2018 20:35:33] - corrId_5ba296f5c90a48.75686948 - Processing GetAllSuppliers request. 
[19/09/2018 20:35:33] - corrId_5ba296f5c90a48.75686948 - Token validated. 
[19/09/2018 20:35:33] - corrId_5ba296f5c90a48.75686948 - Establishing connection to DB 
[19/09/2018 20:35:33] - corrId_5ba296f5c90a48.75686948 - Executing query 
[19/09/2018 20:35:58] - corrId_5ba2970ed669c8.94954803 - Reached StorageManagementService API 
[19/09/2018 20:35:58] - corrId_5ba2970ed669c8.94954803 - Processing GetAlreadyAvailableMovies request. 
[19/09/2018 20:35:58] - corrId_5ba2970ed669c8.94954803 - Token validated. 
[19/09/2018 20:35:58] - corrId_5ba2970ed70848.39820280 - Reached GetAllItemsService API 
[19/09/2018 20:35:58] - corrId_5ba2970ed669c8.94954803 - Establishing connection to DB 
[19/09/2018 20:35:58] - corrId_5ba2970ed70848.39820280 - Processing GetAllSuppliers request. 
[19/09/2018 20:35:58] - corrId_5ba2970ed70848.39820280 - Token validated. 
[19/09/2018 20:35:58] - corrId_5ba2970ed669c8.94954803 - Executing query 
[19/09/2018 20:35:58] - corrId_5ba2970ed70848.39820280 - Establishing connection to DB 
[19/09/2018 20:35:58] - corrId_5ba2970ed70848.39820280 - Executing query 
[19/09/2018 20:36:07] - corrId_5ba297177e7d11.38066639 - Reached StorageManagementService API 
[19/09/2018 20:36:07] - corrId_5ba297177e7d11.38066639 - Processing UnloadCopies request. 
[19/09/2018 20:36:07] - corrId_5ba297177e7d11.38066639 - Token validated. 
[19/09/2018 20:36:07] - corrId_5ba297177e7d11.38066639 - Query: INSERT INTO copia
            (id_film, id_punto_vendita, id_fornitore)
            VALUES (2, 1, 5), (2, 1, 5), (2, 1, 5), (2, 1, 5), (2, 1, 5) 
[19/09/2018 20:36:07] - corrId_5ba297177e7d11.38066639 - Establishing connection to DB 
[19/09/2018 20:36:07] - corrId_5ba297177e7d11.38066639 - Executing query 
[19/09/2018 20:36:07] - corrId_5ba2971786aae0.02944913 - Reached StorageManagementService API 
[19/09/2018 20:36:07] - corrId_5ba2971786aae0.02944913 - Processing GetVideosInStorage request. 
[19/09/2018 20:36:07] - corrId_5ba2971786aae0.02944913 - Token validated. 
[19/09/2018 20:36:07] - corrId_5ba2971786aae0.02944913 - Query: SELECT co.id_copia, co.data_scarico, co.danneggiato, co.noleggiato, fi.id_film, fi.titolo, fo.nome
            FROM copia co
            INNER JOIN film fi
            ON co.id_film = fi.id_film
            INNER JOIN fornitore fo
            ON co.id_fornitore = fo.id_fornitore
            WHERE co.id_punto_vendita = 1
            AND co.restituito = 0 
[19/09/2018 20:36:07] - corrId_5ba2971786aae0.02944913 - Establishing connection to DB 
[19/09/2018 20:36:07] - corrId_5ba2971786aae0.02944913 - Executing query 
[19/09/2018 20:36:09] - corrId_5ba29719063a72.14101608 - Reached StorageManagementService API 
[19/09/2018 20:36:09] - corrId_5ba29719063a72.14101608 - Processing GetAlreadyAvailableMovies request. 
[19/09/2018 20:36:09] - corrId_5ba29719063a72.14101608 - Token validated. 
[19/09/2018 20:36:09] - corrId_5ba2971906ba73.44070667 - Reached GetAllItemsService API 
[19/09/2018 20:36:09] - corrId_5ba2971906ba73.44070667 - Processing GetAllSuppliers request. 
[19/09/2018 20:36:09] - corrId_5ba29719063a72.14101608 - Establishing connection to DB 
[19/09/2018 20:36:09] - corrId_5ba2971906ba73.44070667 - Token validated. 
[19/09/2018 20:36:09] - corrId_5ba2971906ba73.44070667 - Establishing connection to DB 
[19/09/2018 20:36:09] - corrId_5ba29719063a72.14101608 - Executing query 
[19/09/2018 20:36:09] - corrId_5ba2971906ba73.44070667 - Executing query 
[19/09/2018 20:36:15] - corrId_5ba2971f530470.20138814 - Reached StorageManagementService API 
[19/09/2018 20:36:15] - corrId_5ba2971f530470.20138814 - Processing UnloadCopies request. 
[19/09/2018 20:36:15] - corrId_5ba2971f530470.20138814 - Token validated. 
[19/09/2018 20:36:15] - corrId_5ba2971f530470.20138814 - Query: INSERT INTO copia
            (id_film, id_punto_vendita, id_fornitore)
            VALUES (16, 1, 6), (16, 1, 6), (16, 1, 6), (16, 1, 6), (16, 1, 6), (16, 1, 6), (16, 1, 6), (16, 1, 6), (16, 1, 6), (16, 1, 6) 
[19/09/2018 20:36:15] - corrId_5ba2971f530470.20138814 - Establishing connection to DB 
[19/09/2018 20:36:15] - corrId_5ba2971f530470.20138814 - Executing query 
[19/09/2018 20:36:15] - corrId_5ba2971f5c6671.36360342 - Reached StorageManagementService API 
[19/09/2018 20:36:15] - corrId_5ba2971f5c6671.36360342 - Processing GetVideosInStorage request. 
[19/09/2018 20:36:15] - corrId_5ba2971f5c6671.36360342 - Token validated. 
[19/09/2018 20:36:15] - corrId_5ba2971f5c6671.36360342 - Query: SELECT co.id_copia, co.data_scarico, co.danneggiato, co.noleggiato, fi.id_film, fi.titolo, fo.nome
            FROM copia co
            INNER JOIN film fi
            ON co.id_film = fi.id_film
            INNER JOIN fornitore fo
            ON co.id_fornitore = fo.id_fornitore
            WHERE co.id_punto_vendita = 1
            AND co.restituito = 0 
[19/09/2018 20:36:15] - corrId_5ba2971f5c6671.36360342 - Establishing connection to DB 
[19/09/2018 20:36:15] - corrId_5ba2971f5c6671.36360342 - Executing query 
[19/09/2018 20:36:17] - corrId_5ba29721166173.52218014 - Reached StorageManagementService API 
[19/09/2018 20:36:17] - corrId_5ba29721166173.52218014 - Processing GetAlreadyAvailableMovies request. 
[19/09/2018 20:36:17] - corrId_5ba29721166173.52218014 - Token validated. 
[19/09/2018 20:36:17] - corrId_5ba2972117c767.99578206 - Reached GetAllItemsService API 
[19/09/2018 20:36:17] - corrId_5ba2972117c767.99578206 - Processing GetAllSuppliers request. 
[19/09/2018 20:36:17] - corrId_5ba29721166173.52218014 - Establishing connection to DB 
[19/09/2018 20:36:17] - corrId_5ba2972117c767.99578206 - Token validated. 
[19/09/2018 20:36:17] - corrId_5ba29721166173.52218014 - Executing query 
[19/09/2018 20:36:17] - corrId_5ba2972117c767.99578206 - Establishing connection to DB 
[19/09/2018 20:36:17] - corrId_5ba2972117c767.99578206 - Executing query 
[19/09/2018 20:36:26] - corrId_5ba2972a0e3515.57365038 - Reached StorageManagementService API 
[19/09/2018 20:36:26] - corrId_5ba2972a0e3515.57365038 - Processing UnloadCopies request. 
[19/09/2018 20:36:26] - corrId_5ba2972a0e3515.57365038 - Token validated. 
[19/09/2018 20:36:26] - corrId_5ba2972a0e3515.57365038 - Query: INSERT INTO copia
            (id_film, id_punto_vendita, id_fornitore)
            VALUES (14, 1, 3), (14, 1, 3), (14, 1, 3), (14, 1, 3), (14, 1, 3) 
[19/09/2018 20:36:26] - corrId_5ba2972a0e3515.57365038 - Establishing connection to DB 
[19/09/2018 20:36:26] - corrId_5ba2972a0e3515.57365038 - Executing query 
[19/09/2018 20:36:26] - corrId_5ba2972a137847.64905257 - Reached StorageManagementService API 
[19/09/2018 20:36:26] - corrId_5ba2972a137847.64905257 - Processing GetVideosInStorage request. 
[19/09/2018 20:36:26] - corrId_5ba2972a137847.64905257 - Token validated. 
[19/09/2018 20:36:26] - corrId_5ba2972a137847.64905257 - Query: SELECT co.id_copia, co.data_scarico, co.danneggiato, co.noleggiato, fi.id_film, fi.titolo, fo.nome
            FROM copia co
            INNER JOIN film fi
            ON co.id_film = fi.id_film
            INNER JOIN fornitore fo
            ON co.id_fornitore = fo.id_fornitore
            WHERE co.id_punto_vendita = 1
            AND co.restituito = 0 
[19/09/2018 20:36:26] - corrId_5ba2972a137847.64905257 - Establishing connection to DB 
[19/09/2018 20:36:26] - corrId_5ba2972a137847.64905257 - Executing query 
[19/09/2018 20:44:43] - corrId_5ba2991b411fa5.56171018 - Reached StorageManagementService API 
[19/09/2018 20:44:43] - corrId_5ba2991b411fa5.56171018 - Processing GetVideosInStorage request. 
[19/09/2018 20:44:43] - corrId_5ba2991b411fa5.56171018 - Token validated. 
[19/09/2018 20:44:43] - corrId_5ba2991b411fa5.56171018 - Query: SELECT co.id_copia, co.data_scarico, co.danneggiato, co.noleggiato, fi.id_film, fi.titolo, fo.nome
            FROM copia co
            INNER JOIN film fi
            ON co.id_film = fi.id_film
            INNER JOIN fornitore fo
            ON co.id_fornitore = fo.id_fornitore
            WHERE co.id_punto_vendita = 1
            AND co.restituito = 0 
[19/09/2018 20:44:43] - corrId_5ba2991b411fa5.56171018 - Establishing connection to DB 
[19/09/2018 20:44:43] - corrId_5ba2991b411fa5.56171018 - Executing query 
