[08/09/2018 16:57:44] - corrId_5b93e368dd3225.52287609 - Reached AuthenticationService API 
[08/09/2018 16:57:44] - corrId_5b93e368dd3225.52287609 - Processing Login request. 
[08/09/2018 16:57:44] - corrId_5b93e368dd3225.52287609 - Establishing connection to DB 
[08/09/2018 16:57:44] - corrId_5b93e368dd3225.52287609 - Executing query 
[08/09/2018 16:57:45] - corrId_5b93e368dd3225.52287609 - User  validated, generating Token. 
[08/09/2018 16:57:45] - corrId_5b93e368dd3225.52287609 - Token generated succesfully. 
[08/09/2018 17:44:44] - corrId_5b93ee6cdc59a2.00264424 - Reached AuthenticationService API 
[08/09/2018 17:44:44] - corrId_5b93ee6cdc59a2.00264424 - Processing Login request. 
[08/09/2018 17:44:44] - corrId_5b93ee6cdc59a2.00264424 - Establishing connection to DB 
[08/09/2018 17:44:44] - corrId_5b93ee6cdc59a2.00264424 - Executing query 
[08/09/2018 17:44:45] - corrId_5b93ee6cdc59a2.00264424 - User  validated, generating Token. 
[08/09/2018 17:44:45] - corrId_5b93ee6cdc59a2.00264424 - Token generated succesfully. 
[08/09/2018 19:10:14] - corrId_5b940276181f45.92217273 - Reached AuthenticationService API 
[08/09/2018 19:10:14] - corrId_5b940276181f45.92217273 - Processing Login request. 
[08/09/2018 19:10:14] - corrId_5b940276181f45.92217273 - Establishing connection to DB 
[08/09/2018 19:10:14] - corrId_5b940276181f45.92217273 - Executing query 
[08/09/2018 19:12:32] - corrId_5b9403004bd682.99000283 - Reached AuthenticationService API 
[08/09/2018 19:12:32] - corrId_5b9403004bd682.99000283 - Processing Login request. 
[08/09/2018 19:12:32] - corrId_5b9403004bd682.99000283 - Establishing connection to DB 
[08/09/2018 19:12:32] - corrId_5b9403004bd682.99000283 - Executing query 
[08/09/2018 19:12:32] - corrId_5b9403004bd682.99000283 - User  validated, generating Token. 
[08/09/2018 19:12:32] - corrId_5b9403004bd682.99000283 - Token generated succesfully. 
[08/09/2018 19:25:33] - corrId_5b94060dc35606.29148984 - Reached AuthenticationService API 
[08/09/2018 19:25:33] - corrId_5b94060dc35606.29148984 - Processing Login request. 
[08/09/2018 19:25:33] - corrId_5b94060dc35606.29148984 - Establishing connection to DB 
[08/09/2018 19:25:33] - corrId_5b94060dc35606.29148984 - Executing query 
[08/09/2018 19:25:33] - corrId_5b94060dc35606.29148984 - User  validated, generating Token. 
[08/09/2018 19:25:33] - corrId_5b94060dc35606.29148984 - Token generated succesfully. 
[08/09/2018 19:48:25] - corrId_5b940b6917b1c0.91062585 - Reached AuthenticationService API 
[08/09/2018 19:48:25] - corrId_5b940b6917b1c0.91062585 - Processing Login request. 
[08/09/2018 19:48:25] - corrId_5b940b6917b1c0.91062585 - Establishing connection to DB 
[08/09/2018 19:48:25] - corrId_5b940b6917b1c0.91062585 - Executing query 
[08/09/2018 19:48:25] - corrId_5b940b6917b1c0.91062585 - User  validated, generating Token. 
[08/09/2018 19:48:25] - corrId_5b940b6917b1c0.91062585 - Token generated succesfully. 
