[07/09/2018 00:00:11] - corrId_5b91a36b80dda0.58204034 - Reached AuthenticationService API 
[07/09/2018 00:00:11] - corrId_5b91a36b80dda0.58204034 - Processing Login request. 
[07/09/2018 00:00:11] - corrId_5b91a36b80dda0.58204034 - Establishing connection to DB 
[07/09/2018 00:00:11] - corrId_5b91a36b80dda0.58204034 - Executing query 
[07/09/2018 00:00:11] - corrId_5b91a36b80dda0.58204034 - Error while executing query -> Unknown column 'username' in 'where clause' 
[07/09/2018 00:00:11] - corrId_5b91a36b80dda0.58204034 - Error during the login of user -> Exception: Exception: Unknown column 'username' in 'where clause' in C:\Projects\ProgettiBDC\Videonoleggio\php\DBConnection.php:66
Stack trace:
#0 C:\Projects\ProgettiBDC\Videonoleggio\php\AuthenticationService.php(27): DBConnection->ExecuteQuery('SELECT *\r\n     ...')
#1 C:\Projects\ProgettiBDC\Videonoleggio\php\AuthenticationService.php(43): AuthenticationService->ExecuteQuery('SELECT *\r\n     ...')
#2 C:\Projects\ProgettiBDC\Videonoleggio\php\AuthenticationService.php(161): AuthenticationService->Login()
#3 C:\Projects\ProgettiBDC\Videonoleggio\php\AuthenticationService.php(174): AuthenticationService->Init()
#4 {main} in C:\Projects\ProgettiBDC\Videonoleggio\php\DBConnection.php:75
Stack trace:
#0 C:\Projects\ProgettiBDC\Videonoleggio\php\AuthenticationService.php(27): DBConnection->ExecuteQuery('SELECT *\r\n     ...')
#1 C:\Projects\ProgettiBDC\Videonoleggio\php\AuthenticationService.php(43): AuthenticationService->ExecuteQuery('SELECT *\r\n     ...')
#2 C:\Projects\ProgettiBDC\Videonoleggio\php\AuthenticationService.php(161): AuthenticationService->Login()
#3 C:\Projects\ProgettiBDC\Videonoleggio\php\AuthenticationService.php(174): AuthenticationService->Init()
#4 {main} 
[07/09/2018 00:00:23] - corrId_5b91a377039a94.82232074 - Reached AuthenticationService API 
[07/09/2018 00:00:23] - corrId_5b91a377039a94.82232074 - Processing Login request. 
[07/09/2018 00:00:23] - corrId_5b91a377039a94.82232074 - Establishing connection to DB 
[07/09/2018 00:00:23] - corrId_5b91a377039a94.82232074 - Executing query 
[07/09/2018 00:00:23] - corrId_5b91a377039a94.82232074 - Error while executing query -> Unknown column 'username' in 'where clause' 
[07/09/2018 00:00:23] - corrId_5b91a377039a94.82232074 - Error during the login of user -> Exception: Exception: Unknown column 'username' in 'where clause' in C:\Projects\ProgettiBDC\Videonoleggio\php\DBConnection.php:66
Stack trace:
#0 C:\Projects\ProgettiBDC\Videonoleggio\php\AuthenticationService.php(27): DBConnection->ExecuteQuery('SELECT *\r\n     ...')
#1 C:\Projects\ProgettiBDC\Videonoleggio\php\AuthenticationService.php(43): AuthenticationService->ExecuteQuery('SELECT *\r\n     ...')
#2 C:\Projects\ProgettiBDC\Videonoleggio\php\AuthenticationService.php(161): AuthenticationService->Login()
#3 C:\Projects\ProgettiBDC\Videonoleggio\php\AuthenticationService.php(174): AuthenticationService->Init()
#4 {main} in C:\Projects\ProgettiBDC\Videonoleggio\php\DBConnection.php:75
Stack trace:
#0 C:\Projects\ProgettiBDC\Videonoleggio\php\AuthenticationService.php(27): DBConnection->ExecuteQuery('SELECT *\r\n     ...')
#1 C:\Projects\ProgettiBDC\Videonoleggio\php\AuthenticationService.php(43): AuthenticationService->ExecuteQuery('SELECT *\r\n     ...')
#2 C:\Projects\ProgettiBDC\Videonoleggio\php\AuthenticationService.php(161): AuthenticationService->Login()
#3 C:\Projects\ProgettiBDC\Videonoleggio\php\AuthenticationService.php(174): AuthenticationService->Init()
#4 {main} 
[07/09/2018 00:01:28] - corrId_5b91a3b8f2bfd8.38041802 - Reached AuthenticationService API 
[07/09/2018 00:01:28] - corrId_5b91a3b8f2bfd8.38041802 - Processing Login request. 
[07/09/2018 00:01:29] - corrId_5b91a3b8f2bfd8.38041802 - Establishing connection to DB 
[07/09/2018 00:01:29] - corrId_5b91a3b8f2bfd8.38041802 - Executing query 
[07/09/2018 00:01:29] - corrId_5b91a3b8f2bfd8.38041802 - Error while executing query -> Unknown column 'username' in 'where clause' 
[07/09/2018 00:01:29] - corrId_5b91a3b8f2bfd8.38041802 - Error during the login of user -> Exception: Exception: Unknown column 'username' in 'where clause' in C:\Projects\ProgettiBDC\Videonoleggio\php\DBConnection.php:66
Stack trace:
#0 C:\Projects\ProgettiBDC\Videonoleggio\php\AuthenticationService.php(27): DBConnection->ExecuteQuery('SELECT *\r\n     ...')
#1 C:\Projects\ProgettiBDC\Videonoleggio\php\AuthenticationService.php(43): AuthenticationService->ExecuteQuery('SELECT *\r\n     ...')
#2 C:\Projects\ProgettiBDC\Videonoleggio\php\AuthenticationService.php(161): AuthenticationService->Login()
#3 C:\Projects\ProgettiBDC\Videonoleggio\php\AuthenticationService.php(174): AuthenticationService->Init()
#4 {main} in C:\Projects\ProgettiBDC\Videonoleggio\php\DBConnection.php:75
Stack trace:
#0 C:\Projects\ProgettiBDC\Videonoleggio\php\AuthenticationService.php(27): DBConnection->ExecuteQuery('SELECT *\r\n     ...')
#1 C:\Projects\ProgettiBDC\Videonoleggio\php\AuthenticationService.php(43): AuthenticationService->ExecuteQuery('SELECT *\r\n     ...')
#2 C:\Projects\ProgettiBDC\Videonoleggio\php\AuthenticationService.php(161): AuthenticationService->Login()
#3 C:\Projects\ProgettiBDC\Videonoleggio\php\AuthenticationService.php(174): AuthenticationService->Init()
#4 {main} 
[07/09/2018 00:02:53] - corrId_5b91a40d9414a7.32564854 - Reached AuthenticationService API 
[07/09/2018 00:02:53] - corrId_5b91a40d9414a7.32564854 - Processing Login request. 
[07/09/2018 00:02:53] - corrId_5b91a40d9414a7.32564854 - Establishing connection to DB 
[07/09/2018 00:02:53] - corrId_5b91a40d9414a7.32564854 - Executing query 
[07/09/2018 00:02:53] - corrId_5b91a40d9414a7.32564854 - Error while executing query -> Unknown column 'username' in 'where clause' 
[07/09/2018 00:02:53] - corrId_5b91a40d9414a7.32564854 - Error during the login of user -> Exception: Exception: Unknown column 'username' in 'where clause' in C:\Projects\ProgettiBDC\Videonoleggio\php\DBConnection.php:66
Stack trace:
#0 C:\Projects\ProgettiBDC\Videonoleggio\php\AuthenticationService.php(27): DBConnection->ExecuteQuery('SELECT *\r\n     ...')
#1 C:\Projects\ProgettiBDC\Videonoleggio\php\AuthenticationService.php(43): AuthenticationService->ExecuteQuery('SELECT *\r\n     ...')
#2 C:\Projects\ProgettiBDC\Videonoleggio\php\AuthenticationService.php(161): AuthenticationService->Login()
#3 C:\Projects\ProgettiBDC\Videonoleggio\php\AuthenticationService.php(174): AuthenticationService->Init()
#4 {main} in C:\Projects\ProgettiBDC\Videonoleggio\php\DBConnection.php:75
Stack trace:
#0 C:\Projects\ProgettiBDC\Videonoleggio\php\AuthenticationService.php(27): DBConnection->ExecuteQuery('SELECT *\r\n     ...')
#1 C:\Projects\ProgettiBDC\Videonoleggio\php\AuthenticationService.php(43): AuthenticationService->ExecuteQuery('SELECT *\r\n     ...')
#2 C:\Projects\ProgettiBDC\Videonoleggio\php\AuthenticationService.php(161): AuthenticationService->Login()
#3 C:\Projects\ProgettiBDC\Videonoleggio\php\AuthenticationService.php(174): AuthenticationService->Init()
#4 {main} 
[07/09/2018 00:02:55] - corrId_5b91a40fd6b096.38816061 - Reached AuthenticationService API 
[07/09/2018 00:02:55] - corrId_5b91a40fd6b096.38816061 - Processing Login request. 
[07/09/2018 00:02:55] - corrId_5b91a40fd6b096.38816061 - Establishing connection to DB 
[07/09/2018 00:02:55] - corrId_5b91a40fd6b096.38816061 - Executing query 
[07/09/2018 00:02:55] - corrId_5b91a40fd6b096.38816061 - Error while executing query -> Unknown column 'username' in 'where clause' 
[07/09/2018 00:02:55] - corrId_5b91a40fd6b096.38816061 - Error during the login of user -> Exception: Exception: Unknown column 'username' in 'where clause' in C:\Projects\ProgettiBDC\Videonoleggio\php\DBConnection.php:66
Stack trace:
#0 C:\Projects\ProgettiBDC\Videonoleggio\php\AuthenticationService.php(27): DBConnection->ExecuteQuery('SELECT *\r\n     ...')
#1 C:\Projects\ProgettiBDC\Videonoleggio\php\AuthenticationService.php(43): AuthenticationService->ExecuteQuery('SELECT *\r\n     ...')
#2 C:\Projects\ProgettiBDC\Videonoleggio\php\AuthenticationService.php(161): AuthenticationService->Login()
#3 C:\Projects\ProgettiBDC\Videonoleggio\php\AuthenticationService.php(174): AuthenticationService->Init()
#4 {main} in C:\Projects\ProgettiBDC\Videonoleggio\php\DBConnection.php:75
Stack trace:
#0 C:\Projects\ProgettiBDC\Videonoleggio\php\AuthenticationService.php(27): DBConnection->ExecuteQuery('SELECT *\r\n     ...')
#1 C:\Projects\ProgettiBDC\Videonoleggio\php\AuthenticationService.php(43): AuthenticationService->ExecuteQuery('SELECT *\r\n     ...')
#2 C:\Projects\ProgettiBDC\Videonoleggio\php\AuthenticationService.php(161): AuthenticationService->Login()
#3 C:\Projects\ProgettiBDC\Videonoleggio\php\AuthenticationService.php(174): AuthenticationService->Init()
#4 {main} 
[07/09/2018 00:02:57] - corrId_5b91a411a07736.67092022 - Reached AuthenticationService API 
[07/09/2018 00:02:57] - corrId_5b91a411a07736.67092022 - Processing Login request. 
[07/09/2018 00:02:57] - corrId_5b91a411a07736.67092022 - Establishing connection to DB 
[07/09/2018 00:02:57] - corrId_5b91a411a07736.67092022 - Executing query 
[07/09/2018 00:02:57] - corrId_5b91a411a07736.67092022 - Error while executing query -> Unknown column 'username' in 'where clause' 
[07/09/2018 00:02:57] - corrId_5b91a411a07736.67092022 - Error during the login of user -> Exception: Exception: Unknown column 'username' in 'where clause' in C:\Projects\ProgettiBDC\Videonoleggio\php\DBConnection.php:66
Stack trace:
#0 C:\Projects\ProgettiBDC\Videonoleggio\php\AuthenticationService.php(27): DBConnection->ExecuteQuery('SELECT *\r\n     ...')
#1 C:\Projects\ProgettiBDC\Videonoleggio\php\AuthenticationService.php(43): AuthenticationService->ExecuteQuery('SELECT *\r\n     ...')
#2 C:\Projects\ProgettiBDC\Videonoleggio\php\AuthenticationService.php(161): AuthenticationService->Login()
#3 C:\Projects\ProgettiBDC\Videonoleggio\php\AuthenticationService.php(174): AuthenticationService->Init()
#4 {main} in C:\Projects\ProgettiBDC\Videonoleggio\php\DBConnection.php:75
Stack trace:
#0 C:\Projects\ProgettiBDC\Videonoleggio\php\AuthenticationService.php(27): DBConnection->ExecuteQuery('SELECT *\r\n     ...')
#1 C:\Projects\ProgettiBDC\Videonoleggio\php\AuthenticationService.php(43): AuthenticationService->ExecuteQuery('SELECT *\r\n     ...')
#2 C:\Projects\ProgettiBDC\Videonoleggio\php\AuthenticationService.php(161): AuthenticationService->Login()
#3 C:\Projects\ProgettiBDC\Videonoleggio\php\AuthenticationService.php(174): AuthenticationService->Init()
#4 {main} 
[07/09/2018 00:05:14] - corrId_5b91a49a4e2b73.95536082 - Reached AuthenticationService API 
[07/09/2018 00:05:14] - corrId_5b91a49a4e2b73.95536082 - Processing Login request. 
[07/09/2018 00:05:14] - corrId_5b91a49a4e2b73.95536082 - Establishing connection to DB 
[07/09/2018 00:05:14] - corrId_5b91a49a4e2b73.95536082 - Executing query 
[07/09/2018 00:05:14] - corrId_5b91a49a4e2b73.95536082 - Error while executing query -> Unknown column 'username' in 'where clause' 
[07/09/2018 00:05:14] - corrId_5b91a49a4e2b73.95536082 - Error during the login of user -> Exception: Exception: Unknown column 'username' in 'where clause' in C:\Projects\ProgettiBDC\Videonoleggio\php\DBConnection.php:66
Stack trace:
#0 C:\Projects\ProgettiBDC\Videonoleggio\php\AuthenticationService.php(27): DBConnection->ExecuteQuery('SELECT *\r\n     ...')
#1 C:\Projects\ProgettiBDC\Videonoleggio\php\AuthenticationService.php(43): AuthenticationService->ExecuteQuery('SELECT *\r\n     ...')
#2 C:\Projects\ProgettiBDC\Videonoleggio\php\AuthenticationService.php(161): AuthenticationService->Login()
#3 C:\Projects\ProgettiBDC\Videonoleggio\php\AuthenticationService.php(174): AuthenticationService->Init()
#4 {main} in C:\Projects\ProgettiBDC\Videonoleggio\php\DBConnection.php:75
Stack trace:
#0 C:\Projects\ProgettiBDC\Videonoleggio\php\AuthenticationService.php(27): DBConnection->ExecuteQuery('SELECT *\r\n     ...')
#1 C:\Projects\ProgettiBDC\Videonoleggio\php\AuthenticationService.php(43): AuthenticationService->ExecuteQuery('SELECT *\r\n     ...')
#2 C:\Projects\ProgettiBDC\Videonoleggio\php\AuthenticationService.php(161): AuthenticationService->Login()
#3 C:\Projects\ProgettiBDC\Videonoleggio\php\AuthenticationService.php(174): AuthenticationService->Init()
#4 {main} 
[07/09/2018 00:06:46] - corrId_5b91a4f655aca0.10354754 - Reached AuthenticationService API 
[07/09/2018 00:06:46] - corrId_5b91a4f655aca0.10354754 - Processing Login request. 
[07/09/2018 00:06:46] - corrId_5b91a4f655aca0.10354754 - Establishing connection to DB 
[07/09/2018 00:06:46] - corrId_5b91a4f655aca0.10354754 - Executing query 
[07/09/2018 00:06:46] - corrId_5b91a4f655aca0.10354754 - Error while executing query -> Unknown column 'username' in 'where clause' 
[07/09/2018 00:06:46] - corrId_5b91a4f655aca0.10354754 - Error during the login of user -> Exception: Exception: Unknown column 'username' in 'where clause' in C:\Projects\ProgettiBDC\Videonoleggio\php\DBConnection.php:66
Stack trace:
#0 C:\Projects\ProgettiBDC\Videonoleggio\php\AuthenticationService.php(27): DBConnection->ExecuteQuery('SELECT *\r\n     ...')
#1 C:\Projects\ProgettiBDC\Videonoleggio\php\AuthenticationService.php(43): AuthenticationService->ExecuteQuery('SELECT *\r\n     ...')
#2 C:\Projects\ProgettiBDC\Videonoleggio\php\AuthenticationService.php(161): AuthenticationService->Login()
#3 C:\Projects\ProgettiBDC\Videonoleggio\php\AuthenticationService.php(174): AuthenticationService->Init()
#4 {main} in C:\Projects\ProgettiBDC\Videonoleggio\php\DBConnection.php:75
Stack trace:
#0 C:\Projects\ProgettiBDC\Videonoleggio\php\AuthenticationService.php(27): DBConnection->ExecuteQuery('SELECT *\r\n     ...')
#1 C:\Projects\ProgettiBDC\Videonoleggio\php\AuthenticationService.php(43): AuthenticationService->ExecuteQuery('SELECT *\r\n     ...')
#2 C:\Projects\ProgettiBDC\Videonoleggio\php\AuthenticationService.php(161): AuthenticationService->Login()
#3 C:\Projects\ProgettiBDC\Videonoleggio\php\AuthenticationService.php(174): AuthenticationService->Init()
#4 {main} 
[07/09/2018 00:06:52] - corrId_5b91a4fc03e166.06828074 - Reached AuthenticationService API 
[07/09/2018 00:06:52] - corrId_5b91a4fc03e166.06828074 - Processing Login request. 
[07/09/2018 00:06:52] - corrId_5b91a4fc03e166.06828074 - Establishing connection to DB 
[07/09/2018 00:06:52] - corrId_5b91a4fc03e166.06828074 - Executing query 
[07/09/2018 00:06:52] - corrId_5b91a4fc03e166.06828074 - Error while executing query -> Unknown column 'username' in 'where clause' 
[07/09/2018 00:06:52] - corrId_5b91a4fc03e166.06828074 - Error during the login of user -> Exception: Exception: Unknown column 'username' in 'where clause' in C:\Projects\ProgettiBDC\Videonoleggio\php\DBConnection.php:66
Stack trace:
#0 C:\Projects\ProgettiBDC\Videonoleggio\php\AuthenticationService.php(27): DBConnection->ExecuteQuery('SELECT *\r\n     ...')
#1 C:\Projects\ProgettiBDC\Videonoleggio\php\AuthenticationService.php(43): AuthenticationService->ExecuteQuery('SELECT *\r\n     ...')
#2 C:\Projects\ProgettiBDC\Videonoleggio\php\AuthenticationService.php(161): AuthenticationService->Login()
#3 C:\Projects\ProgettiBDC\Videonoleggio\php\AuthenticationService.php(174): AuthenticationService->Init()
#4 {main} in C:\Projects\ProgettiBDC\Videonoleggio\php\DBConnection.php:75
Stack trace:
#0 C:\Projects\ProgettiBDC\Videonoleggio\php\AuthenticationService.php(27): DBConnection->ExecuteQuery('SELECT *\r\n     ...')
#1 C:\Projects\ProgettiBDC\Videonoleggio\php\AuthenticationService.php(43): AuthenticationService->ExecuteQuery('SELECT *\r\n     ...')
#2 C:\Projects\ProgettiBDC\Videonoleggio\php\AuthenticationService.php(161): AuthenticationService->Login()
#3 C:\Projects\ProgettiBDC\Videonoleggio\php\AuthenticationService.php(174): AuthenticationService->Init()
#4 {main} 
[07/09/2018 00:06:54] - corrId_5b91a4fe73e3d6.32605590 - Reached AuthenticationService API 
[07/09/2018 00:06:54] - corrId_5b91a4fe73e3d6.32605590 - Processing Login request. 
[07/09/2018 00:06:54] - corrId_5b91a4fe73e3d6.32605590 - Establishing connection to DB 
[07/09/2018 00:06:54] - corrId_5b91a4fe73e3d6.32605590 - Executing query 
[07/09/2018 00:06:54] - corrId_5b91a4fe73e3d6.32605590 - Error while executing query -> Unknown column 'username' in 'where clause' 
[07/09/2018 00:06:54] - corrId_5b91a4fe73e3d6.32605590 - Error during the login of user -> Exception: Exception: Unknown column 'username' in 'where clause' in C:\Projects\ProgettiBDC\Videonoleggio\php\DBConnection.php:66
Stack trace:
#0 C:\Projects\ProgettiBDC\Videonoleggio\php\AuthenticationService.php(27): DBConnection->ExecuteQuery('SELECT *\r\n     ...')
#1 C:\Projects\ProgettiBDC\Videonoleggio\php\AuthenticationService.php(43): AuthenticationService->ExecuteQuery('SELECT *\r\n     ...')
#2 C:\Projects\ProgettiBDC\Videonoleggio\php\AuthenticationService.php(161): AuthenticationService->Login()
#3 C:\Projects\ProgettiBDC\Videonoleggio\php\AuthenticationService.php(174): AuthenticationService->Init()
#4 {main} in C:\Projects\ProgettiBDC\Videonoleggio\php\DBConnection.php:75
Stack trace:
#0 C:\Projects\ProgettiBDC\Videonoleggio\php\AuthenticationService.php(27): DBConnection->ExecuteQuery('SELECT *\r\n     ...')
#1 C:\Projects\ProgettiBDC\Videonoleggio\php\AuthenticationService.php(43): AuthenticationService->ExecuteQuery('SELECT *\r\n     ...')
#2 C:\Projects\ProgettiBDC\Videonoleggio\php\AuthenticationService.php(161): AuthenticationService->Login()
#3 C:\Projects\ProgettiBDC\Videonoleggio\php\AuthenticationService.php(174): AuthenticationService->Init()
#4 {main} 
[07/09/2018 00:06:57] - corrId_5b91a501e9adc3.05280841 - Reached AuthenticationService API 
[07/09/2018 00:06:57] - corrId_5b91a501e9adc3.05280841 - Processing Login request. 
[07/09/2018 00:06:57] - corrId_5b91a501e9adc3.05280841 - Establishing connection to DB 
[07/09/2018 00:06:57] - corrId_5b91a501e9adc3.05280841 - Executing query 
[07/09/2018 00:06:57] - corrId_5b91a501e9adc3.05280841 - Error while executing query -> Unknown column 'username' in 'where clause' 
[07/09/2018 00:06:57] - corrId_5b91a501e9adc3.05280841 - Error during the login of user -> Exception: Exception: Unknown column 'username' in 'where clause' in C:\Projects\ProgettiBDC\Videonoleggio\php\DBConnection.php:66
Stack trace:
#0 C:\Projects\ProgettiBDC\Videonoleggio\php\AuthenticationService.php(27): DBConnection->ExecuteQuery('SELECT *\r\n     ...')
#1 C:\Projects\ProgettiBDC\Videonoleggio\php\AuthenticationService.php(43): AuthenticationService->ExecuteQuery('SELECT *\r\n     ...')
#2 C:\Projects\ProgettiBDC\Videonoleggio\php\AuthenticationService.php(161): AuthenticationService->Login()
#3 C:\Projects\ProgettiBDC\Videonoleggio\php\AuthenticationService.php(174): AuthenticationService->Init()
#4 {main} in C:\Projects\ProgettiBDC\Videonoleggio\php\DBConnection.php:75
Stack trace:
#0 C:\Projects\ProgettiBDC\Videonoleggio\php\AuthenticationService.php(27): DBConnection->ExecuteQuery('SELECT *\r\n     ...')
#1 C:\Projects\ProgettiBDC\Videonoleggio\php\AuthenticationService.php(43): AuthenticationService->ExecuteQuery('SELECT *\r\n     ...')
#2 C:\Projects\ProgettiBDC\Videonoleggio\php\AuthenticationService.php(161): AuthenticationService->Login()
#3 C:\Projects\ProgettiBDC\Videonoleggio\php\AuthenticationService.php(174): AuthenticationService->Init()
#4 {main} 
[07/09/2018 00:07:35] - corrId_5b91a527ae9dc6.71561707 - Reached AuthenticationService API 
[07/09/2018 00:07:35] - corrId_5b91a527ae9dc6.71561707 - Processing Login request. 
[07/09/2018 00:07:35] - corrId_5b91a527ae9dc6.71561707 - Establishing connection to DB 
[07/09/2018 00:07:35] - corrId_5b91a527ae9dc6.71561707 - Executing query 
[07/09/2018 00:07:35] - corrId_5b91a527ae9dc6.71561707 - Error while executing query -> Unknown column 'username' in 'where clause' 
[07/09/2018 00:07:35] - corrId_5b91a527ae9dc6.71561707 - Error during the login of user -> Exception: Exception: Unknown column 'username' in 'where clause' in C:\Projects\ProgettiBDC\Videonoleggio\php\DBConnection.php:66
Stack trace:
#0 C:\Projects\ProgettiBDC\Videonoleggio\php\AuthenticationService.php(27): DBConnection->ExecuteQuery('SELECT *\r\n     ...')
#1 C:\Projects\ProgettiBDC\Videonoleggio\php\AuthenticationService.php(43): AuthenticationService->ExecuteQuery('SELECT *\r\n     ...')
#2 C:\Projects\ProgettiBDC\Videonoleggio\php\AuthenticationService.php(161): AuthenticationService->Login()
#3 C:\Projects\ProgettiBDC\Videonoleggio\php\AuthenticationService.php(174): AuthenticationService->Init()
#4 {main} in C:\Projects\ProgettiBDC\Videonoleggio\php\DBConnection.php:75
Stack trace:
#0 C:\Projects\ProgettiBDC\Videonoleggio\php\AuthenticationService.php(27): DBConnection->ExecuteQuery('SELECT *\r\n     ...')
#1 C:\Projects\ProgettiBDC\Videonoleggio\php\AuthenticationService.php(43): AuthenticationService->ExecuteQuery('SELECT *\r\n     ...')
#2 C:\Projects\ProgettiBDC\Videonoleggio\php\AuthenticationService.php(161): AuthenticationService->Login()
#3 C:\Projects\ProgettiBDC\Videonoleggio\php\AuthenticationService.php(174): AuthenticationService->Init()
#4 {main} 
[07/09/2018 00:07:37] - corrId_5b91a529c9ad09.23765805 - Reached AuthenticationService API 
[07/09/2018 00:07:37] - corrId_5b91a529c9ad09.23765805 - Processing Login request. 
[07/09/2018 00:07:37] - corrId_5b91a529c9ad09.23765805 - Establishing connection to DB 
[07/09/2018 00:07:37] - corrId_5b91a529c9ad09.23765805 - Executing query 
[07/09/2018 00:07:37] - corrId_5b91a529c9ad09.23765805 - Error while executing query -> Unknown column 'username' in 'where clause' 
[07/09/2018 00:07:37] - corrId_5b91a529c9ad09.23765805 - Error during the login of user -> Exception: Exception: Unknown column 'username' in 'where clause' in C:\Projects\ProgettiBDC\Videonoleggio\php\DBConnection.php:66
Stack trace:
#0 C:\Projects\ProgettiBDC\Videonoleggio\php\AuthenticationService.php(27): DBConnection->ExecuteQuery('SELECT *\r\n     ...')
#1 C:\Projects\ProgettiBDC\Videonoleggio\php\AuthenticationService.php(43): AuthenticationService->ExecuteQuery('SELECT *\r\n     ...')
#2 C:\Projects\ProgettiBDC\Videonoleggio\php\AuthenticationService.php(161): AuthenticationService->Login()
#3 C:\Projects\ProgettiBDC\Videonoleggio\php\AuthenticationService.php(174): AuthenticationService->Init()
#4 {main} in C:\Projects\ProgettiBDC\Videonoleggio\php\DBConnection.php:75
Stack trace:
#0 C:\Projects\ProgettiBDC\Videonoleggio\php\AuthenticationService.php(27): DBConnection->ExecuteQuery('SELECT *\r\n     ...')
#1 C:\Projects\ProgettiBDC\Videonoleggio\php\AuthenticationService.php(43): AuthenticationService->ExecuteQuery('SELECT *\r\n     ...')
#2 C:\Projects\ProgettiBDC\Videonoleggio\php\AuthenticationService.php(161): AuthenticationService->Login()
#3 C:\Projects\ProgettiBDC\Videonoleggio\php\AuthenticationService.php(174): AuthenticationService->Init()
#4 {main} 
[07/09/2018 00:08:20] - corrId_5b91a5549c5006.57423480 - Reached AuthenticationService API 
[07/09/2018 00:08:20] - corrId_5b91a5549c5006.57423480 - Processing Login request. 
[07/09/2018 00:08:20] - corrId_5b91a5549c5006.57423480 - Establishing connection to DB 
[07/09/2018 00:08:20] - corrId_5b91a5549c5006.57423480 - Executing query 
[07/09/2018 00:08:20] - corrId_5b91a5549c5006.57423480 - Error while executing query -> Unknown column 'username' in 'where clause' 
[07/09/2018 00:08:20] - corrId_5b91a5549c5006.57423480 - Error during the login of user -> Exception: Exception: Unknown column 'username' in 'where clause' in C:\Projects\ProgettiBDC\Videonoleggio\php\DBConnection.php:66
Stack trace:
#0 C:\Projects\ProgettiBDC\Videonoleggio\php\AuthenticationService.php(27): DBConnection->ExecuteQuery('SELECT *\r\n     ...')
#1 C:\Projects\ProgettiBDC\Videonoleggio\php\AuthenticationService.php(43): AuthenticationService->ExecuteQuery('SELECT *\r\n     ...')
#2 C:\Projects\ProgettiBDC\Videonoleggio\php\AuthenticationService.php(161): AuthenticationService->Login()
#3 C:\Projects\ProgettiBDC\Videonoleggio\php\AuthenticationService.php(174): AuthenticationService->Init()
#4 {main} in C:\Projects\ProgettiBDC\Videonoleggio\php\DBConnection.php:75
Stack trace:
#0 C:\Projects\ProgettiBDC\Videonoleggio\php\AuthenticationService.php(27): DBConnection->ExecuteQuery('SELECT *\r\n     ...')
#1 C:\Projects\ProgettiBDC\Videonoleggio\php\AuthenticationService.php(43): AuthenticationService->ExecuteQuery('SELECT *\r\n     ...')
#2 C:\Projects\ProgettiBDC\Videonoleggio\php\AuthenticationService.php(161): AuthenticationService->Login()
#3 C:\Projects\ProgettiBDC\Videonoleggio\php\AuthenticationService.php(174): AuthenticationService->Init()
#4 {main} 
[07/09/2018 00:11:20] - corrId_5b91a608b98912.12952981 - Reached AuthenticationService API 
[07/09/2018 00:11:20] - corrId_5b91a608b98912.12952981 - Processing Login request. 
[07/09/2018 00:11:20] - corrId_5b91a608b98912.12952981 - Establishing connection to DB 
[07/09/2018 00:11:20] - corrId_5b91a608b98912.12952981 - Executing query 
[07/09/2018 00:11:20] - corrId_5b91a608b98912.12952981 - Error while executing query -> Unknown column 'username' in 'where clause' 
[07/09/2018 00:11:20] - corrId_5b91a608b98912.12952981 - Error during the login of user -> Exception: Exception: Unknown column 'username' in 'where clause' in C:\Projects\ProgettiBDC\Videonoleggio\php\DBConnection.php:66
Stack trace:
#0 C:\Projects\ProgettiBDC\Videonoleggio\php\AuthenticationService.php(27): DBConnection->ExecuteQuery('SELECT *\r\n     ...')
#1 C:\Projects\ProgettiBDC\Videonoleggio\php\AuthenticationService.php(43): AuthenticationService->ExecuteQuery('SELECT *\r\n     ...')
#2 C:\Projects\ProgettiBDC\Videonoleggio\php\AuthenticationService.php(161): AuthenticationService->Login()
#3 C:\Projects\ProgettiBDC\Videonoleggio\php\AuthenticationService.php(174): AuthenticationService->Init()
#4 {main} in C:\Projects\ProgettiBDC\Videonoleggio\php\DBConnection.php:75
Stack trace:
#0 C:\Projects\ProgettiBDC\Videonoleggio\php\AuthenticationService.php(27): DBConnection->ExecuteQuery('SELECT *\r\n     ...')
#1 C:\Projects\ProgettiBDC\Videonoleggio\php\AuthenticationService.php(43): AuthenticationService->ExecuteQuery('SELECT *\r\n     ...')
#2 C:\Projects\ProgettiBDC\Videonoleggio\php\AuthenticationService.php(161): AuthenticationService->Login()
#3 C:\Projects\ProgettiBDC\Videonoleggio\php\AuthenticationService.php(174): AuthenticationService->Init()
#4 {main} 
[07/09/2018 00:11:30] - corrId_5b91a6127ee454.17797064 - Reached AuthenticationService API 
[07/09/2018 00:11:30] - corrId_5b91a6127ee454.17797064 - Processing Login request. 
[07/09/2018 00:11:30] - corrId_5b91a6127ee454.17797064 - Establishing connection to DB 
[07/09/2018 00:11:30] - corrId_5b91a6127ee454.17797064 - Executing query 
[07/09/2018 00:11:30] - corrId_5b91a6127ee454.17797064 - Error while executing query -> Unknown column 'username' in 'where clause' 
[07/09/2018 00:11:30] - corrId_5b91a6127ee454.17797064 - Error during the login of user -> Exception: Exception: Unknown column 'username' in 'where clause' in C:\Projects\ProgettiBDC\Videonoleggio\php\DBConnection.php:66
Stack trace:
#0 C:\Projects\ProgettiBDC\Videonoleggio\php\AuthenticationService.php(27): DBConnection->ExecuteQuery('SELECT *\r\n     ...')
#1 C:\Projects\ProgettiBDC\Videonoleggio\php\AuthenticationService.php(43): AuthenticationService->ExecuteQuery('SELECT *\r\n     ...')
#2 C:\Projects\ProgettiBDC\Videonoleggio\php\AuthenticationService.php(161): AuthenticationService->Login()
#3 C:\Projects\ProgettiBDC\Videonoleggio\php\AuthenticationService.php(174): AuthenticationService->Init()
#4 {main} in C:\Projects\ProgettiBDC\Videonoleggio\php\DBConnection.php:75
Stack trace:
#0 C:\Projects\ProgettiBDC\Videonoleggio\php\AuthenticationService.php(27): DBConnection->ExecuteQuery('SELECT *\r\n     ...')
#1 C:\Projects\ProgettiBDC\Videonoleggio\php\AuthenticationService.php(43): AuthenticationService->ExecuteQuery('SELECT *\r\n     ...')
#2 C:\Projects\ProgettiBDC\Videonoleggio\php\AuthenticationService.php(161): AuthenticationService->Login()
#3 C:\Projects\ProgettiBDC\Videonoleggio\php\AuthenticationService.php(174): AuthenticationService->Init()
#4 {main} 
[07/09/2018 00:12:09] - corrId_5b91a639e504e7.77545476 - Reached AuthenticationService API 
[07/09/2018 00:12:09] - corrId_5b91a639e504e7.77545476 - Processing Login request. 
[07/09/2018 00:12:09] - corrId_5b91a639e504e7.77545476 - Establishing connection to DB 
[07/09/2018 00:12:09] - corrId_5b91a639e504e7.77545476 - Executing query 
[07/09/2018 00:12:09] - corrId_5b91a639e504e7.77545476 - Error while executing query -> Unknown column 'username' in 'where clause' 
[07/09/2018 00:12:09] - corrId_5b91a639e504e7.77545476 - Error during the login of user -> Exception: Exception: Unknown column 'username' in 'where clause' in C:\Projects\ProgettiBDC\Videonoleggio\php\DBConnection.php:66
Stack trace:
#0 C:\Projects\ProgettiBDC\Videonoleggio\php\AuthenticationService.php(27): DBConnection->ExecuteQuery('SELECT *\r\n     ...')
#1 C:\Projects\ProgettiBDC\Videonoleggio\php\AuthenticationService.php(43): AuthenticationService->ExecuteQuery('SELECT *\r\n     ...')
#2 C:\Projects\ProgettiBDC\Videonoleggio\php\AuthenticationService.php(161): AuthenticationService->Login()
#3 C:\Projects\ProgettiBDC\Videonoleggio\php\AuthenticationService.php(174): AuthenticationService->Init()
#4 {main} in C:\Projects\ProgettiBDC\Videonoleggio\php\DBConnection.php:75
Stack trace:
#0 C:\Projects\ProgettiBDC\Videonoleggio\php\AuthenticationService.php(27): DBConnection->ExecuteQuery('SELECT *\r\n     ...')
#1 C:\Projects\ProgettiBDC\Videonoleggio\php\AuthenticationService.php(43): AuthenticationService->ExecuteQuery('SELECT *\r\n     ...')
#2 C:\Projects\ProgettiBDC\Videonoleggio\php\AuthenticationService.php(161): AuthenticationService->Login()
#3 C:\Projects\ProgettiBDC\Videonoleggio\php\AuthenticationService.php(174): AuthenticationService->Init()
#4 {main} 
[07/09/2018 00:19:52] - corrId_5b91a808321880.66614424 - Reached AuthenticationService API 
[07/09/2018 00:19:52] - corrId_5b91a808321880.66614424 - Processing Login request. 
[07/09/2018 00:19:52] - corrId_5b91a808321880.66614424 - Establishing connection to DB 
[07/09/2018 00:19:52] - corrId_5b91a808321880.66614424 - Executing query 
[07/09/2018 00:19:52] - corrId_5b91a808321880.66614424 - Error while executing query -> Unknown column 'username' in 'where clause' 
[07/09/2018 00:19:52] - corrId_5b91a808321880.66614424 - Error during the login of user -> Exception: Exception: Unknown column 'username' in 'where clause' in C:\Projects\ProgettiBDC\Videonoleggio\php\DBConnection.php:66
Stack trace:
#0 C:\Projects\ProgettiBDC\Videonoleggio\php\AuthenticationService.php(27): DBConnection->ExecuteQuery('SELECT *\r\n     ...')
#1 C:\Projects\ProgettiBDC\Videonoleggio\php\AuthenticationService.php(43): AuthenticationService->ExecuteQuery('SELECT *\r\n     ...')
#2 C:\Projects\ProgettiBDC\Videonoleggio\php\AuthenticationService.php(161): AuthenticationService->Login()
#3 C:\Projects\ProgettiBDC\Videonoleggio\php\AuthenticationService.php(174): AuthenticationService->Init()
#4 {main} in C:\Projects\ProgettiBDC\Videonoleggio\php\DBConnection.php:75
Stack trace:
#0 C:\Projects\ProgettiBDC\Videonoleggio\php\AuthenticationService.php(27): DBConnection->ExecuteQuery('SELECT *\r\n     ...')
#1 C:\Projects\ProgettiBDC\Videonoleggio\php\AuthenticationService.php(43): AuthenticationService->ExecuteQuery('SELECT *\r\n     ...')
#2 C:\Projects\ProgettiBDC\Videonoleggio\php\AuthenticationService.php(161): AuthenticationService->Login()
#3 C:\Projects\ProgettiBDC\Videonoleggio\php\AuthenticationService.php(174): AuthenticationService->Init()
#4 {main} 
[07/09/2018 00:20:03] - corrId_5b91a813bc2671.37262458 - Reached AuthenticationService API 
[07/09/2018 00:20:03] - corrId_5b91a813bc2671.37262458 - Processing Login request. 
[07/09/2018 00:20:03] - corrId_5b91a813bc2671.37262458 - Establishing connection to DB 
[07/09/2018 00:20:03] - corrId_5b91a813bc2671.37262458 - Executing query 
[07/09/2018 00:20:03] - corrId_5b91a813bc2671.37262458 - Error while executing query -> Unknown column 'username' in 'where clause' 
[07/09/2018 00:20:03] - corrId_5b91a813bc2671.37262458 - Error during the login of user -> Exception: Exception: Unknown column 'username' in 'where clause' in C:\Projects\ProgettiBDC\Videonoleggio\php\DBConnection.php:66
Stack trace:
#0 C:\Projects\ProgettiBDC\Videonoleggio\php\AuthenticationService.php(27): DBConnection->ExecuteQuery('SELECT *\r\n     ...')
#1 C:\Projects\ProgettiBDC\Videonoleggio\php\AuthenticationService.php(43): AuthenticationService->ExecuteQuery('SELECT *\r\n     ...')
#2 C:\Projects\ProgettiBDC\Videonoleggio\php\AuthenticationService.php(161): AuthenticationService->Login()
#3 C:\Projects\ProgettiBDC\Videonoleggio\php\AuthenticationService.php(174): AuthenticationService->Init()
#4 {main} in C:\Projects\ProgettiBDC\Videonoleggio\php\DBConnection.php:75
Stack trace:
#0 C:\Projects\ProgettiBDC\Videonoleggio\php\AuthenticationService.php(27): DBConnection->ExecuteQuery('SELECT *\r\n     ...')
#1 C:\Projects\ProgettiBDC\Videonoleggio\php\AuthenticationService.php(43): AuthenticationService->ExecuteQuery('SELECT *\r\n     ...')
#2 C:\Projects\ProgettiBDC\Videonoleggio\php\AuthenticationService.php(161): AuthenticationService->Login()
#3 C:\Projects\ProgettiBDC\Videonoleggio\php\AuthenticationService.php(174): AuthenticationService->Init()
#4 {main} 
[07/09/2018 00:20:04] - corrId_5b91a8146eb192.74822533 - Reached AuthenticationService API 
[07/09/2018 00:20:04] - corrId_5b91a8146eb192.74822533 - Processing Login request. 
[07/09/2018 00:20:04] - corrId_5b91a8146eb192.74822533 - Establishing connection to DB 
[07/09/2018 00:20:04] - corrId_5b91a8146eb192.74822533 - Executing query 
[07/09/2018 00:20:04] - corrId_5b91a8146eb192.74822533 - Error while executing query -> Unknown column 'username' in 'where clause' 
[07/09/2018 00:20:04] - corrId_5b91a8146eb192.74822533 - Error during the login of user -> Exception: Exception: Unknown column 'username' in 'where clause' in C:\Projects\ProgettiBDC\Videonoleggio\php\DBConnection.php:66
Stack trace:
#0 C:\Projects\ProgettiBDC\Videonoleggio\php\AuthenticationService.php(27): DBConnection->ExecuteQuery('SELECT *\r\n     ...')
#1 C:\Projects\ProgettiBDC\Videonoleggio\php\AuthenticationService.php(43): AuthenticationService->ExecuteQuery('SELECT *\r\n     ...')
#2 C:\Projects\ProgettiBDC\Videonoleggio\php\AuthenticationService.php(161): AuthenticationService->Login()
#3 C:\Projects\ProgettiBDC\Videonoleggio\php\AuthenticationService.php(174): AuthenticationService->Init()
#4 {main} in C:\Projects\ProgettiBDC\Videonoleggio\php\DBConnection.php:75
Stack trace:
#0 C:\Projects\ProgettiBDC\Videonoleggio\php\AuthenticationService.php(27): DBConnection->ExecuteQuery('SELECT *\r\n     ...')
#1 C:\Projects\ProgettiBDC\Videonoleggio\php\AuthenticationService.php(43): AuthenticationService->ExecuteQuery('SELECT *\r\n     ...')
#2 C:\Projects\ProgettiBDC\Videonoleggio\php\AuthenticationService.php(161): AuthenticationService->Login()
#3 C:\Projects\ProgettiBDC\Videonoleggio\php\AuthenticationService.php(174): AuthenticationService->Init()
#4 {main} 
[07/09/2018 00:20:06] - corrId_5b91a81649b023.60383672 - Reached AuthenticationService API 
[07/09/2018 00:20:06] - corrId_5b91a81649b023.60383672 - Processing Login request. 
[07/09/2018 00:20:06] - corrId_5b91a81649b023.60383672 - Establishing connection to DB 
[07/09/2018 00:20:06] - corrId_5b91a81649b023.60383672 - Executing query 
[07/09/2018 00:20:06] - corrId_5b91a81649b023.60383672 - Error while executing query -> Unknown column 'username' in 'where clause' 
[07/09/2018 00:20:06] - corrId_5b91a81649b023.60383672 - Error during the login of user -> Exception: Exception: Unknown column 'username' in 'where clause' in C:\Projects\ProgettiBDC\Videonoleggio\php\DBConnection.php:66
Stack trace:
#0 C:\Projects\ProgettiBDC\Videonoleggio\php\AuthenticationService.php(27): DBConnection->ExecuteQuery('SELECT *\r\n     ...')
#1 C:\Projects\ProgettiBDC\Videonoleggio\php\AuthenticationService.php(43): AuthenticationService->ExecuteQuery('SELECT *\r\n     ...')
#2 C:\Projects\ProgettiBDC\Videonoleggio\php\AuthenticationService.php(161): AuthenticationService->Login()
#3 C:\Projects\ProgettiBDC\Videonoleggio\php\AuthenticationService.php(174): AuthenticationService->Init()
#4 {main} in C:\Projects\ProgettiBDC\Videonoleggio\php\DBConnection.php:75
Stack trace:
#0 C:\Projects\ProgettiBDC\Videonoleggio\php\AuthenticationService.php(27): DBConnection->ExecuteQuery('SELECT *\r\n     ...')
#1 C:\Projects\ProgettiBDC\Videonoleggio\php\AuthenticationService.php(43): AuthenticationService->ExecuteQuery('SELECT *\r\n     ...')
#2 C:\Projects\ProgettiBDC\Videonoleggio\php\AuthenticationService.php(161): AuthenticationService->Login()
#3 C:\Projects\ProgettiBDC\Videonoleggio\php\AuthenticationService.php(174): AuthenticationService->Init()
#4 {main} 
[07/09/2018 00:21:14] - corrId_5b91a85a1ac4e3.42229363 - Reached AuthenticationService API 
[07/09/2018 00:21:14] - corrId_5b91a85a1ac4e3.42229363 - Processing Login request. 
[07/09/2018 00:21:14] - corrId_5b91a85a1ac4e3.42229363 - Establishing connection to DB 
[07/09/2018 00:21:14] - corrId_5b91a85a1ac4e3.42229363 - Executing query 
[07/09/2018 00:21:14] - corrId_5b91a85a1ac4e3.42229363 - Error while executing query -> Unknown column 'username' in 'where clause' 
[07/09/2018 00:21:14] - corrId_5b91a85a1ac4e3.42229363 - Error during the login of user -> Exception: Exception: Unknown column 'username' in 'where clause' in C:\Projects\ProgettiBDC\Videonoleggio\php\DBConnection.php:66
Stack trace:
#0 C:\Projects\ProgettiBDC\Videonoleggio\php\AuthenticationService.php(27): DBConnection->ExecuteQuery('SELECT *\r\n     ...')
#1 C:\Projects\ProgettiBDC\Videonoleggio\php\AuthenticationService.php(43): AuthenticationService->ExecuteQuery('SELECT *\r\n     ...')
#2 C:\Projects\ProgettiBDC\Videonoleggio\php\AuthenticationService.php(161): AuthenticationService->Login()
#3 C:\Projects\ProgettiBDC\Videonoleggio\php\AuthenticationService.php(174): AuthenticationService->Init()
#4 {main} in C:\Projects\ProgettiBDC\Videonoleggio\php\DBConnection.php:75
Stack trace:
#0 C:\Projects\ProgettiBDC\Videonoleggio\php\AuthenticationService.php(27): DBConnection->ExecuteQuery('SELECT *\r\n     ...')
#1 C:\Projects\ProgettiBDC\Videonoleggio\php\AuthenticationService.php(43): AuthenticationService->ExecuteQuery('SELECT *\r\n     ...')
#2 C:\Projects\ProgettiBDC\Videonoleggio\php\AuthenticationService.php(161): AuthenticationService->Login()
#3 C:\Projects\ProgettiBDC\Videonoleggio\php\AuthenticationService.php(174): AuthenticationService->Init()
#4 {main} 
[07/09/2018 00:21:25] - corrId_5b91a8654264a9.12892212 - Reached AuthenticationService API 
[07/09/2018 00:21:25] - corrId_5b91a8654264a9.12892212 - Processing Login request. 
[07/09/2018 00:21:25] - corrId_5b91a8654264a9.12892212 - Establishing connection to DB 
[07/09/2018 00:21:25] - corrId_5b91a8654264a9.12892212 - Executing query 
[07/09/2018 00:21:25] - corrId_5b91a8654264a9.12892212 - Error while executing query -> Unknown column 'username' in 'where clause' 
[07/09/2018 00:21:25] - corrId_5b91a8654264a9.12892212 - Error during the login of user -> Exception: Exception: Unknown column 'username' in 'where clause' in C:\Projects\ProgettiBDC\Videonoleggio\php\DBConnection.php:66
Stack trace:
#0 C:\Projects\ProgettiBDC\Videonoleggio\php\AuthenticationService.php(27): DBConnection->ExecuteQuery('SELECT *\r\n     ...')
#1 C:\Projects\ProgettiBDC\Videonoleggio\php\AuthenticationService.php(43): AuthenticationService->ExecuteQuery('SELECT *\r\n     ...')
#2 C:\Projects\ProgettiBDC\Videonoleggio\php\AuthenticationService.php(161): AuthenticationService->Login()
#3 C:\Projects\ProgettiBDC\Videonoleggio\php\AuthenticationService.php(174): AuthenticationService->Init()
#4 {main} in C:\Projects\ProgettiBDC\Videonoleggio\php\DBConnection.php:75
Stack trace:
#0 C:\Projects\ProgettiBDC\Videonoleggio\php\AuthenticationService.php(27): DBConnection->ExecuteQuery('SELECT *\r\n     ...')
#1 C:\Projects\ProgettiBDC\Videonoleggio\php\AuthenticationService.php(43): AuthenticationService->ExecuteQuery('SELECT *\r\n     ...')
#2 C:\Projects\ProgettiBDC\Videonoleggio\php\AuthenticationService.php(161): AuthenticationService->Login()
#3 C:\Projects\ProgettiBDC\Videonoleggio\php\AuthenticationService.php(174): AuthenticationService->Init()
#4 {main} 
[07/09/2018 00:22:50] - corrId_5b91a8ba319531.72850267 - Reached AuthenticationService API 
[07/09/2018 00:22:50] - corrId_5b91a8ba319531.72850267 - Processing Login request. 
[07/09/2018 00:22:50] - corrId_5b91a8ba319531.72850267 - Establishing connection to DB 
[07/09/2018 00:22:50] - corrId_5b91a8ba319531.72850267 - Executing query 
[07/09/2018 00:22:50] - corrId_5b91a8ba319531.72850267 - Error while executing query -> Unknown column 'username' in 'where clause' 
[07/09/2018 00:22:50] - corrId_5b91a8ba319531.72850267 - Error during the login of user -> Exception: Exception: Unknown column 'username' in 'where clause' in C:\Projects\ProgettiBDC\Videonoleggio\php\DBConnection.php:66
Stack trace:
#0 C:\Projects\ProgettiBDC\Videonoleggio\php\AuthenticationService.php(27): DBConnection->ExecuteQuery('SELECT *\r\n     ...')
#1 C:\Projects\ProgettiBDC\Videonoleggio\php\AuthenticationService.php(43): AuthenticationService->ExecuteQuery('SELECT *\r\n     ...')
#2 C:\Projects\ProgettiBDC\Videonoleggio\php\AuthenticationService.php(161): AuthenticationService->Login()
#3 C:\Projects\ProgettiBDC\Videonoleggio\php\AuthenticationService.php(174): AuthenticationService->Init()
#4 {main} in C:\Projects\ProgettiBDC\Videonoleggio\php\DBConnection.php:75
Stack trace:
#0 C:\Projects\ProgettiBDC\Videonoleggio\php\AuthenticationService.php(27): DBConnection->ExecuteQuery('SELECT *\r\n     ...')
#1 C:\Projects\ProgettiBDC\Videonoleggio\php\AuthenticationService.php(43): AuthenticationService->ExecuteQuery('SELECT *\r\n     ...')
#2 C:\Projects\ProgettiBDC\Videonoleggio\php\AuthenticationService.php(161): AuthenticationService->Login()
#3 C:\Projects\ProgettiBDC\Videonoleggio\php\AuthenticationService.php(174): AuthenticationService->Init()
#4 {main} 
[07/09/2018 00:24:26] - corrId_5b91a91a317955.46178722 - Reached AuthenticationService API 
[07/09/2018 00:24:26] - corrId_5b91a91a317955.46178722 - Processing Login request. 
[07/09/2018 00:24:26] - corrId_5b91a91a317955.46178722 - Establishing connection to DB 
[07/09/2018 00:24:26] - corrId_5b91a91a317955.46178722 - Executing query 
[07/09/2018 00:24:26] - corrId_5b91a91a317955.46178722 - Error while executing query -> Unknown column 'username' in 'where clause' 
[07/09/2018 00:24:26] - corrId_5b91a91a317955.46178722 - Error during the login of user -> Exception: Exception: Unknown column 'username' in 'where clause' in C:\Projects\ProgettiBDC\Videonoleggio\php\DBConnection.php:66
Stack trace:
#0 C:\Projects\ProgettiBDC\Videonoleggio\php\AuthenticationService.php(27): DBConnection->ExecuteQuery('SELECT *\r\n     ...')
#1 C:\Projects\ProgettiBDC\Videonoleggio\php\AuthenticationService.php(43): AuthenticationService->ExecuteQuery('SELECT *\r\n     ...')
#2 C:\Projects\ProgettiBDC\Videonoleggio\php\AuthenticationService.php(161): AuthenticationService->Login()
#3 C:\Projects\ProgettiBDC\Videonoleggio\php\AuthenticationService.php(174): AuthenticationService->Init()
#4 {main} in C:\Projects\ProgettiBDC\Videonoleggio\php\DBConnection.php:75
Stack trace:
#0 C:\Projects\ProgettiBDC\Videonoleggio\php\AuthenticationService.php(27): DBConnection->ExecuteQuery('SELECT *\r\n     ...')
#1 C:\Projects\ProgettiBDC\Videonoleggio\php\AuthenticationService.php(43): AuthenticationService->ExecuteQuery('SELECT *\r\n     ...')
#2 C:\Projects\ProgettiBDC\Videonoleggio\php\AuthenticationService.php(161): AuthenticationService->Login()
#3 C:\Projects\ProgettiBDC\Videonoleggio\php\AuthenticationService.php(174): AuthenticationService->Init()
#4 {main} 
[07/09/2018 00:24:52] - corrId_5b91a934930815.63843219 - Reached AuthenticationService API 
[07/09/2018 00:24:52] - corrId_5b91a934930815.63843219 - Processing Login request. 
[07/09/2018 00:24:52] - corrId_5b91a934930815.63843219 - Establishing connection to DB 
[07/09/2018 00:24:52] - corrId_5b91a934930815.63843219 - Executing query 
[07/09/2018 00:24:52] - corrId_5b91a934930815.63843219 - Error while executing query -> Unknown column 'username' in 'where clause' 
[07/09/2018 00:24:52] - corrId_5b91a934930815.63843219 - Error during the login of user -> Exception: Exception: Unknown column 'username' in 'where clause' in C:\Projects\ProgettiBDC\Videonoleggio\php\DBConnection.php:66
Stack trace:
#0 C:\Projects\ProgettiBDC\Videonoleggio\php\AuthenticationService.php(27): DBConnection->ExecuteQuery('SELECT *\r\n     ...')
#1 C:\Projects\ProgettiBDC\Videonoleggio\php\AuthenticationService.php(43): AuthenticationService->ExecuteQuery('SELECT *\r\n     ...')
#2 C:\Projects\ProgettiBDC\Videonoleggio\php\AuthenticationService.php(161): AuthenticationService->Login()
#3 C:\Projects\ProgettiBDC\Videonoleggio\php\AuthenticationService.php(174): AuthenticationService->Init()
#4 {main} in C:\Projects\ProgettiBDC\Videonoleggio\php\DBConnection.php:75
Stack trace:
#0 C:\Projects\ProgettiBDC\Videonoleggio\php\AuthenticationService.php(27): DBConnection->ExecuteQuery('SELECT *\r\n     ...')
#1 C:\Projects\ProgettiBDC\Videonoleggio\php\AuthenticationService.php(43): AuthenticationService->ExecuteQuery('SELECT *\r\n     ...')
#2 C:\Projects\ProgettiBDC\Videonoleggio\php\AuthenticationService.php(161): AuthenticationService->Login()
#3 C:\Projects\ProgettiBDC\Videonoleggio\php\AuthenticationService.php(174): AuthenticationService->Init()
#4 {main} 
[07/09/2018 00:56:02] - corrId_5b91b0821a4339.16788275 - Reached AuthenticationService API 
[07/09/2018 00:56:02] - corrId_5b91b0821a4339.16788275 - Processing Login request. 
[07/09/2018 00:56:02] - corrId_5b91b0821a4339.16788275 - Establishing connection to DB 
[07/09/2018 00:56:02] - corrId_5b91b0821a4339.16788275 - Executing query 
[07/09/2018 00:56:02] - corrId_5b91b0821a4339.16788275 - Error while executing query -> Unknown column 'username' in 'where clause' 
[07/09/2018 00:56:02] - corrId_5b91b0821a4339.16788275 - Error during the login of user -> Exception: Exception: Unknown column 'username' in 'where clause' in C:\Projects\ProgettiBDC\Videonoleggio\php\DBConnection.php:66
Stack trace:
#0 C:\Projects\ProgettiBDC\Videonoleggio\php\AuthenticationService.php(27): DBConnection->ExecuteQuery('SELECT *\r\n     ...')
#1 C:\Projects\ProgettiBDC\Videonoleggio\php\AuthenticationService.php(43): AuthenticationService->ExecuteQuery('SELECT *\r\n     ...')
#2 C:\Projects\ProgettiBDC\Videonoleggio\php\AuthenticationService.php(161): AuthenticationService->Login()
#3 C:\Projects\ProgettiBDC\Videonoleggio\php\AuthenticationService.php(174): AuthenticationService->Init()
#4 {main} in C:\Projects\ProgettiBDC\Videonoleggio\php\DBConnection.php:75
Stack trace:
#0 C:\Projects\ProgettiBDC\Videonoleggio\php\AuthenticationService.php(27): DBConnection->ExecuteQuery('SELECT *\r\n     ...')
#1 C:\Projects\ProgettiBDC\Videonoleggio\php\AuthenticationService.php(43): AuthenticationService->ExecuteQuery('SELECT *\r\n     ...')
#2 C:\Projects\ProgettiBDC\Videonoleggio\php\AuthenticationService.php(161): AuthenticationService->Login()
#3 C:\Projects\ProgettiBDC\Videonoleggio\php\AuthenticationService.php(174): AuthenticationService->Init()
#4 {main} 
[07/09/2018 08:59:43] - corrId_5b9221df861345.35417125 - Reached AuthenticationService API 
[07/09/2018 08:59:43] - corrId_5b9221df861345.35417125 - Processing Login request. 
[07/09/2018 08:59:43] - corrId_5b9221df861345.35417125 - Establishing connection to DB 
[07/09/2018 08:59:43] - corrId_5b9221df861345.35417125 - Executing query 
[07/09/2018 09:00:40] - corrId_5b922218dd32f6.29257855 - Reached AuthenticationService API 
[07/09/2018 09:00:40] - corrId_5b922218dd32f6.29257855 - Processing Login request. 
[07/09/2018 09:00:40] - corrId_5b922218dd32f6.29257855 - Establishing connection to DB 
[07/09/2018 09:00:40] - corrId_5b922218dd32f6.29257855 - Executing query 
[07/09/2018 09:00:42] - corrId_5b92221a8b0e84.23362911 - Reached AuthenticationService API 
[07/09/2018 09:00:42] - corrId_5b92221a8b0e84.23362911 - Processing Login request. 
[07/09/2018 09:00:42] - corrId_5b92221a8b0e84.23362911 - Establishing connection to DB 
[07/09/2018 09:00:42] - corrId_5b92221a8b0e84.23362911 - Executing query 
[07/09/2018 09:00:50] - corrId_5b922222df85a3.25480231 - Reached AuthenticationService API 
[07/09/2018 09:00:50] - corrId_5b922222df85a3.25480231 - Processing Login request. 
[07/09/2018 09:00:50] - corrId_5b922222df85a3.25480231 - Establishing connection to DB 
[07/09/2018 09:00:50] - corrId_5b922222df85a3.25480231 - Executing query 
[07/09/2018 09:01:20] - corrId_5b922240e49429.69667605 - Reached AuthenticationService API 
[07/09/2018 09:01:20] - corrId_5b922240e49429.69667605 - Processing Login request. 
[07/09/2018 09:01:20] - corrId_5b922240e49429.69667605 - Establishing connection to DB 
[07/09/2018 09:01:20] - corrId_5b922240e49429.69667605 - Executing query 
[07/09/2018 09:02:56] - corrId_5b9222a0eef1d9.47778686 - Reached AuthenticationService API 
[07/09/2018 09:02:56] - corrId_5b9222a0eef1d9.47778686 - Processing Login request. 
[07/09/2018 09:02:56] - corrId_5b9222a0eef1d9.47778686 - Establishing connection to DB 
[07/09/2018 09:02:56] - corrId_5b9222a0eef1d9.47778686 - Executing query 
[07/09/2018 09:03:01] - corrId_5b9222a5249ed0.06134140 - Reached AuthenticationService API 
[07/09/2018 09:03:01] - corrId_5b9222a5249ed0.06134140 - Processing Login request. 
[07/09/2018 09:03:01] - corrId_5b9222a5249ed0.06134140 - Establishing connection to DB 
[07/09/2018 09:03:01] - corrId_5b9222a5249ed0.06134140 - Executing query 
[07/09/2018 09:03:04] - corrId_5b9222a8a78d94.67665122 - Reached AuthenticationService API 
[07/09/2018 09:03:04] - corrId_5b9222a8a78d94.67665122 - Processing Login request. 
[07/09/2018 09:03:04] - corrId_5b9222a8a78d94.67665122 - Establishing connection to DB 
[07/09/2018 09:03:04] - corrId_5b9222a8a78d94.67665122 - Executing query 
[07/09/2018 09:03:14] - corrId_5b9222b2756bd4.55694030 - Reached AuthenticationService API 
[07/09/2018 09:03:14] - corrId_5b9222b2756bd4.55694030 - Processing Login request. 
[07/09/2018 09:03:14] - corrId_5b9222b2756bd4.55694030 - Establishing connection to DB 
[07/09/2018 09:03:14] - corrId_5b9222b2756bd4.55694030 - Executing query 
[07/09/2018 09:03:55] - corrId_5b9222dbad6d34.23108947 - Reached AuthenticationService API 
[07/09/2018 09:03:55] - corrId_5b9222dbad6d34.23108947 - Processing Login request. 
[07/09/2018 09:03:55] - corrId_5b9222dbad6d34.23108947 - Establishing connection to DB 
[07/09/2018 09:03:55] - corrId_5b9222dbad6d34.23108947 - Executing query 
[07/09/2018 09:03:55] - corrId_5b9222dbad6d34.23108947 - User admin validated, generating Token. 
[07/09/2018 09:03:55] - corrId_5b9222dbad6d34.23108947 - Token generated succesfully. 
[07/09/2018 09:04:04] - corrId_5b9222e40f56d8.06609159 - Reached AuthenticationService API 
[07/09/2018 09:04:04] - corrId_5b9222e40f56d8.06609159 - Processing Login request. 
[07/09/2018 09:04:04] - corrId_5b9222e40f56d8.06609159 - Establishing connection to DB 
[07/09/2018 09:04:04] - corrId_5b9222e40f56d8.06609159 - Executing query 
[07/09/2018 09:04:04] - corrId_5b9222e40f56d8.06609159 - User admin validated, generating Token. 
[07/09/2018 09:04:04] - corrId_5b9222e40f56d8.06609159 - Token generated succesfully. 
[07/09/2018 09:05:03] - corrId_5b92231f374ce3.21287783 - Reached AuthenticationService API 
[07/09/2018 09:05:03] - corrId_5b92231f374ce3.21287783 - Processing Login request. 
[07/09/2018 09:05:03] - corrId_5b92231f374ce3.21287783 - Establishing connection to DB 
[07/09/2018 09:05:03] - corrId_5b92231f374ce3.21287783 - Executing query 
[07/09/2018 09:05:03] - corrId_5b92231f374ce3.21287783 - User admin validated, generating Token. 
[07/09/2018 09:05:03] - corrId_5b92231f374ce3.21287783 - Token generated succesfully. 
[07/09/2018 09:05:10] - corrId_5b92232600b6c5.20749176 - Reached AuthenticationService API 
[07/09/2018 09:05:10] - corrId_5b92232600b6c5.20749176 - Processing Login request. 
[07/09/2018 09:05:10] - corrId_5b92232600b6c5.20749176 - Establishing connection to DB 
[07/09/2018 09:05:10] - corrId_5b92232600b6c5.20749176 - Executing query 
[07/09/2018 09:05:10] - corrId_5b92232600b6c5.20749176 - User admin validated, generating Token. 
[07/09/2018 09:05:10] - corrId_5b92232600b6c5.20749176 - Token generated succesfully. 
[07/09/2018 09:05:31] - corrId_5b92233b5eb2b8.02506942 - Reached AuthenticationService API 
[07/09/2018 09:05:31] - corrId_5b92233b5eb2b8.02506942 - Processing Login request. 
[07/09/2018 09:05:31] - corrId_5b92233b5eb2b8.02506942 - Establishing connection to DB 
[07/09/2018 09:05:31] - corrId_5b92233b5eb2b8.02506942 - Executing query 
[07/09/2018 09:05:31] - corrId_5b92233b5eb2b8.02506942 - User admin validated, generating Token. 
[07/09/2018 09:05:31] - corrId_5b92233b5eb2b8.02506942 - Token generated succesfully. 
[07/09/2018 09:05:36] - corrId_5b9223401c5638.05368896 - Reached AuthenticationService API 
[07/09/2018 09:05:36] - corrId_5b9223401c5638.05368896 - Processing Login request. 
[07/09/2018 09:05:36] - corrId_5b9223401c5638.05368896 - Establishing connection to DB 
[07/09/2018 09:05:36] - corrId_5b9223401c5638.05368896 - Executing query 
[07/09/2018 09:05:36] - corrId_5b9223401c5638.05368896 - User admin validated, generating Token. 
[07/09/2018 09:05:36] - corrId_5b9223401c5638.05368896 - Token generated succesfully. 
[07/09/2018 09:05:57] - corrId_5b922355909275.69102078 - Reached AuthenticationService API 
[07/09/2018 09:05:57] - corrId_5b922355909275.69102078 - Processing Login request. 
[07/09/2018 09:05:57] - corrId_5b922355909275.69102078 - Establishing connection to DB 
[07/09/2018 09:05:57] - corrId_5b922355909275.69102078 - Executing query 
[07/09/2018 09:07:29] - corrId_5b9223b16fe3d4.42313093 - Reached AuthenticationService API 
[07/09/2018 09:07:29] - corrId_5b9223b16fe3d4.42313093 - Processing Login request. 
[07/09/2018 09:07:29] - corrId_5b9223b16fe3d4.42313093 - Establishing connection to DB 
[07/09/2018 09:07:29] - corrId_5b9223b16fe3d4.42313093 - Executing query 
[07/09/2018 09:07:36] - corrId_5b9223b87db945.06398489 - Reached AuthenticationService API 
[07/09/2018 09:07:36] - corrId_5b9223b87db945.06398489 - Processing Login request. 
[07/09/2018 09:07:36] - corrId_5b9223b87db945.06398489 - Establishing connection to DB 
[07/09/2018 09:07:36] - corrId_5b9223b87db945.06398489 - Executing query 
[07/09/2018 09:12:05] - corrId_5b9224c5672952.88669898 - Reached AuthenticationService API 
[07/09/2018 09:12:05] - corrId_5b9224c5672952.88669898 - Processing Login request. 
[07/09/2018 09:12:05] - corrId_5b9224c5672952.88669898 - Establishing connection to DB 
[07/09/2018 09:12:05] - corrId_5b9224c5672952.88669898 - Executing query 
[07/09/2018 09:12:29] - corrId_5b9224ddc2f7f0.66489829 - Reached AuthenticationService API 
[07/09/2018 09:12:29] - corrId_5b9224ddc2f7f0.66489829 - Error occured: Exception in C:\Websites\BDC\videonoleggio\php\AuthenticationService.php:155
Stack trace:
#0 C:\Websites\BDC\videonoleggio\php\AuthenticationService.php(174): AuthenticationService->Init()
#1 {main} 
[07/09/2018 09:14:10] - corrId_5b922542142e60.35414450 - Reached AuthenticationService API 
[07/09/2018 09:14:10] - corrId_5b922542142e60.35414450 - Processing Login request. 
[07/09/2018 09:14:10] - corrId_5b922542142e60.35414450 - Establishing connection to DB 
[07/09/2018 09:14:10] - corrId_5b922542142e60.35414450 - Executing query 
[07/09/2018 09:18:07] - corrId_5b92262fc1ff93.12827358 - Reached AuthenticationService API 
[07/09/2018 09:18:07] - corrId_5b92262fc1ff93.12827358 - Processing Login request. 
[07/09/2018 09:18:07] - corrId_5b92262fc1ff93.12827358 - Establishing connection to DB 
[07/09/2018 09:18:07] - corrId_5b92262fc1ff93.12827358 - Executing query 
[07/09/2018 09:20:51] - corrId_5b9226d32f17f4.48479761 - Reached AuthenticationService API 
[07/09/2018 09:20:51] - corrId_5b9226d32f17f4.48479761 - Processing Login request. 
[07/09/2018 09:20:51] - corrId_5b9226d32f17f4.48479761 - Establishing connection to DB 
[07/09/2018 09:20:51] - corrId_5b9226d32f17f4.48479761 - Executing query 
[07/09/2018 09:22:46] - corrId_5b9227460804b8.86764471 - Reached AuthenticationService API 
[07/09/2018 09:22:46] - corrId_5b9227460804b8.86764471 - Processing Login request. 
[07/09/2018 09:22:46] - corrId_5b9227460804b8.86764471 - Establishing connection to DB 
[07/09/2018 09:22:46] - corrId_5b9227460804b8.86764471 - Executing query 
[07/09/2018 09:25:38] - corrId_5b9227f2c91404.33199306 - Reached AuthenticationService API 
[07/09/2018 09:25:38] - corrId_5b9227f2c91404.33199306 - Processing Login request. 
[07/09/2018 09:25:38] - corrId_5b9227f2c91404.33199306 - Establishing connection to DB 
[07/09/2018 09:25:38] - corrId_5b9227f2c91404.33199306 - Executing query 
[07/09/2018 09:26:35] - corrId_5b92282bb404f6.20709190 - Reached AuthenticationService API 
[07/09/2018 09:26:35] - corrId_5b92282bb404f6.20709190 - Processing Login request. 
[07/09/2018 09:26:35] - corrId_5b92282bb404f6.20709190 - Establishing connection to DB 
[07/09/2018 09:26:35] - corrId_5b92282bb404f6.20709190 - Executing query 
[07/09/2018 09:26:41] - corrId_5b9228316ee282.54305696 - Reached AuthenticationService API 
[07/09/2018 09:26:41] - corrId_5b9228316ee282.54305696 - Processing Login request. 
[07/09/2018 09:26:41] - corrId_5b9228316ee282.54305696 - Establishing connection to DB 
[07/09/2018 09:26:41] - corrId_5b9228316ee282.54305696 - Executing query 
[07/09/2018 09:29:12] - corrId_5b9228c874ebc4.10045866 - Reached AuthenticationService API 
[07/09/2018 09:29:12] - corrId_5b9228c874ebc4.10045866 - Processing Login request. 
[07/09/2018 09:29:12] - corrId_5b9228c874ebc4.10045866 - Establishing connection to DB 
[07/09/2018 09:29:12] - corrId_5b9228c874ebc4.10045866 - Executing query 
[07/09/2018 09:29:30] - corrId_5b9228da1c51a6.32444663 - Reached AuthenticationService API 
[07/09/2018 09:29:30] - corrId_5b9228da1c51a6.32444663 - Processing Login request. 
[07/09/2018 09:29:30] - corrId_5b9228da1c51a6.32444663 - Establishing connection to DB 
[07/09/2018 09:29:30] - corrId_5b9228da1c51a6.32444663 - Executing query 
[07/09/2018 09:30:01] - corrId_5b9228f9df5ef9.99307274 - Reached AuthenticationService API 
[07/09/2018 09:30:01] - corrId_5b9228f9df5ef9.99307274 - Processing Login request. 
[07/09/2018 09:30:01] - corrId_5b9228f9df5ef9.99307274 - Establishing connection to DB 
[07/09/2018 09:30:01] - corrId_5b9228f9df5ef9.99307274 - Executing query 
[07/09/2018 09:30:10] - corrId_5b92290260eee8.11920449 - Reached AuthenticationService API 
[07/09/2018 09:30:10] - corrId_5b92290260eee8.11920449 - Error occured: Exception in C:\Websites\BDC\videonoleggio\php\AuthenticationService.php:155
Stack trace:
#0 C:\Websites\BDC\videonoleggio\php\AuthenticationService.php(174): AuthenticationService->Init()
#1 {main} 
[07/09/2018 09:32:05] - corrId_5b922975b74092.84087184 - Reached AuthenticationService API 
[07/09/2018 09:32:05] - corrId_5b922975b74092.84087184 - Processing Login request. 
[07/09/2018 09:32:05] - corrId_5b922975b74092.84087184 - Establishing connection to DB 
[07/09/2018 09:32:05] - corrId_5b922975b74092.84087184 - Executing query 
[07/09/2018 09:32:56] - corrId_5b9229a88ff153.62869770 - Reached AuthenticationService API 
[07/09/2018 09:32:56] - corrId_5b9229a88ff153.62869770 - Processing Login request. 
[07/09/2018 09:32:56] - corrId_5b9229a88ff153.62869770 - Establishing connection to DB 
[07/09/2018 09:32:56] - corrId_5b9229a88ff153.62869770 - Executing query 
[07/09/2018 09:33:00] - corrId_5b9229ac4e7018.79916339 - Reached AuthenticationService API 
[07/09/2018 09:33:00] - corrId_5b9229ac4e7018.79916339 - Processing Login request. 
[07/09/2018 09:33:00] - corrId_5b9229ac4e7018.79916339 - Establishing connection to DB 
[07/09/2018 09:33:00] - corrId_5b9229ac4e7018.79916339 - Executing query 
[07/09/2018 09:33:00] - corrId_5b9229ac4e7018.79916339 - User admin validated, generating Token. 
[07/09/2018 09:33:00] - corrId_5b9229ac4e7018.79916339 - Token generated succesfully. 
[07/09/2018 09:33:27] - corrId_5b9229c715aa34.93914068 - Reached AuthenticationService API 
[07/09/2018 09:33:27] - corrId_5b9229c715aa34.93914068 - Processing Login request. 
[07/09/2018 09:33:27] - corrId_5b9229c715aa34.93914068 - Establishing connection to DB 
[07/09/2018 09:33:27] - corrId_5b9229c715aa34.93914068 - Executing query 
[07/09/2018 09:33:27] - corrId_5b9229c715aa34.93914068 - User admin validated, generating Token. 
[07/09/2018 09:33:27] - corrId_5b9229c715aa34.93914068 - Token generated succesfully. 
[07/09/2018 09:33:41] - corrId_5b9229d5b2ba74.42376830 - Reached AuthenticationService API 
[07/09/2018 09:33:41] - corrId_5b9229d5b2ba74.42376830 - Processing Login request. 
[07/09/2018 09:33:41] - corrId_5b9229d5b2ba74.42376830 - Establishing connection to DB 
[07/09/2018 09:33:41] - corrId_5b9229d5b2ba74.42376830 - Executing query 
[07/09/2018 09:33:41] - corrId_5b9229d5b2ba74.42376830 - User admin validated, generating Token. 
[07/09/2018 09:33:41] - corrId_5b9229d5b2ba74.42376830 - Token generated succesfully. 
[07/09/2018 09:34:57] - corrId_5b922a21a4a647.74068948 - Reached AuthenticationService API 
[07/09/2018 09:34:57] - corrId_5b922a21a4a647.74068948 - Processing Login request. 
[07/09/2018 09:34:57] - corrId_5b922a21a4a647.74068948 - Establishing connection to DB 
[07/09/2018 09:34:57] - corrId_5b922a21a4a647.74068948 - Executing query 
[07/09/2018 09:34:57] - corrId_5b922a21a4a647.74068948 - User admin validated, generating Token. 
[07/09/2018 09:34:57] - corrId_5b922a21a4a647.74068948 - Token generated succesfully. 
[07/09/2018 09:36:21] - corrId_5b922a75e58c79.19862111 - Reached AuthenticationService API 
[07/09/2018 09:36:21] - corrId_5b922a75e58c79.19862111 - Processing Login request. 
[07/09/2018 09:36:21] - corrId_5b922a75e58c79.19862111 - Establishing connection to DB 
[07/09/2018 09:36:21] - corrId_5b922a75e58c79.19862111 - Executing query 
[07/09/2018 09:36:22] - corrId_5b922a75e58c79.19862111 - User admin validated, generating Token. 
[07/09/2018 09:36:22] - corrId_5b922a75e58c79.19862111 - Token generated succesfully. 
[07/09/2018 09:40:36] - corrId_5b922b7418d668.43716187 - Reached AuthenticationService API 
[07/09/2018 09:40:36] - corrId_5b922b7418d668.43716187 - Processing Login request. 
[07/09/2018 09:40:36] - corrId_5b922b7418d668.43716187 - Establishing connection to DB 
[07/09/2018 09:40:36] - corrId_5b922b7418d668.43716187 - Executing query 
[07/09/2018 09:40:38] - corrId_5b922b76e3d5a1.73403034 - Reached AuthenticationService API 
[07/09/2018 09:40:38] - corrId_5b922b76e3d5a1.73403034 - Processing Login request. 
[07/09/2018 09:40:38] - corrId_5b922b76e3d5a1.73403034 - Establishing connection to DB 
[07/09/2018 09:40:38] - corrId_5b922b76e3d5a1.73403034 - Executing query 
[07/09/2018 09:40:39] - corrId_5b922b76e3d5a1.73403034 - User admin validated, generating Token. 
[07/09/2018 09:40:39] - corrId_5b922b76e3d5a1.73403034 - Token generated succesfully. 
[07/09/2018 12:56:37] - corrId_5b925965908bb3.00609377 - Reached AuthenticationService API 
[07/09/2018 12:56:37] - corrId_5b925965908bb3.00609377 - Processing Login request. 
[07/09/2018 12:56:37] - corrId_5b925965908bb3.00609377 - Establishing connection to DB 
[07/09/2018 12:56:37] - corrId_5b925965908bb3.00609377 - Executing query 
[07/09/2018 12:56:37] - corrId_5b925965908bb3.00609377 - User  validated, generating Token. 
[07/09/2018 12:56:37] - corrId_5b925965908bb3.00609377 - Token generated succesfully. 
[07/09/2018 13:03:29] - corrId_5b925b010de7b6.12926277 - Reached AuthenticationService API 
[07/09/2018 13:03:29] - corrId_5b925b010de7b6.12926277 - Processing Login request. 
[07/09/2018 13:03:29] - corrId_5b925b010de7b6.12926277 - Establishing connection to DB 
[07/09/2018 13:03:29] - corrId_5b925b010de7b6.12926277 - Executing query 
[07/09/2018 13:03:31] - corrId_5b925b03dacc99.08589356 - Reached AuthenticationService API 
[07/09/2018 13:03:31] - corrId_5b925b03dacc99.08589356 - Processing Login request. 
[07/09/2018 13:03:31] - corrId_5b925b03dacc99.08589356 - Establishing connection to DB 
[07/09/2018 13:03:31] - corrId_5b925b03dacc99.08589356 - Executing query 
[07/09/2018 13:03:32] - corrId_5b925b03dacc99.08589356 - User  validated, generating Token. 
[07/09/2018 13:03:32] - corrId_5b925b03dacc99.08589356 - Token generated succesfully. 
