[2018-10-03 00:39:18] - corrId_5bb3f396b5ec36.28462939 - Reached AuthenticationService API 
[2018-10-03 00:39:18] - corrId_5bb3f396b5ec36.28462939 - Token is valid 
[2018-10-03 00:43:30] - corrId_5bb3f492e9c834.19621264 - Reached AuthenticationService API 
[2018-10-03 00:43:30] - corrId_5bb3f492e9c834.19621264 - Token is valid 
[2018-10-03 00:43:45] - corrId_5bb3f4a1e03fa1.62207134 - Reached StorageManagementService API 
[2018-10-03 00:43:45] - corrId_5bb3f4a1e03fa1.62207134 - Processing GetVideosInStorage request. 
[2018-10-03 00:43:45] - corrId_5bb3f4a1e03fa1.62207134 - Token is valid 
[2018-10-03 00:43:45] - corrId_5bb3f4a1e03fa1.62207134 - Validated permissions for user admin (required 10, has 30) 
[2018-10-03 00:43:45] - corrId_5bb3f4a1e03fa1.62207134 - Query: SELECT co.id_copia, co.data_scarico, co.danneggiato, co.noleggiato, fi.id_film, fi.titolo, fo.nome
            FROM copia co
            INNER JOIN film fi
            ON co.id_film = fi.id_film
            INNER JOIN fornitore fo
            ON co.id_fornitore = fo.id_fornitore
            WHERE co.id_punto_vendita = 1
            AND co.restituito = 0 
[2018-10-03 00:43:45] - corrId_5bb3f4a1e03fa1.62207134 - Establishing connection to DB 
[2018-10-03 00:43:45] - corrId_5bb3f4a1e03fa1.62207134 - Executing query 
[2018-10-03 00:43:45] - corrId_5bb3f4a1e03fa1.62207134 - Query executed successfully 
[2018-10-03 00:45:22] - corrId_5bb3f5024ca7d0.01607778 - Reached AuthenticationService API 
[2018-10-03 00:45:22] - corrId_5bb3f5024ca7d0.01607778 - Token is valid 
[2018-10-03 00:46:27] - corrId_5bb3f543414888.53841224 - Reached AuthenticationService API 
[2018-10-03 00:46:27] - corrId_5bb3f543414888.53841224 - Token is valid 
[2018-10-03 00:46:59] - corrId_5bb3f563445c36.85150235 - Reached StorageManagementService API 
[2018-10-03 00:46:59] - corrId_5bb3f563445c36.85150235 - Processing GetVideosInStorage request. 
[2018-10-03 00:46:59] - corrId_5bb3f563445c36.85150235 - Token is valid 
[2018-10-03 00:46:59] - corrId_5bb3f563445c36.85150235 - Validated permissions for user admin (required 10, has 30) 
[2018-10-03 00:46:59] - corrId_5bb3f563445c36.85150235 - Query: SELECT co.id_copia, co.data_scarico, co.danneggiato, co.noleggiato, fi.id_film, fi.titolo, fo.nome
            FROM copia co
            INNER JOIN film fi
            ON co.id_film = fi.id_film
            INNER JOIN fornitore fo
            ON co.id_fornitore = fo.id_fornitore
            WHERE co.id_punto_vendita = 1
            AND co.restituito = 0 
[2018-10-03 00:46:59] - corrId_5bb3f563445c36.85150235 - Establishing connection to DB 
[2018-10-03 00:46:59] - corrId_5bb3f563445c36.85150235 - Executing query 
[2018-10-03 00:46:59] - corrId_5bb3f563445c36.85150235 - Query executed successfully 
[2018-10-03 00:47:21] - corrId_5bb3f57938e6c0.41215761 - Reached AuthenticationService API 
[2018-10-03 00:47:21] - corrId_5bb3f57938e6c0.41215761 - Token is valid 
[2018-10-03 00:47:39] - corrId_5bb3f58b722305.43981068 - Reached AuthenticationService API 
[2018-10-03 00:47:39] - corrId_5bb3f58b722305.43981068 - Token is valid 
[2018-10-03 00:47:39] - corrId_5bb3f58bc7a252.50154810 - Reached SalesManagementService API 
[2018-10-03 00:47:39] - corrId_5bb3f58bc7a252.50154810 - Establishing connection to DB 
[2018-10-03 00:47:39] - corrId_5bb3f58bc7a252.50154810 - Processing GetStoresAndSales request. 
[2018-10-03 00:47:39] - corrId_5bb3f58bc7a252.50154810 - Token is valid 
[2018-10-03 00:47:39] - corrId_5bb3f58bc7a252.50154810 - Validated permissions for user admin (required 10, has 30) 
[2018-10-03 00:47:39] - corrId_5bb3f58bc7a252.50154810 - Query: SELECT pv.id_punto_vendita, pv.nome, pv.indirizzo, ci.nome, SUM(no.prezzo_totale)
            FROM punto_vendita pv
            INNER JOIN citta ci
            ON pv.id_citta = ci.id_citta 
            INNER JOIN noleggio no
            ON no.id_punto_vendita = pv.id_punto_vendita
            WHERE no.data_inizio >= ''
            AND no.data_fine <= ' 23:59'
             
[2018-10-03 00:47:39] - corrId_5bb3f58bc7a252.50154810 - Executing query 
[2018-10-03 00:47:39] - corrId_5bb3f58bc7a252.50154810 - Query executed successfully 
[2018-10-03 00:47:39] - corrId_5bb3f58bc7a252.50154810 - Opreation getStoresAndSales was successful. 
[2018-10-03 00:54:00] - corrId_5bb3f708e30626.86476307 - Reached AuthenticationService API 
[2018-10-03 00:54:00] - corrId_5bb3f708e30626.86476307 - Token is valid 
[2018-10-03 00:54:01] - corrId_5bb3f709968853.54760425 - Reached SalesManagementService API 
[2018-10-03 00:54:01] - corrId_5bb3f709968853.54760425 - Establishing connection to DB 
[2018-10-03 00:54:01] - corrId_5bb3f709968853.54760425 - Processing GetStoresAndSales request. 
[2018-10-03 00:54:01] - corrId_5bb3f709968853.54760425 - Token is valid 
[2018-10-03 00:54:01] - corrId_5bb3f709968853.54760425 - Validated permissions for user admin (required 10, has 30) 
[2018-10-03 00:54:01] - corrId_5bb3f709968853.54760425 - Query: SELECT pv.id_punto_vendita, pv.nome, pv.indirizzo, ci.nome as citta_nome, SUM(no.prezzo_totale) as incasso_giornaliero
            FROM punto_vendita pv
            INNER JOIN citta ci
            ON pv.id_citta = ci.id_citta 
            INNER JOIN noleggio no
            ON no.id_punto_vendita = pv.id_punto_vendita
            WHERE no.data_inizio >= ''
            AND no.data_inizio <= ' 23:59'
             
[2018-10-03 00:54:01] - corrId_5bb3f709968853.54760425 - Executing query 
[2018-10-03 00:54:01] - corrId_5bb3f709968853.54760425 - Query executed successfully 
[2018-10-03 00:54:01] - corrId_5bb3f709968853.54760425 - Opreation getStoresAndSales was successful. 
[2018-10-03 00:55:03] - corrId_5bb3f7471afb61.61450100 - Reached StorageManagementService API 
[2018-10-03 00:55:03] - corrId_5bb3f7471afb61.61450100 - Processing GetVideosInStorage request. 
[2018-10-03 00:55:03] - corrId_5bb3f7471afb61.61450100 - Token is valid 
[2018-10-03 00:55:03] - corrId_5bb3f7471afb61.61450100 - Validated permissions for user admin (required 10, has 30) 
[2018-10-03 00:55:03] - corrId_5bb3f7471afb61.61450100 - Query: SELECT co.id_copia, co.data_scarico, co.danneggiato, co.noleggiato, fi.id_film, fi.titolo, fo.nome
            FROM copia co
            INNER JOIN film fi
            ON co.id_film = fi.id_film
            INNER JOIN fornitore fo
            ON co.id_fornitore = fo.id_fornitore
            WHERE co.id_punto_vendita = 1
            AND co.restituito = 0 
[2018-10-03 00:55:03] - corrId_5bb3f7471afb61.61450100 - Establishing connection to DB 
[2018-10-03 00:55:03] - corrId_5bb3f7471afb61.61450100 - Executing query 
[2018-10-03 00:55:03] - corrId_5bb3f7471afb61.61450100 - Query executed successfully 
[2018-10-03 00:55:03] - corrId_5bb3f7474d9ce3.57994570 - Reached SalesManagementService API 
[2018-10-03 00:55:03] - corrId_5bb3f7474d9ce3.57994570 - Establishing connection to DB 
[2018-10-03 00:55:03] - corrId_5bb3f7474d9ce3.57994570 - Processing GetStoresAndSales request. 
[2018-10-03 00:55:03] - corrId_5bb3f7474d9ce3.57994570 - Token is valid 
[2018-10-03 00:55:03] - corrId_5bb3f7474d9ce3.57994570 - Validated permissions for user admin (required 10, has 30) 
[2018-10-03 00:55:03] - corrId_5bb3f7474d9ce3.57994570 - Query: SELECT pv.id_punto_vendita, pv.nome, pv.indirizzo, ci.nome as citta_nome, SUM(no.prezzo_totale) as incasso_giornaliero
            FROM punto_vendita pv
            INNER JOIN citta ci
            ON pv.id_citta = ci.id_citta 
            INNER JOIN noleggio no
            ON no.id_punto_vendita = pv.id_punto_vendita
            WHERE no.data_inizio >= ''
            AND no.data_inizio <= ' 23:59'
             
[2018-10-03 00:55:03] - corrId_5bb3f7474d9ce3.57994570 - Executing query 
[2018-10-03 00:55:03] - corrId_5bb3f7474d9ce3.57994570 - Query executed successfully 
[2018-10-03 00:55:03] - corrId_5bb3f7474d9ce3.57994570 - ARRAY: Array 
[2018-10-03 00:55:03] - corrId_5bb3f7474d9ce3.57994570 - Opreation getStoresAndSales was successful. 
[2018-10-03 01:03:27] - corrId_5bb3f93f05d0b7.40768630 - Reached StorageManagementService API 
[2018-10-03 01:03:27] - corrId_5bb3f93f05d0b7.40768630 - Processing GetVideosInStorage request. 
[2018-10-03 01:03:27] - corrId_5bb3f93f05d0b7.40768630 - Token is valid 
[2018-10-03 01:03:27] - corrId_5bb3f93f05d0b7.40768630 - Validated permissions for user admin (required 10, has 30) 
[2018-10-03 01:03:27] - corrId_5bb3f93f05d0b7.40768630 - Query: SELECT co.id_copia, co.data_scarico, co.danneggiato, co.noleggiato, fi.id_film, fi.titolo, fo.nome
            FROM copia co
            INNER JOIN film fi
            ON co.id_film = fi.id_film
            INNER JOIN fornitore fo
            ON co.id_fornitore = fo.id_fornitore
            WHERE co.id_punto_vendita = 1
            AND co.restituito = 0 
[2018-10-03 01:03:27] - corrId_5bb3f93f05d0b7.40768630 - Establishing connection to DB 
[2018-10-03 01:03:27] - corrId_5bb3f93f05d0b7.40768630 - Executing query 
[2018-10-03 01:03:27] - corrId_5bb3f93f05d0b7.40768630 - Query executed successfully 
[2018-10-03 01:03:27] - corrId_5bb3f93f45d5b7.59876802 - Reached SalesManagementService API 
[2018-10-03 01:03:27] - corrId_5bb3f93f45d5b7.59876802 - Establishing connection to DB 
[2018-10-03 01:03:27] - corrId_5bb3f93f45d5b7.59876802 - Processing GetStoresAndSales request. 
[2018-10-03 01:03:27] - corrId_5bb3f93f45d5b7.59876802 - Token is valid 
[2018-10-03 01:03:27] - corrId_5bb3f93f45d5b7.59876802 - Validated permissions for user admin (required 10, has 30) 
[2018-10-03 01:03:27] - corrId_5bb3f93f45d5b7.59876802 - Query:   
             
[2018-10-03 01:03:27] - corrId_5bb3f93f45d5b7.59876802 - Executing query 
[2018-10-03 01:03:27] - corrId_5bb3f93f45d5b7.59876802 - Query executed successfully 
[2018-10-03 01:03:27] - corrId_5bb3f93f45d5b7.59876802 - ARRAY: 1 
[2018-10-03 01:03:27] - corrId_5bb3f93f45d5b7.59876802 - Opreation getStoresAndSales was successful. 
[2018-10-03 01:05:57] - corrId_5bb3f9d55fa918.40669058 - Reached StorageManagementService API 
[2018-10-03 01:05:57] - corrId_5bb3f9d55fa918.40669058 - Processing GetVideosInStorage request. 
[2018-10-03 01:05:57] - corrId_5bb3f9d55fa918.40669058 - Token is valid 
[2018-10-03 01:05:57] - corrId_5bb3f9d55fa918.40669058 - Validated permissions for user admin (required 10, has 30) 
[2018-10-03 01:05:57] - corrId_5bb3f9d55fa918.40669058 - Query: SELECT co.id_copia, co.data_scarico, co.danneggiato, co.noleggiato, fi.id_film, fi.titolo, fo.nome
            FROM copia co
            INNER JOIN film fi
            ON co.id_film = fi.id_film
            INNER JOIN fornitore fo
            ON co.id_fornitore = fo.id_fornitore
            WHERE co.id_punto_vendita = 1
            AND co.restituito = 0 
[2018-10-03 01:05:57] - corrId_5bb3f9d55fa918.40669058 - Establishing connection to DB 
[2018-10-03 01:05:57] - corrId_5bb3f9d55fa918.40669058 - Executing query 
[2018-10-03 01:05:57] - corrId_5bb3f9d55fa918.40669058 - Query executed successfully 
[2018-10-03 01:05:59] - corrId_5bb3f9d71f5e40.10986470 - Reached AuthenticationService API 
[2018-10-03 01:05:59] - corrId_5bb3f9d71f5e40.10986470 - Token is valid 
[2018-10-03 01:05:59] - corrId_5bb3f9d7efa239.25526138 - Reached SalesManagementService API 
[2018-10-03 01:05:59] - corrId_5bb3f9d7efa239.25526138 - Establishing connection to DB 
[2018-10-03 01:05:59] - corrId_5bb3f9d7efa239.25526138 - Processing GetStoresAndSales request. 
[2018-10-03 01:05:59] - corrId_5bb3f9d7efa239.25526138 - Token is valid 
[2018-10-03 01:05:59] - corrId_5bb3f9d7efa239.25526138 - Validated permissions for user admin (required 10, has 30) 
[2018-10-03 01:05:59] - corrId_5bb3f9d7efa239.25526138 - Query: SELECT pv.id_punto_vendita, pv.nome, pv.indirizzo, ci.nome as citta_nome, SUM(no.prezzo_totale) as incasso_giornaliero
            FROM punto_vendita pv
            INNER JOIN citta ci
            ON pv.id_citta = ci.id_citta 
            INNER JOIN noleggio no
            ON no.id_punto_vendita = pv.id_punto_vendita
            WHERE no.data_inizio >= ''
            AND no.data_inizio <= ' 23:59'
             
[2018-10-03 01:05:59] - corrId_5bb3f9d7efa239.25526138 - Executing query 
[2018-10-03 01:06:00] - corrId_5bb3f9d7efa239.25526138 - Query executed successfully 
[2018-10-03 01:06:00] - corrId_5bb3f9d7efa239.25526138 - ARRAY: 1 
[2018-10-03 01:06:00] - corrId_5bb3f9d7efa239.25526138 - Opreation getStoresAndSales was successful. 
[2018-10-03 01:06:17] - corrId_5bb3f9e9ef1e70.42333929 - Reached StorageManagementService API 
[2018-10-03 01:06:17] - corrId_5bb3f9e9ef1e70.42333929 - Processing GetVideosInStorage request. 
[2018-10-03 01:06:17] - corrId_5bb3f9e9ef1e70.42333929 - Token is valid 
[2018-10-03 01:06:17] - corrId_5bb3f9e9ef1e70.42333929 - Validated permissions for user admin (required 10, has 30) 
[2018-10-03 01:06:17] - corrId_5bb3f9e9ef1e70.42333929 - Query: SELECT co.id_copia, co.data_scarico, co.danneggiato, co.noleggiato, fi.id_film, fi.titolo, fo.nome
            FROM copia co
            INNER JOIN film fi
            ON co.id_film = fi.id_film
            INNER JOIN fornitore fo
            ON co.id_fornitore = fo.id_fornitore
            WHERE co.id_punto_vendita = 1
            AND co.restituito = 0 
[2018-10-03 01:06:17] - corrId_5bb3f9e9ef1e70.42333929 - Establishing connection to DB 
[2018-10-03 01:06:17] - corrId_5bb3f9e9ef1e70.42333929 - Executing query 
[2018-10-03 01:06:17] - corrId_5bb3f9e9ef1e70.42333929 - Query executed successfully 
[2018-10-03 01:06:35] - corrId_5bb3f9fb7e2355.69443543 - Reached SalesManagementService API 
[2018-10-03 01:06:35] - corrId_5bb3f9fb7e2355.69443543 - Establishing connection to DB 
[2018-10-03 01:06:35] - corrId_5bb3f9fb7e2355.69443543 - Processing GetStoresAndSales request. 
[2018-10-03 01:06:35] - corrId_5bb3f9fb7e2355.69443543 - Token is valid 
[2018-10-03 01:06:35] - corrId_5bb3f9fb7e2355.69443543 - Validated permissions for user admin (required 10, has 30) 
[2018-10-03 01:06:35] - corrId_5bb3f9fb7e2355.69443543 - Query: SELECT pv.id_punto_vendita, pv.nome, pv.indirizzo, ci.nome as citta_nome, SUM(no.prezzo_totale) as incasso_giornaliero
            FROM punto_vendita pv
            INNER JOIN citta ci
            ON pv.id_citta = ci.id_citta 
            INNER JOIN noleggio no
            ON no.id_punto_vendita = pv.id_punto_vendita
            WHERE no.data_inizio >= ''
            AND no.data_inizio <= ' 23:59'
             
[2018-10-03 01:06:35] - corrId_5bb3f9fb7e2355.69443543 - Executing query 
[2018-10-03 01:06:35] - corrId_5bb3f9fb7e2355.69443543 - Query executed successfully 
[2018-10-03 01:06:35] - corrId_5bb3f9fb7e2355.69443543 - ARRAY: 1 
[2018-10-03 01:06:35] - corrId_5bb3f9fb7e2355.69443543 - Opreation getStoresAndSales was successful. 
[2018-10-03 01:07:33] - corrId_5bb3fa354175e2.22010123 - Reached StorageManagementService API 
[2018-10-03 01:07:33] - corrId_5bb3fa354175e2.22010123 - Processing GetVideosInStorage request. 
[2018-10-03 01:07:33] - corrId_5bb3fa354175e2.22010123 - Token is valid 
[2018-10-03 01:07:33] - corrId_5bb3fa354175e2.22010123 - Validated permissions for user admin (required 10, has 30) 
[2018-10-03 01:07:33] - corrId_5bb3fa354175e2.22010123 - Query: SELECT co.id_copia, co.data_scarico, co.danneggiato, co.noleggiato, fi.id_film, fi.titolo, fo.nome
            FROM copia co
            INNER JOIN film fi
            ON co.id_film = fi.id_film
            INNER JOIN fornitore fo
            ON co.id_fornitore = fo.id_fornitore
            WHERE co.id_punto_vendita = 1
            AND co.restituito = 0 
[2018-10-03 01:07:33] - corrId_5bb3fa354175e2.22010123 - Establishing connection to DB 
[2018-10-03 01:07:33] - corrId_5bb3fa354175e2.22010123 - Executing query 
[2018-10-03 01:07:33] - corrId_5bb3fa354175e2.22010123 - Query executed successfully 
[2018-10-03 01:07:33] - corrId_5bb3fa35a86038.44522560 - Reached SalesManagementService API 
[2018-10-03 01:07:33] - corrId_5bb3fa35a86038.44522560 - Establishing connection to DB 
[2018-10-03 01:07:33] - corrId_5bb3fa35a86038.44522560 - Processing GetStoresAndSales request. 
[2018-10-03 01:07:33] - corrId_5bb3fa35a86038.44522560 - Token is valid 
[2018-10-03 01:07:33] - corrId_5bb3fa35a86038.44522560 - Validated permissions for user admin (required 10, has 30) 
[2018-10-03 01:07:33] - corrId_5bb3fa35a86038.44522560 - DATE: 0 
[2018-10-03 01:07:33] - corrId_5bb3fa35a86038.44522560 - Query: SELECT pv.id_punto_vendita, pv.nome, pv.indirizzo, ci.nome as citta_nome, SUM(no.prezzo_totale) as incasso_giornaliero
            FROM punto_vendita pv
            INNER JOIN citta ci
            ON pv.id_citta = ci.id_citta 
            INNER JOIN noleggio no
            ON no.id_punto_vendita = pv.id_punto_vendita
            WHERE no.data_inizio >= ''
            AND no.data_inizio <= ' 23:59'
             
[2018-10-03 01:07:33] - corrId_5bb3fa35a86038.44522560 - Executing query 
[2018-10-03 01:07:33] - corrId_5bb3fa35a86038.44522560 - Query executed successfully 
[2018-10-03 01:07:33] - corrId_5bb3fa35a86038.44522560 - Opreation getStoresAndSales was successful. 
[2018-10-03 01:07:53] - corrId_5bb3fa490ae909.76766040 - Reached AuthenticationService API 
[2018-10-03 01:07:53] - corrId_5bb3fa490ae909.76766040 - Token is valid 
[2018-10-03 01:07:53] - corrId_5bb3fa49575e68.43717336 - Reached StorageManagementService API 
[2018-10-03 01:07:53] - corrId_5bb3fa49575e68.43717336 - Processing GetVideosInStorage request. 
[2018-10-03 01:07:53] - corrId_5bb3fa49575e68.43717336 - Token is valid 
[2018-10-03 01:07:53] - corrId_5bb3fa49575e68.43717336 - Validated permissions for user admin (required 10, has 30) 
[2018-10-03 01:07:53] - corrId_5bb3fa49575e68.43717336 - Query: SELECT co.id_copia, co.data_scarico, co.danneggiato, co.noleggiato, fi.id_film, fi.titolo, fo.nome
            FROM copia co
            INNER JOIN film fi
            ON co.id_film = fi.id_film
            INNER JOIN fornitore fo
            ON co.id_fornitore = fo.id_fornitore
            WHERE co.id_punto_vendita = 1
            AND co.restituito = 0 
[2018-10-03 01:07:53] - corrId_5bb3fa49575e68.43717336 - Establishing connection to DB 
[2018-10-03 01:07:53] - corrId_5bb3fa49575e68.43717336 - Executing query 
[2018-10-03 01:07:53] - corrId_5bb3fa49575e68.43717336 - Query executed successfully 
[2018-10-03 01:07:53] - corrId_5bb3fa49c9ae90.61426169 - Reached SalesManagementService API 
[2018-10-03 01:07:53] - corrId_5bb3fa49c9ae90.61426169 - Establishing connection to DB 
[2018-10-03 01:07:53] - corrId_5bb3fa49c9ae90.61426169 - Processing GetStoresAndSales request. 
[2018-10-03 01:07:53] - corrId_5bb3fa49c9ae90.61426169 - Token is valid 
[2018-10-03 01:07:53] - corrId_5bb3fa49c9ae90.61426169 - Validated permissions for user admin (required 10, has 30) 
[2018-10-03 01:07:53] - corrId_5bb3fa49c9ae90.61426169 - DATE: 1 
[2018-10-03 01:07:53] - corrId_5bb3fa49c9ae90.61426169 - Query: SELECT pv.id_punto_vendita, pv.nome, pv.indirizzo, ci.nome as citta_nome, SUM(no.prezzo_totale) as incasso_giornaliero
            FROM punto_vendita pv
            INNER JOIN citta ci
            ON pv.id_citta = ci.id_citta 
            RIGHT JOIN noleggio no
            ON no.id_punto_vendita = pv.id_punto_vendita
            WHERE no.data_inizio >= '2018-03-10'
            AND no.data_inizio <= '2018-03-10 23:59'
             
[2018-10-03 01:07:53] - corrId_5bb3fa49c9ae90.61426169 - Executing query 
[2018-10-03 01:07:53] - corrId_5bb3fa49c9ae90.61426169 - Query executed successfully 
[2018-10-03 01:07:53] - corrId_5bb3fa49c9ae90.61426169 - Opreation getStoresAndSales was successful. 
[2018-10-03 21:28:26] - corrId_5bb5185a0ffd61.49170034 - Reached AuthenticationService API 
[2018-10-03 21:28:26] - corrId_5bb5185a0ffd61.49170034 - Token is valid 
[2018-10-03 21:28:26] - corrId_5bb5185a6aaf24.64978380 - Reached SalesManagementService API 
[2018-10-03 21:28:26] - corrId_5bb5185a6aaf24.64978380 - Establishing connection to DB 
[2018-10-03 21:28:26] - corrId_5bb5185a6aaf24.64978380 - Processing GetStoresAndSales request. 
[2018-10-03 21:28:26] - corrId_5bb5185a6aaf24.64978380 - Token is valid 
[2018-10-03 21:28:26] - corrId_5bb5185a6aaf24.64978380 - Validated permissions for user admin (required 10, has 30) 
[2018-10-03 21:28:26] - corrId_5bb5185a6aaf24.64978380 - DATE: 1 
[2018-10-03 21:28:26] - corrId_5bb5185a6aaf24.64978380 - Query: SELECT pv.id_punto_vendita, pv.nome, pv.indirizzo, ci.nome as citta_nome, SUM(no.prezzo_totale) as incasso_giornaliero
            FROM punto_vendita pv
            INNER JOIN citta ci
            ON pv.id_citta = ci.id_citta 
            INNER JOIN noleggio no
            ON no.id_punto_vendita = pv.id_punto_vendita
            WHERE no.data_inizio >= '2018-10-03'
            AND no.data_inizio <= '2018-10-03 23:59'
             
[2018-10-03 21:28:26] - corrId_5bb5185a6aaf24.64978380 - Executing query 
[2018-10-03 21:28:26] - corrId_5bb5185a6aaf24.64978380 - Query executed successfully 
[2018-10-03 21:28:26] - corrId_5bb5185a6aaf24.64978380 - Opreation getStoresAndSales was successful. 
[2018-10-03 21:28:32] - corrId_5bb51860be41c3.73286308 - Reached AuthenticationService API 
[2018-10-03 21:28:32] - corrId_5bb51860be41c3.73286308 - Token is valid 
[2018-10-03 21:28:33] - corrId_5bb518610b4ca6.44586544 - Reached SalesManagementService API 
[2018-10-03 21:28:33] - corrId_5bb518610b4ca6.44586544 - Establishing connection to DB 
[2018-10-03 21:28:33] - corrId_5bb518610b4ca6.44586544 - Processing GetStoresAndSales request. 
[2018-10-03 21:28:33] - corrId_5bb518610b4ca6.44586544 - Token is valid 
[2018-10-03 21:28:33] - corrId_5bb518610b4ca6.44586544 - Validated permissions for user admin (required 10, has 30) 
[2018-10-03 21:28:33] - corrId_5bb518610b4ca6.44586544 - DATE: 1 
[2018-10-03 21:28:33] - corrId_5bb518610b4ca6.44586544 - Query: SELECT pv.id_punto_vendita, pv.nome, pv.indirizzo, ci.nome as citta_nome, SUM(no.prezzo_totale) as incasso_giornaliero
            FROM punto_vendita pv
            INNER JOIN citta ci
            ON pv.id_citta = ci.id_citta 
            INNER JOIN noleggio no
            ON no.id_punto_vendita = pv.id_punto_vendita
            WHERE no.data_inizio >= '2018-10-03'
            AND no.data_inizio <= '2018-10-03 23:59'
             
[2018-10-03 21:28:33] - corrId_5bb518610b4ca6.44586544 - Executing query 
[2018-10-03 21:28:33] - corrId_5bb518610b4ca6.44586544 - Query executed successfully 
[2018-10-03 21:28:33] - corrId_5bb518610b4ca6.44586544 - Opreation getStoresAndSales was successful. 
[2018-10-03 21:28:52] - corrId_5bb5187482e730.11486039 - Reached AuthenticationService API 
[2018-10-03 21:28:52] - corrId_5bb5187482e730.11486039 - Token is valid 
[2018-10-03 21:28:52] - corrId_5bb51874da03d5.74661698 - Reached SalesManagementService API 
[2018-10-03 21:28:52] - corrId_5bb51874da03d5.74661698 - Establishing connection to DB 
[2018-10-03 21:28:52] - corrId_5bb51874da03d5.74661698 - Processing GetStoresAndSales request. 
[2018-10-03 21:28:52] - corrId_5bb51874da03d5.74661698 - Token is valid 
[2018-10-03 21:28:52] - corrId_5bb51874da03d5.74661698 - Validated permissions for user admin (required 10, has 30) 
[2018-10-03 21:28:52] - corrId_5bb51874da03d5.74661698 - DATE: 1 
[2018-10-03 21:28:52] - corrId_5bb51874da03d5.74661698 - Query: SELECT pv.id_punto_vendita, pv.nome, pv.indirizzo, ci.nome as citta_nome, SUM(no.prezzo_totale) as incasso_giornaliero
            FROM punto_vendita pv
            INNER JOIN citta ci
            ON pv.id_citta = ci.id_citta 
            LEFT JOIN noleggio no
            ON no.id_punto_vendita = pv.id_punto_vendita
            WHERE no.data_inizio >= '2018-10-03'
            AND no.data_inizio <= '2018-10-03 23:59'
             
[2018-10-03 21:28:52] - corrId_5bb51874da03d5.74661698 - Executing query 
[2018-10-03 21:28:52] - corrId_5bb51874da03d5.74661698 - Query executed successfully 
[2018-10-03 21:28:52] - corrId_5bb51874da03d5.74661698 - Opreation getStoresAndSales was successful. 
[2018-10-03 21:58:12] - corrId_5bb51f544e7e89.51554217 - Reached SalesManagementService API 
[2018-10-03 21:58:12] - corrId_5bb51f544e7e89.51554217 - Establishing connection to DB 
[2018-10-03 21:58:12] - corrId_5bb51f544e7e89.51554217 - Processing GetStoresAndSales request. 
[2018-10-03 21:58:12] - corrId_5bb51f544e7e89.51554217 - Token is valid 
[2018-10-03 21:58:12] - corrId_5bb51f544e7e89.51554217 - Validated permissions for user admin (required 10, has 30) 
[2018-10-03 21:58:12] - corrId_5bb51f544e7e89.51554217 - DATE: 1 
[2018-10-03 21:58:12] - corrId_5bb51f544e7e89.51554217 - Query: SELECT pv.id_punto_vendita, pv.nome, pv.indirizzo, ci.nome as citta_nome, noleggi.incasso_giornaliero
            FROM punto_vendita pv
            INNER JOIN citta ci
            ON pv.id_citta = ci.id_citta 
            LEFT JOIN (SELECT SUM(no.prezzo_totale) as incasso_giornaliero, no.id_noleggio, no.id_punto_vendita 
                        FROM noleggio no 
                        WHERE no.data_inizio >= '2018-10-03' 
                        AND no.data_inizio <= '2018-10-03 23:59') as noleggi
            ON noleggi.id_punto_vendita = pv.id_punto_vendita
            GROUP BY pv.id_punto_vendita;
             
[2018-10-03 21:58:12] - corrId_5bb51f544e7e89.51554217 - Executing query 
[2018-10-03 21:58:12] - corrId_5bb51f544e7e89.51554217 - Query executed successfully 
[2018-10-03 21:58:12] - corrId_5bb51f544e7e89.51554217 - Opreation getStoresAndSales was successful. 
[2018-10-03 21:58:50] - corrId_5bb51f7a57ee20.81560401 - Reached AuthenticationService API 
[2018-10-03 21:58:50] - corrId_5bb51f7a57ee20.81560401 - Token is valid 
[2018-10-03 21:58:50] - corrId_5bb51f7aa7c607.48328134 - Reached SalesManagementService API 
[2018-10-03 21:58:50] - corrId_5bb51f7aa7c607.48328134 - Establishing connection to DB 
[2018-10-03 21:58:50] - corrId_5bb51f7aa7c607.48328134 - Processing GetStoresAndSales request. 
[2018-10-03 21:58:50] - corrId_5bb51f7aa7c607.48328134 - Token is valid 
[2018-10-03 21:58:50] - corrId_5bb51f7aa7c607.48328134 - Validated permissions for user admin (required 10, has 30) 
[2018-10-03 21:58:50] - corrId_5bb51f7aa7c607.48328134 - DATE: 1 
[2018-10-03 21:58:50] - corrId_5bb51f7aa7c607.48328134 - Query: SELECT pv.id_punto_vendita, pv.nome, pv.indirizzo, ci.nome as citta_nome, noleggi.incasso_giornaliero
            FROM punto_vendita pv
            INNER JOIN citta ci
            ON pv.id_citta = ci.id_citta 
            LEFT JOIN (SELECT SUM(no.prezzo_totale) as incasso_giornaliero, no.id_noleggio, no.id_punto_vendita 
                        FROM noleggio no 
                        WHERE no.data_inizio >= '2018-10-03' 
                        AND no.data_inizio <= '2018-10-03 23:59') as noleggi
            ON noleggi.id_punto_vendita = pv.id_punto_vendita
            GROUP BY pv.id_punto_vendita;
             
[2018-10-03 21:58:50] - corrId_5bb51f7aa7c607.48328134 - Executing query 
[2018-10-03 21:58:50] - corrId_5bb51f7aa7c607.48328134 - Query executed successfully 
[2018-10-03 21:58:50] - corrId_5bb51f7aa7c607.48328134 - Opreation getStoresAndSales was successful. 
[2018-10-03 21:59:09] - corrId_5bb51f8d439354.29188288 - Reached AuthenticationService API 
[2018-10-03 21:59:09] - corrId_5bb51f8d439354.29188288 - Token is valid 
[2018-10-03 21:59:09] - corrId_5bb51f8de40649.13874972 - Reached SalesManagementService API 
[2018-10-03 21:59:09] - corrId_5bb51f8de40649.13874972 - Establishing connection to DB 
[2018-10-03 21:59:09] - corrId_5bb51f8de40649.13874972 - Processing GetStoresAndSales request. 
[2018-10-03 21:59:09] - corrId_5bb51f8de40649.13874972 - Token is valid 
[2018-10-03 21:59:09] - corrId_5bb51f8de40649.13874972 - Validated permissions for user admin (required 10, has 30) 
[2018-10-03 21:59:09] - corrId_5bb51f8de40649.13874972 - DATE: 1 
[2018-10-03 21:59:09] - corrId_5bb51f8de40649.13874972 - Query: SELECT pv.id_punto_vendita, pv.nome, pv.indirizzo, ci.nome as citta_nome, noleggi.incasso_giornaliero
            FROM punto_vendita pv
            INNER JOIN citta ci
            ON pv.id_citta = ci.id_citta 
            LEFT JOIN (SELECT SUM(no.prezzo_totale) as incasso_giornaliero, no.id_noleggio, no.id_punto_vendita 
                        FROM noleggio no 
                        WHERE no.data_inizio >= '2018-10-03' 
                        AND no.data_inizio <= '2018-10-03 23:59') as noleggi
            ON noleggi.id_punto_vendita = pv.id_punto_vendita
            GROUP BY pv.id_punto_vendita;
             
[2018-10-03 21:59:09] - corrId_5bb51f8de40649.13874972 - Executing query 
[2018-10-03 21:59:09] - corrId_5bb51f8de40649.13874972 - Query executed successfully 
[2018-10-03 21:59:09] - corrId_5bb51f8de40649.13874972 - Opreation getStoresAndSales was successful. 
[2018-10-03 21:59:10] - corrId_5bb51f8ecaeb55.51779216 - Reached StorageManagementService API 
[2018-10-03 21:59:10] - corrId_5bb51f8ecaeb55.51779216 - Processing GetVideosInStorage request. 
[2018-10-03 21:59:10] - corrId_5bb51f8ecaeb55.51779216 - Token is valid 
[2018-10-03 21:59:10] - corrId_5bb51f8ecaeb55.51779216 - Validated permissions for user admin (required 10, has 30) 
[2018-10-03 21:59:10] - corrId_5bb51f8ecaeb55.51779216 - Query: SELECT co.id_copia, co.data_scarico, co.danneggiato, co.noleggiato, fi.id_film, fi.titolo, fo.nome
            FROM copia co
            INNER JOIN film fi
            ON co.id_film = fi.id_film
            INNER JOIN fornitore fo
            ON co.id_fornitore = fo.id_fornitore
            WHERE co.id_punto_vendita = 1
            AND co.restituito = 0 
[2018-10-03 21:59:10] - corrId_5bb51f8ecaeb55.51779216 - Establishing connection to DB 
[2018-10-03 21:59:10] - corrId_5bb51f8ecaeb55.51779216 - Executing query 
[2018-10-03 21:59:10] - corrId_5bb51f8ecaeb55.51779216 - Query executed successfully 
[2018-10-03 21:59:11] - corrId_5bb51f8f539498.49540274 - Reached SalesManagementService API 
[2018-10-03 21:59:11] - corrId_5bb51f8f539498.49540274 - Establishing connection to DB 
[2018-10-03 21:59:11] - corrId_5bb51f8f539498.49540274 - Processing GetStoresAndSales request. 
[2018-10-03 21:59:11] - corrId_5bb51f8f539498.49540274 - Token is valid 
[2018-10-03 21:59:11] - corrId_5bb51f8f539498.49540274 - Validated permissions for user admin (required 10, has 30) 
[2018-10-03 21:59:11] - corrId_5bb51f8f539498.49540274 - DATE: 1 
[2018-10-03 21:59:11] - corrId_5bb51f8f539498.49540274 - Query: SELECT pv.id_punto_vendita, pv.nome, pv.indirizzo, ci.nome as citta_nome, noleggi.incasso_giornaliero
            FROM punto_vendita pv
            INNER JOIN citta ci
            ON pv.id_citta = ci.id_citta 
            LEFT JOIN (SELECT SUM(no.prezzo_totale) as incasso_giornaliero, no.id_noleggio, no.id_punto_vendita 
                        FROM noleggio no 
                        WHERE no.data_inizio >= '2018-10-03' 
                        AND no.data_inizio <= '2018-10-03 23:59') as noleggi
            ON noleggi.id_punto_vendita = pv.id_punto_vendita
            GROUP BY pv.id_punto_vendita;
             
[2018-10-03 21:59:11] - corrId_5bb51f8f539498.49540274 - Executing query 
[2018-10-03 21:59:11] - corrId_5bb51f8f539498.49540274 - Query executed successfully 
[2018-10-03 21:59:11] - corrId_5bb51f8f539498.49540274 - Opreation getStoresAndSales was successful. 
[2018-10-03 22:00:25] - corrId_5bb51fd93f0c14.32571937 - Reached AuthenticationService API 
[2018-10-03 22:00:25] - corrId_5bb51fd93f0c14.32571937 - Token is valid 
[2018-10-03 22:00:25] - corrId_5bb51fd9b41c03.92785846 - Reached SalesManagementService API 
[2018-10-03 22:00:25] - corrId_5bb51fd9b41c03.92785846 - Establishing connection to DB 
[2018-10-03 22:00:25] - corrId_5bb51fd9b41c03.92785846 - Processing GetStoresAndSales request. 
[2018-10-03 22:00:25] - corrId_5bb51fd9b41c03.92785846 - Token is valid 
[2018-10-03 22:00:25] - corrId_5bb51fd9b41c03.92785846 - Validated permissions for user admin (required 10, has 30) 
[2018-10-03 22:00:25] - corrId_5bb51fd9b41c03.92785846 - DATE: 1 
[2018-10-03 22:00:25] - corrId_5bb51fd9b41c03.92785846 - Query: SELECT pv.id_punto_vendita, pv.nome, pv.indirizzo, ci.nome as citta_nome, noleggi.incasso_giornaliero
            FROM punto_vendita pv
            INNER JOIN citta ci
            ON pv.id_citta = ci.id_citta 
            LEFT JOIN (SELECT SUM(no.prezzo_totale) as incasso_giornaliero, no.id_noleggio, no.id_punto_vendita 
                        FROM noleggio no 
                        WHERE no.data_inizio >= '2018-10-03' 
                        AND no.data_inizio <= '2018-10-03 23:59') as noleggi
            ON noleggi.id_punto_vendita = pv.id_punto_vendita
            GROUP BY pv.id_punto_vendita;
             
[2018-10-03 22:00:25] - corrId_5bb51fd9b41c03.92785846 - Executing query 
[2018-10-03 22:00:25] - corrId_5bb51fd9b41c03.92785846 - Query executed successfully 
[2018-10-03 22:00:25] - corrId_5bb51fd9b41c03.92785846 - Opreation getStoresAndSales was successful. 
[2018-10-03 22:00:27] - corrId_5bb51fdb11d171.93655237 - Reached StorageManagementService API 
[2018-10-03 22:00:27] - corrId_5bb51fdb11d171.93655237 - Processing GetVideosInStorage request. 
[2018-10-03 22:00:27] - corrId_5bb51fdb11d171.93655237 - Token is valid 
[2018-10-03 22:00:27] - corrId_5bb51fdb11d171.93655237 - Validated permissions for user admin (required 10, has 30) 
[2018-10-03 22:00:27] - corrId_5bb51fdb11d171.93655237 - Query: SELECT co.id_copia, co.data_scarico, co.danneggiato, co.noleggiato, fi.id_film, fi.titolo, fo.nome
            FROM copia co
            INNER JOIN film fi
            ON co.id_film = fi.id_film
            INNER JOIN fornitore fo
            ON co.id_fornitore = fo.id_fornitore
            WHERE co.id_punto_vendita = 1
            AND co.restituito = 0 
[2018-10-03 22:00:27] - corrId_5bb51fdb11d171.93655237 - Establishing connection to DB 
[2018-10-03 22:00:27] - corrId_5bb51fdb11d171.93655237 - Executing query 
[2018-10-03 22:00:27] - corrId_5bb51fdb11d171.93655237 - Query executed successfully 
[2018-10-03 22:00:27] - corrId_5bb51fdb8a0ea2.05063173 - Reached SalesManagementService API 
[2018-10-03 22:00:27] - corrId_5bb51fdb8a0ea2.05063173 - Establishing connection to DB 
[2018-10-03 22:00:27] - corrId_5bb51fdb8a0ea2.05063173 - Processing GetStoresAndSales request. 
[2018-10-03 22:00:27] - corrId_5bb51fdb8a0ea2.05063173 - Token is valid 
[2018-10-03 22:00:27] - corrId_5bb51fdb8a0ea2.05063173 - Validated permissions for user admin (required 10, has 30) 
[2018-10-03 22:00:27] - corrId_5bb51fdb8a0ea2.05063173 - DATE: 1 
[2018-10-03 22:00:27] - corrId_5bb51fdb8a0ea2.05063173 - Query: SELECT pv.id_punto_vendita, pv.nome, pv.indirizzo, ci.nome as citta_nome, noleggi.incasso_giornaliero
            FROM punto_vendita pv
            INNER JOIN citta ci
            ON pv.id_citta = ci.id_citta 
            LEFT JOIN (SELECT SUM(no.prezzo_totale) as incasso_giornaliero, no.id_noleggio, no.id_punto_vendita 
                        FROM noleggio no 
                        WHERE no.data_inizio >= '2018-10-03' 
                        AND no.data_inizio <= '2018-10-03 23:59') as noleggi
            ON noleggi.id_punto_vendita = pv.id_punto_vendita
            GROUP BY pv.id_punto_vendita;
             
[2018-10-03 22:00:27] - corrId_5bb51fdb8a0ea2.05063173 - Executing query 
[2018-10-03 22:00:27] - corrId_5bb51fdb8a0ea2.05063173 - Query executed successfully 
[2018-10-03 22:00:27] - corrId_5bb51fdb8a0ea2.05063173 - Opreation getStoresAndSales was successful. 
[2018-10-03 22:05:06] - corrId_5bb520f242bc73.12187411 - Reached AuthenticationService API 
[2018-10-03 22:05:06] - corrId_5bb520f242bc73.12187411 - Token is valid 
[2018-10-03 22:05:06] - corrId_5bb520f2a344a8.97038784 - Reached SalesManagementService API 
[2018-10-03 22:05:06] - corrId_5bb520f2a344a8.97038784 - Establishing connection to DB 
[2018-10-03 22:05:06] - corrId_5bb520f2a344a8.97038784 - Processing GetStoresAndSales request. 
[2018-10-03 22:05:06] - corrId_5bb520f2a344a8.97038784 - Token is valid 
[2018-10-03 22:05:06] - corrId_5bb520f2a344a8.97038784 - Validated permissions for user admin (required 10, has 30) 
[2018-10-03 22:05:06] - corrId_5bb520f2a344a8.97038784 - DATE: 1 
[2018-10-03 22:05:06] - corrId_5bb520f2a344a8.97038784 - Query: SELECT pv.id_punto_vendita, pv.nome, pv.indirizzo, ci.nome as citta_nome, noleggi.incasso_giornaliero
            FROM punto_vendita pv
            INNER JOIN citta ci
            ON pv.id_citta = ci.id_citta 
            LEFT JOIN (SELECT SUM(no.prezzo_totale) as incasso_giornaliero, no.id_noleggio, no.id_punto_vendita 
                        FROM noleggio no 
                        WHERE no.data_inizio >= '2018-10-03' 
                        AND no.data_inizio <= '2018-10-03 23:59') as noleggi
            ON noleggi.id_punto_vendita = pv.id_punto_vendita
            GROUP BY pv.id_punto_vendita;
             
[2018-10-03 22:05:06] - corrId_5bb520f2a344a8.97038784 - Executing query 
[2018-10-03 22:05:06] - corrId_5bb520f2a344a8.97038784 - Query executed successfully 
[2018-10-03 22:05:06] - corrId_5bb520f2a344a8.97038784 - Opreation getStoresAndSales was successful. 
[2018-10-03 22:05:09] - corrId_5bb520f512f2a1.78687874 - Reached SalesManagementService API 
[2018-10-03 22:05:09] - corrId_5bb520f512f2a1.78687874 - Establishing connection to DB 
[2018-10-03 22:05:09] - corrId_5bb520f512f2a1.78687874 - Processing GetStoresAndSales request. 
[2018-10-03 22:05:09] - corrId_5bb520f512f2a1.78687874 - Token is valid 
[2018-10-03 22:05:09] - corrId_5bb520f512f2a1.78687874 - Validated permissions for user admin (required 10, has 30) 
[2018-10-03 22:05:09] - corrId_5bb520f512f2a1.78687874 - DATE: 1 
[2018-10-03 22:05:09] - corrId_5bb520f512f2a1.78687874 - Query: SELECT pv.id_punto_vendita, pv.nome, pv.indirizzo, ci.nome as citta_nome, noleggi.incasso_giornaliero
            FROM punto_vendita pv
            INNER JOIN citta ci
            ON pv.id_citta = ci.id_citta 
            LEFT JOIN (SELECT SUM(no.prezzo_totale) as incasso_giornaliero, no.id_noleggio, no.id_punto_vendita 
                        FROM noleggio no 
                        WHERE no.data_inizio >= '2018-10-04' 
                        AND no.data_inizio <= '2018-10-03 23:59') as noleggi
            ON noleggi.id_punto_vendita = pv.id_punto_vendita
            GROUP BY pv.id_punto_vendita;
             
[2018-10-03 22:05:09] - corrId_5bb520f512f2a1.78687874 - Executing query 
[2018-10-03 22:05:09] - corrId_5bb520f512f2a1.78687874 - Query executed successfully 
[2018-10-03 22:05:09] - corrId_5bb520f512f2a1.78687874 - Opreation getStoresAndSales was successful. 
[2018-10-03 22:05:11] - corrId_5bb520f73e3970.21970673 - Reached SalesManagementService API 
[2018-10-03 22:05:11] - corrId_5bb520f73e3970.21970673 - Establishing connection to DB 
[2018-10-03 22:05:11] - corrId_5bb520f73e3970.21970673 - Processing GetStoresAndSales request. 
[2018-10-03 22:05:11] - corrId_5bb520f73e3970.21970673 - Token is valid 
[2018-10-03 22:05:11] - corrId_5bb520f73e3970.21970673 - Validated permissions for user admin (required 10, has 30) 
[2018-10-03 22:05:11] - corrId_5bb520f73e3970.21970673 - DATE: 1 
[2018-10-03 22:05:11] - corrId_5bb520f73e3970.21970673 - Query: SELECT pv.id_punto_vendita, pv.nome, pv.indirizzo, ci.nome as citta_nome, noleggi.incasso_giornaliero
            FROM punto_vendita pv
            INNER JOIN citta ci
            ON pv.id_citta = ci.id_citta 
            LEFT JOIN (SELECT SUM(no.prezzo_totale) as incasso_giornaliero, no.id_noleggio, no.id_punto_vendita 
                        FROM noleggio no 
                        WHERE no.data_inizio >= '2018-10-01' 
                        AND no.data_inizio <= '2018-10-03 23:59') as noleggi
            ON noleggi.id_punto_vendita = pv.id_punto_vendita
            GROUP BY pv.id_punto_vendita;
             
[2018-10-03 22:05:11] - corrId_5bb520f73e3970.21970673 - Executing query 
[2018-10-03 22:05:11] - corrId_5bb520f73e3970.21970673 - Query executed successfully 
[2018-10-03 22:05:11] - corrId_5bb520f73e3970.21970673 - Opreation getStoresAndSales was successful. 
[2018-10-03 22:05:16] - corrId_5bb520fc1ac791.26141862 - Reached SalesManagementService API 
[2018-10-03 22:05:16] - corrId_5bb520fc1ac791.26141862 - Establishing connection to DB 
[2018-10-03 22:05:16] - corrId_5bb520fc1ac791.26141862 - Processing GetStoresAndSales request. 
[2018-10-03 22:05:16] - corrId_5bb520fc1ac791.26141862 - Token is valid 
[2018-10-03 22:05:16] - corrId_5bb520fc1ac791.26141862 - Validated permissions for user admin (required 10, has 30) 
[2018-10-03 22:05:16] - corrId_5bb520fc1ac791.26141862 - DATE: 1 
[2018-10-03 22:05:16] - corrId_5bb520fc1ac791.26141862 - Query: SELECT pv.id_punto_vendita, pv.nome, pv.indirizzo, ci.nome as citta_nome, noleggi.incasso_giornaliero
            FROM punto_vendita pv
            INNER JOIN citta ci
            ON pv.id_citta = ci.id_citta 
            LEFT JOIN (SELECT SUM(no.prezzo_totale) as incasso_giornaliero, no.id_noleggio, no.id_punto_vendita 
                        FROM noleggio no 
                        WHERE no.data_inizio >= '2018-09-28' 
                        AND no.data_inizio <= '2018-10-03 23:59') as noleggi
            ON noleggi.id_punto_vendita = pv.id_punto_vendita
            GROUP BY pv.id_punto_vendita;
             
[2018-10-03 22:05:16] - corrId_5bb520fc1ac791.26141862 - Executing query 
[2018-10-03 22:05:16] - corrId_5bb520fc1ac791.26141862 - Query executed successfully 
[2018-10-03 22:05:16] - corrId_5bb520fc1ac791.26141862 - Opreation getStoresAndSales was successful. 
[2018-10-03 22:05:19] - corrId_5bb520ffeae227.22819961 - Reached SalesManagementService API 
[2018-10-03 22:05:19] - corrId_5bb520ffeae227.22819961 - Establishing connection to DB 
[2018-10-03 22:05:19] - corrId_5bb520ffeae227.22819961 - Processing GetStoresAndSales request. 
[2018-10-03 22:05:19] - corrId_5bb520ffeae227.22819961 - Token is valid 
[2018-10-03 22:05:19] - corrId_5bb520ffeae227.22819961 - Validated permissions for user admin (required 10, has 30) 
[2018-10-03 22:05:19] - corrId_5bb520ffeae227.22819961 - DATE: 1 
[2018-10-03 22:05:19] - corrId_5bb520ffeae227.22819961 - Query: SELECT pv.id_punto_vendita, pv.nome, pv.indirizzo, ci.nome as citta_nome, noleggi.incasso_giornaliero
            FROM punto_vendita pv
            INNER JOIN citta ci
            ON pv.id_citta = ci.id_citta 
            LEFT JOIN (SELECT SUM(no.prezzo_totale) as incasso_giornaliero, no.id_noleggio, no.id_punto_vendita 
                        FROM noleggio no 
                        WHERE no.data_inizio >= '2018-09-26' 
                        AND no.data_inizio <= '2018-10-03 23:59') as noleggi
            ON noleggi.id_punto_vendita = pv.id_punto_vendita
            GROUP BY pv.id_punto_vendita;
             
[2018-10-03 22:05:19] - corrId_5bb520ffeae227.22819961 - Executing query 
[2018-10-03 22:05:19] - corrId_5bb520ffeae227.22819961 - Query executed successfully 
[2018-10-03 22:05:19] - corrId_5bb520ffeae227.22819961 - Opreation getStoresAndSales was successful. 
[2018-10-03 22:06:02] - corrId_5bb5212a7e3876.41357248 - Reached AuthenticationService API 
[2018-10-03 22:06:02] - corrId_5bb5212a7e3876.41357248 - Token is valid 
[2018-10-03 22:06:02] - corrId_5bb5212a7e3876.41357248 - User admin logging out. 
[2018-10-03 22:06:06] - corrId_5bb5212e27a353.70473068 - Reached AuthenticationService API 
[2018-10-03 22:06:06] - corrId_5bb5212e27a353.70473068 - Processing Login request. 
[2018-10-03 22:06:06] - corrId_5bb5212e27a353.70473068 - Establishing connection to DB 
[2018-10-03 22:06:06] - corrId_5bb5212e27a353.70473068 - Executing query 
[2018-10-03 22:06:06] - corrId_5bb5212e27a353.70473068 - Query executed successfully 
[2018-10-03 22:06:06] - corrId_5bb5212e27a353.70473068 - User MarRosRoma01 validated, starting token generation. 
[2018-10-03 22:06:06] - corrId_5bb5212e27a353.70473068 - Token generated succesfully. 
[2018-10-03 22:06:06] - corrId_5bb5212e27a353.70473068 - Authentication cookie has been set:  
[2018-10-03 22:06:06] - corrId_5bb5212e27a353.70473068 - User  succesfully logged in. 
[2018-10-03 22:06:08] - corrId_5bb52130054938.10870599 - Reached SalesManagementService API 
[2018-10-03 22:06:08] - corrId_5bb52130054938.10870599 - Establishing connection to DB 
[2018-10-03 22:06:08] - corrId_5bb52130054938.10870599 - Processing GetStoresAndSales request. 
[2018-10-03 22:06:08] - corrId_5bb52130054938.10870599 - Token is valid 
[2018-10-03 22:06:08] - corrId_5bb52130054938.10870599 - Validated permissions for user MarRosRoma01 (required 10, has 20) 
[2018-10-03 22:06:08] - corrId_5bb52130054938.10870599 - DATE: 1 
[2018-10-03 22:06:08] - corrId_5bb52130054938.10870599 - Query: SELECT pv.id_punto_vendita, pv.nome, pv.indirizzo, ci.nome as citta_nome, noleggi.incasso_giornaliero
            FROM punto_vendita pv
            INNER JOIN citta ci
            ON pv.id_citta = ci.id_citta 
            LEFT JOIN (SELECT SUM(no.prezzo_totale) as incasso_giornaliero, no.id_noleggio, no.id_punto_vendita 
                        FROM noleggio no 
                        WHERE no.data_inizio >= '2018-10-03' 
                        AND no.data_inizio <= '2018-10-03 23:59') as noleggi
            ON noleggi.id_punto_vendita = pv.id_punto_vendita
            GROUP BY pv.id_punto_vendita;
             
[2018-10-03 22:06:08] - corrId_5bb52130054938.10870599 - Executing query 
[2018-10-03 22:06:08] - corrId_5bb52130054938.10870599 - Query executed successfully 
[2018-10-03 22:06:08] - corrId_5bb52130054938.10870599 - Opreation getStoresAndSales was successful. 
[2018-10-03 22:07:10] - corrId_5bb5216e1ed603.46800225 - Reached AuthenticationService API 
[2018-10-03 22:07:10] - corrId_5bb5216e1ed603.46800225 - Token is valid 
[2018-10-03 22:07:10] - corrId_5bb5216e740aa1.52446618 - Reached SalesManagementService API 
[2018-10-03 22:07:10] - corrId_5bb5216e740aa1.52446618 - Establishing connection to DB 
[2018-10-03 22:07:10] - corrId_5bb5216e740aa1.52446618 - Processing GetStoresAndSales request. 
[2018-10-03 22:07:10] - corrId_5bb5216e740aa1.52446618 - Token is valid 
[2018-10-03 22:07:10] - corrId_5bb5216e740aa1.52446618 - Validated permissions for user MarRosRoma01 (required 20, has 20) 
[2018-10-03 22:07:10] - corrId_5bb5216e740aa1.52446618 - DATE: 1 
[2018-10-03 22:07:10] - corrId_5bb5216e740aa1.52446618 - Query: SELECT pv.id_punto_vendita, pv.nome, pv.indirizzo, ci.nome as citta_nome, noleggi.incasso_giornaliero
            FROM punto_vendita pv
            INNER JOIN citta ci
            ON pv.id_citta = ci.id_citta 
            LEFT JOIN (SELECT SUM(no.prezzo_totale) as incasso_giornaliero, no.id_noleggio, no.id_punto_vendita 
                        FROM noleggio no 
                        WHERE no.data_inizio >= '2018-10-03' 
                        AND no.data_inizio <= '2018-10-03 23:59') as noleggi
            ON noleggi.id_punto_vendita = pv.id_punto_vendita
            GROUP BY pv.id_punto_vendita;
             
[2018-10-03 22:07:10] - corrId_5bb5216e740aa1.52446618 - Executing query 
[2018-10-03 22:07:10] - corrId_5bb5216e740aa1.52446618 - Query executed successfully 
[2018-10-03 22:07:10] - corrId_5bb5216e740aa1.52446618 - Opreation getStoresAndSales was successful. 
[2018-10-03 22:07:26] - corrId_5bb5217ef14d56.79464353 - Reached AuthenticationService API 
[2018-10-03 22:07:26] - corrId_5bb5217ef14d56.79464353 - Token is valid 
[2018-10-03 22:07:27] - corrId_5bb5217f52e9a2.80768172 - Reached SalesManagementService API 
[2018-10-03 22:07:27] - corrId_5bb5217f52e9a2.80768172 - Establishing connection to DB 
[2018-10-03 22:07:27] - corrId_5bb5217f52e9a2.80768172 - Processing GetStoresAndSales request. 
[2018-10-03 22:07:27] - corrId_5bb5217f52e9a2.80768172 - Token is valid 
[2018-10-03 22:07:27] - corrId_5bb5217f52e9a2.80768172 - Validated permissions for user MarRosRoma01 (required 20, has 20) 
[2018-10-03 22:07:27] - corrId_5bb5217f52e9a2.80768172 - DATE: 1 
[2018-10-03 22:07:27] - corrId_5bb5217f52e9a2.80768172 - Query: SELECT pv.id_punto_vendita, pv.nome, pv.indirizzo, ci.nome as citta_nome, noleggi.incasso_giornaliero
            FROM punto_vendita pv
            INNER JOIN citta ci
            ON pv.id_citta = ci.id_citta 
            LEFT JOIN (SELECT SUM(no.prezzo_totale) as incasso_giornaliero, no.id_noleggio, no.id_punto_vendita 
                        FROM noleggio no 
                        WHERE no.data_inizio >= '2018-10-03' 
                        AND no.data_inizio <= '2018-10-03 23:59') as noleggi
            ON noleggi.id_punto_vendita = pv.id_punto_vendita
            GROUP BY pv.id_punto_vendita;
            AND pv.id_punto_vendita = (1) 
[2018-10-03 22:07:27] - corrId_5bb5217f52e9a2.80768172 - Executing query 
[2018-10-03 22:07:27] - corrId_5bb5217f52e9a2.80768172 - Error while executing query -> You have an error in your SQL syntax; check the manual that corresponds to your MySQL server version for the right syntax to use near 'AND pv.id_punto_vendita = (1)' at line 11 
[2018-10-03 22:07:27] - corrId_5bb5217f52e9a2.80768172 - Error occured -> Exception: Exception: You have an error in your SQL syntax; check the manual that corresponds to your MySQL server version for the right syntax to use near 'AND pv.id_punto_vendita = (1)' at line 11 in C:\Projects\ProgettiBDC\Videonoleggio\php\DBConnection.php:69
Stack trace:
#0 C:\Projects\ProgettiBDC\Videonoleggio\php\SalesManagementService.php(18): DBConnection->ExecuteQuery('SELECT pv.id_pu...')
#1 C:\Projects\ProgettiBDC\Videonoleggio\php\SalesManagementService.php(42): SalesManagementService->ExecuteQuery('SELECT pv.id_pu...')
#2 C:\Projects\ProgettiBDC\Videonoleggio\php\SalesManagementService.php(56): SalesManagementService->GetStoresAndSales()
#3 C:\Projects\ProgettiBDC\Videonoleggio\php\SalesManagementService.php(77): SalesManagementService->Init()
#4 {main} in C:\Projects\ProgettiBDC\Videonoleggio\php\DBConnection.php:79
Stack trace:
#0 C:\Projects\ProgettiBDC\Videonoleggio\php\SalesManagementService.php(18): DBConnection->ExecuteQuery('SELECT pv.id_pu...')
#1 C:\Projects\ProgettiBDC\Videonoleggio\php\SalesManagementService.php(42): SalesManagementService->ExecuteQuery('SELECT pv.id_pu...')
#2 C:\Projects\ProgettiBDC\Videonoleggio\php\SalesManagementService.php(56): SalesManagementService->GetStoresAndSales()
#3 C:\Projects\ProgettiBDC\Videonoleggio\php\SalesManagementService.php(77): SalesManagementService->Init()
#4 {main} 
[2018-10-03 22:07:43] - corrId_5bb5218f0bb209.61172596 - Reached SalesManagementService API 
[2018-10-03 22:07:43] - corrId_5bb5218f0bb209.61172596 - Establishing connection to DB 
[2018-10-03 22:07:43] - corrId_5bb5218f0bb209.61172596 - Processing GetStoresAndSales request. 
[2018-10-03 22:07:43] - corrId_5bb5218f0bb209.61172596 - Token is valid 
[2018-10-03 22:07:43] - corrId_5bb5218f0bb209.61172596 - Validated permissions for user MarRosRoma01 (required 20, has 20) 
[2018-10-03 22:07:43] - corrId_5bb5218f0bb209.61172596 - DATE: 1 
[2018-10-03 22:07:43] - corrId_5bb5218f0bb209.61172596 - Query: SELECT pv.id_punto_vendita, pv.nome, pv.indirizzo, ci.nome as citta_nome, noleggi.incasso_giornaliero
            FROM punto_vendita pv
            INNER JOIN citta ci
            ON pv.id_citta = ci.id_citta 
            LEFT JOIN (SELECT SUM(no.prezzo_totale) as incasso_giornaliero, no.id_noleggio, no.id_punto_vendita 
                        FROM noleggio no 
                        WHERE no.data_inizio >= '2018-10-03' 
                        AND no.data_inizio <= '2018-10-03 23:59') as noleggi
            ON noleggi.id_punto_vendita = pv.id_punto_vendita
            GROUP BY pv.id_punto_vendita;
            AND pv.id_punto_vendita = 1 
[2018-10-03 22:07:43] - corrId_5bb5218f0bb209.61172596 - Executing query 
[2018-10-03 22:07:43] - corrId_5bb5218f0bb209.61172596 - Error while executing query -> You have an error in your SQL syntax; check the manual that corresponds to your MySQL server version for the right syntax to use near 'AND pv.id_punto_vendita = 1' at line 11 
[2018-10-03 22:07:43] - corrId_5bb5218f0bb209.61172596 - Error occured -> Exception: Exception: You have an error in your SQL syntax; check the manual that corresponds to your MySQL server version for the right syntax to use near 'AND pv.id_punto_vendita = 1' at line 11 in C:\Projects\ProgettiBDC\Videonoleggio\php\DBConnection.php:69
Stack trace:
#0 C:\Projects\ProgettiBDC\Videonoleggio\php\SalesManagementService.php(18): DBConnection->ExecuteQuery('SELECT pv.id_pu...')
#1 C:\Projects\ProgettiBDC\Videonoleggio\php\SalesManagementService.php(42): SalesManagementService->ExecuteQuery('SELECT pv.id_pu...')
#2 C:\Projects\ProgettiBDC\Videonoleggio\php\SalesManagementService.php(56): SalesManagementService->GetStoresAndSales()
#3 C:\Projects\ProgettiBDC\Videonoleggio\php\SalesManagementService.php(77): SalesManagementService->Init()
#4 {main} in C:\Projects\ProgettiBDC\Videonoleggio\php\DBConnection.php:79
Stack trace:
#0 C:\Projects\ProgettiBDC\Videonoleggio\php\SalesManagementService.php(18): DBConnection->ExecuteQuery('SELECT pv.id_pu...')
#1 C:\Projects\ProgettiBDC\Videonoleggio\php\SalesManagementService.php(42): SalesManagementService->ExecuteQuery('SELECT pv.id_pu...')
#2 C:\Projects\ProgettiBDC\Videonoleggio\php\SalesManagementService.php(56): SalesManagementService->GetStoresAndSales()
#3 C:\Projects\ProgettiBDC\Videonoleggio\php\SalesManagementService.php(77): SalesManagementService->Init()
#4 {main} 
[2018-10-03 22:08:22] - corrId_5bb521b676b8b5.31080377 - Reached AuthenticationService API 
[2018-10-03 22:08:22] - corrId_5bb521b676b8b5.31080377 - Token is valid 
[2018-10-03 22:08:22] - corrId_5bb521b6c6a983.02917497 - Reached SalesManagementService API 
[2018-10-03 22:08:22] - corrId_5bb521b6c6a983.02917497 - Establishing connection to DB 
[2018-10-03 22:08:22] - corrId_5bb521b6c6a983.02917497 - Processing GetStoresAndSales request. 
[2018-10-03 22:08:22] - corrId_5bb521b6c6a983.02917497 - Token is valid 
[2018-10-03 22:08:22] - corrId_5bb521b6c6a983.02917497 - Validated permissions for user MarRosRoma01 (required 20, has 20) 
[2018-10-03 22:08:22] - corrId_5bb521b6c6a983.02917497 - DATE: 1 
[2018-10-03 22:08:22] - corrId_5bb521b6c6a983.02917497 - Query: SELECT pv.id_punto_vendita, pv.nome, pv.indirizzo, ci.nome as citta_nome, noleggi.incasso_giornaliero
            FROM punto_vendita pv
            INNER JOIN citta ci
            ON pv.id_citta = ci.id_citta 
            LEFT JOIN (SELECT SUM(no.prezzo_totale) as incasso_giornaliero, no.id_noleggio, no.id_punto_vendita 
                        FROM noleggio no 
                        WHERE no.data_inizio >= '2018-10-03' 
                        AND no.data_inizio <= '2018-10-03 23:59') as noleggi
            ON noleggi.id_punto_vendita = pv.id_punto_vendita            
            AND pv.id_punto_vendita = 1 /* AND id_punto_vendita */
            GROUP BY pv.id_punto_vendita; 
[2018-10-03 22:08:22] - corrId_5bb521b6c6a983.02917497 - Executing query 
[2018-10-03 22:08:22] - corrId_5bb521b6c6a983.02917497 - Query executed successfully 
[2018-10-03 22:08:22] - corrId_5bb521b6c6a983.02917497 - Opreation getStoresAndSales was successful. 
[2018-10-03 22:09:29] - corrId_5bb521f97b6cd2.48043077 - Reached SalesManagementService API 
[2018-10-03 22:09:29] - corrId_5bb521f97b6cd2.48043077 - Establishing connection to DB 
[2018-10-03 22:09:29] - corrId_5bb521f97b6cd2.48043077 - Processing GetStoresAndSales request. 
[2018-10-03 22:09:29] - corrId_5bb521f97b6cd2.48043077 - Token is valid 
[2018-10-03 22:09:29] - corrId_5bb521f97b6cd2.48043077 - Validated permissions for user MarRosRoma01 (required 20, has 20) 
[2018-10-03 22:09:29] - corrId_5bb521f97b6cd2.48043077 - DATE: 1 
[2018-10-03 22:09:29] - corrId_5bb521f97b6cd2.48043077 - Query: SELECT pv.id_punto_vendita, pv.nome, pv.indirizzo, ci.nome as citta_nome, noleggi.incasso_giornaliero
            FROM punto_vendita pv
            INNER JOIN citta ci
            ON pv.id_citta = ci.id_citta 
            LEFT JOIN (SELECT SUM(no.prezzo_totale) as incasso_giornaliero, no.id_noleggio, no.id_punto_vendita 
                        FROM noleggio no 
                        WHERE no.data_inizio >= '2018-10-03' 
                        AND no.data_inizio <= '2018-10-03 23:59') as noleggi
            ON noleggi.id_punto_vendita = pv.id_punto_vendita            
            WHERE pv.id_punto_vendita = 1
            GROUP BY pv.id_punto_vendita; 
[2018-10-03 22:09:29] - corrId_5bb521f97b6cd2.48043077 - Executing query 
[2018-10-03 22:09:29] - corrId_5bb521f97b6cd2.48043077 - Query executed successfully 
[2018-10-03 22:09:29] - corrId_5bb521f97b6cd2.48043077 - Opreation getStoresAndSales was successful. 
[2018-10-03 22:10:20] - corrId_5bb5222c29bb68.28282899 - Reached AuthenticationService API 
[2018-10-03 22:10:20] - corrId_5bb5222c29bb68.28282899 - Token is valid 
[2018-10-03 22:10:20] - corrId_5bb5222c29bb68.28282899 - User MarRosRoma01 logging out. 
[2018-10-03 22:10:22] - corrId_5bb5222e78cba9.41485910 - Reached AuthenticationService API 
[2018-10-03 22:10:22] - corrId_5bb5222e78cba9.41485910 - Processing Login request. 
[2018-10-03 22:10:22] - corrId_5bb5222e78cba9.41485910 - Establishing connection to DB 
[2018-10-03 22:10:22] - corrId_5bb5222e78cba9.41485910 - Executing query 
[2018-10-03 22:10:22] - corrId_5bb5222e78cba9.41485910 - Query executed successfully 
[2018-10-03 22:10:22] - corrId_5bb5222e78cba9.41485910 - User admin validated, starting token generation. 
[2018-10-03 22:10:22] - corrId_5bb5222e78cba9.41485910 - Token generated succesfully. 
[2018-10-03 22:10:22] - corrId_5bb5222e78cba9.41485910 - Authentication cookie has been set:  
[2018-10-03 22:10:22] - corrId_5bb5222e78cba9.41485910 - User  succesfully logged in. 
[2018-10-03 22:10:23] - corrId_5bb5222fa8f9e9.49077554 - Reached AccountManagementService API 
[2018-10-03 22:10:23] - corrId_5bb5222fa8f9e9.49077554 - Processing GetCities request. 
[2018-10-03 22:10:23] - corrId_5bb5222fa8f9e9.49077554 - Token is valid 
[2018-10-03 22:10:23] - corrId_5bb5222fa8f9e9.49077554 - Validated permissions for user admin (required 10, has 30) 
[2018-10-03 22:10:23] - corrId_5bb5222fa8f9e9.49077554 - Query: SELECT *
            FROM citta 
[2018-10-03 22:10:23] - corrId_5bb5222fa8f9e9.49077554 - Establishing connection to DB 
[2018-10-03 22:10:23] - corrId_5bb5222fa8f9e9.49077554 - Executing query 
[2018-10-03 22:10:23] - corrId_5bb5222fa8f9e9.49077554 - Query executed successfully 
[2018-10-03 22:10:23] - corrId_5bb5222fcafe56.76491977 - Reached AccountManagementService API 
[2018-10-03 22:10:23] - corrId_5bb5222fcafe56.76491977 - Processing GetStores request. 
[2018-10-03 22:10:23] - corrId_5bb5222fcafe56.76491977 - Token is valid 
[2018-10-03 22:10:23] - corrId_5bb5222fcafe56.76491977 - Validated permissions for user admin (required 30, has 30) 
[2018-10-03 22:10:23] - corrId_5bb5222fcafe56.76491977 - Query: SELECT *
            FROM punto_vendita 
             
[2018-10-03 22:10:23] - corrId_5bb5222fcafe56.76491977 - Establishing connection to DB 
[2018-10-03 22:10:23] - corrId_5bb5222fcafe56.76491977 - Executing query 
[2018-10-03 22:10:23] - corrId_5bb5222fcafe56.76491977 - Query executed successfully 
[2018-10-03 22:10:23] - corrId_5bb5222fd2fe97.75229563 - Reached AccountManagementService API 
[2018-10-03 22:10:23] - corrId_5bb5222fd2fe97.75229563 - Processing GetEmployees request. 
[2018-10-03 22:10:23] - corrId_5bb5222fd2fe97.75229563 - Token is valid 
[2018-10-03 22:10:23] - corrId_5bb5222fd2fe97.75229563 - Validated permissions for user admin (required 30, has 30) 
[2018-10-03 22:10:23] - corrId_5bb5222fd2fe97.75229563 - Query: SELECT dip.id_dipendente, dip.nome as dipendente_nome, dip.cognome as dipendente_cognome,
                dip.username as dipendente_username, del.nome as delega_nome, del.codice as delega_codice,
                pv.nome as punto_vendita_nome, dip.id_punto_vendita as punto_vendita_id
            FROM dipendente as dip
            INNER JOIN delega as del
            ON dip.id_delega = del.id_delega
            INNER JOIN punto_vendita as pv
            ON dip.id_punto_vendita = pv.id_punto_vendita 
             
[2018-10-03 22:10:23] - corrId_5bb5222fd2fe97.75229563 - Establishing connection to DB 
[2018-10-03 22:10:23] - corrId_5bb5222fd2fe97.75229563 - Executing query 
[2018-10-03 22:10:23] - corrId_5bb5222fd2fe97.75229563 - Query executed successfully 
[2018-10-03 22:10:29] - corrId_5bb52235bcbf91.08821416 - Reached AuthenticationService API 
[2018-10-03 22:10:29] - corrId_5bb52235bcbf91.08821416 - Token is valid 
[2018-10-03 22:10:29] - corrId_5bb52235bcbf91.08821416 - User admin logging out. 
[2018-10-03 22:10:34] - corrId_5bb5223a242d29.74662294 - Reached AuthenticationService API 
[2018-10-03 22:10:34] - corrId_5bb5223a242d29.74662294 - Processing Login request. 
[2018-10-03 22:10:34] - corrId_5bb5223a242d29.74662294 - Establishing connection to DB 
[2018-10-03 22:10:34] - corrId_5bb5223a242d29.74662294 - Executing query 
[2018-10-03 22:10:34] - corrId_5bb5223a242d29.74662294 - Query executed successfully 
[2018-10-03 22:10:34] - corrId_5bb5223a242d29.74662294 - User AbeGenRoma02 validated, starting token generation. 
[2018-10-03 22:10:34] - corrId_5bb5223a242d29.74662294 - Token generated succesfully. 
[2018-10-03 22:10:34] - corrId_5bb5223a242d29.74662294 - Authentication cookie has been set:  
[2018-10-03 22:10:34] - corrId_5bb5223a242d29.74662294 - User  succesfully logged in. 
[2018-10-03 22:10:35] - corrId_5bb5223bc0c066.22117671 - Reached SalesManagementService API 
[2018-10-03 22:10:35] - corrId_5bb5223bc0c066.22117671 - Establishing connection to DB 
[2018-10-03 22:10:35] - corrId_5bb5223bc0c066.22117671 - Processing GetStoresAndSales request. 
[2018-10-03 22:10:35] - corrId_5bb5223bc0c066.22117671 - Token is valid 
[2018-10-03 22:10:35] - corrId_5bb5223bc0c066.22117671 - Validated permissions for user AbeGenRoma02 (required 20, has 20) 
[2018-10-03 22:10:35] - corrId_5bb5223bc0c066.22117671 - DATE: 1 
[2018-10-03 22:10:35] - corrId_5bb5223bc0c066.22117671 - Query: SELECT pv.id_punto_vendita, pv.nome, pv.indirizzo, ci.nome as citta_nome, noleggi.incasso_giornaliero
            FROM punto_vendita pv
            INNER JOIN citta ci
            ON pv.id_citta = ci.id_citta 
            LEFT JOIN (SELECT SUM(no.prezzo_totale) as incasso_giornaliero, no.id_noleggio, no.id_punto_vendita 
                        FROM noleggio no 
                        WHERE no.data_inizio >= '2018-10-03' 
                        AND no.data_inizio <= '2018-10-03 23:59') as noleggi
            ON noleggi.id_punto_vendita = pv.id_punto_vendita            
            WHERE pv.id_punto_vendita = 2
            GROUP BY pv.id_punto_vendita; 
[2018-10-03 22:10:35] - corrId_5bb5223bc0c066.22117671 - Executing query 
[2018-10-03 22:10:35] - corrId_5bb5223bc0c066.22117671 - Query executed successfully 
[2018-10-03 22:10:35] - corrId_5bb5223bc0c066.22117671 - Opreation getStoresAndSales was successful. 
[2018-10-03 22:10:38] - corrId_5bb5223e6011b8.59707938 - Reached AuthenticationService API 
[2018-10-03 22:10:38] - corrId_5bb5223e6011b8.59707938 - Token is valid 
[2018-10-03 22:10:38] - corrId_5bb5223e6011b8.59707938 - User AbeGenRoma02 logging out. 
[2018-10-03 22:10:47] - corrId_5bb522474cfe62.01278479 - Reached AuthenticationService API 
[2018-10-03 22:10:47] - corrId_5bb522474cfe62.01278479 - Processing Login request. 
[2018-10-03 22:10:47] - corrId_5bb522474cfe62.01278479 - Establishing connection to DB 
[2018-10-03 22:10:47] - corrId_5bb522474cfe62.01278479 - Executing query 
[2018-10-03 22:10:47] - corrId_5bb522474cfe62.01278479 - Query executed successfully 
[2018-10-03 22:10:47] - corrId_5bb522474cfe62.01278479 - User admin validated, starting token generation. 
[2018-10-03 22:10:47] - corrId_5bb522474cfe62.01278479 - Token generated succesfully. 
[2018-10-03 22:10:47] - corrId_5bb522474cfe62.01278479 - Authentication cookie has been set:  
[2018-10-03 22:10:47] - corrId_5bb522474cfe62.01278479 - User  succesfully logged in. 
[2018-10-03 22:10:59] - corrId_5bb52253174899.13377818 - Reached SalesManagementService API 
[2018-10-03 22:10:59] - corrId_5bb52253174899.13377818 - Establishing connection to DB 
[2018-10-03 22:10:59] - corrId_5bb52253174899.13377818 - Processing GetStoresAndSales request. 
[2018-10-03 22:10:59] - corrId_5bb52253174899.13377818 - Token is valid 
[2018-10-03 22:10:59] - corrId_5bb52253174899.13377818 - Validated permissions for user admin (required 20, has 30) 
[2018-10-03 22:10:59] - corrId_5bb52253174899.13377818 - DATE: 1 
[2018-10-03 22:10:59] - corrId_5bb52253174899.13377818 - Query: SELECT pv.id_punto_vendita, pv.nome, pv.indirizzo, ci.nome as citta_nome, noleggi.incasso_giornaliero
            FROM punto_vendita pv
            INNER JOIN citta ci
            ON pv.id_citta = ci.id_citta 
            LEFT JOIN (SELECT SUM(no.prezzo_totale) as incasso_giornaliero, no.id_noleggio, no.id_punto_vendita 
                        FROM noleggio no 
                        WHERE no.data_inizio >= '2018-10-03' 
                        AND no.data_inizio <= '2018-10-03 23:59') as noleggi
            ON noleggi.id_punto_vendita = pv.id_punto_vendita            
            
            GROUP BY pv.id_punto_vendita; 
[2018-10-03 22:10:59] - corrId_5bb52253174899.13377818 - Executing query 
[2018-10-03 22:10:59] - corrId_5bb52253174899.13377818 - Query executed successfully 
[2018-10-03 22:10:59] - corrId_5bb52253174899.13377818 - Opreation getStoresAndSales was successful. 
[2018-10-03 22:11:07] - corrId_5bb5225b8bdc73.79905063 - Reached SalesManagementService API 
[2018-10-03 22:11:07] - corrId_5bb5225b8bdc73.79905063 - Establishing connection to DB 
[2018-10-03 22:11:07] - corrId_5bb5225b8bdc73.79905063 - Processing GetStoresAndSales request. 
[2018-10-03 22:11:07] - corrId_5bb5225b8bdc73.79905063 - Token is valid 
[2018-10-03 22:11:07] - corrId_5bb5225b8bdc73.79905063 - Validated permissions for user admin (required 20, has 30) 
[2018-10-03 22:11:07] - corrId_5bb5225b8bdc73.79905063 - DATE: 1 
[2018-10-03 22:11:07] - corrId_5bb5225b8bdc73.79905063 - Query: SELECT pv.id_punto_vendita, pv.nome, pv.indirizzo, ci.nome as citta_nome, noleggi.incasso_giornaliero
            FROM punto_vendita pv
            INNER JOIN citta ci
            ON pv.id_citta = ci.id_citta 
            LEFT JOIN (SELECT SUM(no.prezzo_totale) as incasso_giornaliero, no.id_noleggio, no.id_punto_vendita 
                        FROM noleggio no 
                        WHERE no.data_inizio >= '2018-10-05' 
                        AND no.data_inizio <= '2018-10-03 23:59') as noleggi
            ON noleggi.id_punto_vendita = pv.id_punto_vendita            
            
            GROUP BY pv.id_punto_vendita; 
[2018-10-03 22:11:07] - corrId_5bb5225b8bdc73.79905063 - Executing query 
[2018-10-03 22:11:07] - corrId_5bb5225b8bdc73.79905063 - Query executed successfully 
[2018-10-03 22:11:07] - corrId_5bb5225b8bdc73.79905063 - Opreation getStoresAndSales was successful. 
[2018-10-03 22:11:10] - corrId_5bb5225e5ce807.11067953 - Reached SalesManagementService API 
[2018-10-03 22:11:10] - corrId_5bb5225e5ce807.11067953 - Establishing connection to DB 
[2018-10-03 22:11:10] - corrId_5bb5225e5ce807.11067953 - Processing GetStoresAndSales request. 
[2018-10-03 22:11:10] - corrId_5bb5225e5ce807.11067953 - Token is valid 
[2018-10-03 22:11:10] - corrId_5bb5225e5ce807.11067953 - Validated permissions for user admin (required 20, has 30) 
[2018-10-03 22:11:10] - corrId_5bb5225e5ce807.11067953 - DATE: 1 
[2018-10-03 22:11:10] - corrId_5bb5225e5ce807.11067953 - Query: SELECT pv.id_punto_vendita, pv.nome, pv.indirizzo, ci.nome as citta_nome, noleggi.incasso_giornaliero
            FROM punto_vendita pv
            INNER JOIN citta ci
            ON pv.id_citta = ci.id_citta 
            LEFT JOIN (SELECT SUM(no.prezzo_totale) as incasso_giornaliero, no.id_noleggio, no.id_punto_vendita 
                        FROM noleggio no 
                        WHERE no.data_inizio >= '2018-10-01' 
                        AND no.data_inizio <= '2018-10-03 23:59') as noleggi
            ON noleggi.id_punto_vendita = pv.id_punto_vendita            
            
            GROUP BY pv.id_punto_vendita; 
[2018-10-03 22:11:10] - corrId_5bb5225e5ce807.11067953 - Executing query 
[2018-10-03 22:11:10] - corrId_5bb5225e5ce807.11067953 - Query executed successfully 
[2018-10-03 22:11:10] - corrId_5bb5225e5ce807.11067953 - Opreation getStoresAndSales was successful. 
[2018-10-03 22:20:21] - corrId_5bb52485ce5c22.74284844 - Reached AuthenticationService API 
[2018-10-03 22:20:21] - corrId_5bb52485ce5c22.74284844 - Token is valid 
[2018-10-03 22:20:22] - corrId_5bb52486377e50.42690339 - Reached AccountManagementService API 
[2018-10-03 22:20:22] - corrId_5bb52486377e50.42690339 - Processing GetCities request. 
[2018-10-03 22:20:22] - corrId_5bb52486377e50.42690339 - Token is valid 
[2018-10-03 22:20:22] - corrId_5bb52486377e50.42690339 - Validated permissions for user admin (required 10, has 30) 
[2018-10-03 22:20:22] - corrId_5bb52486377e50.42690339 - Query: SELECT *
            FROM citta 
[2018-10-03 22:20:22] - corrId_5bb52486377e50.42690339 - Establishing connection to DB 
[2018-10-03 22:20:22] - corrId_5bb52486377e50.42690339 - Executing query 
[2018-10-03 22:20:22] - corrId_5bb52486377e50.42690339 - Query executed successfully 
[2018-10-03 22:20:22] - corrId_5bb524865afb78.67701651 - Reached AccountManagementService API 
[2018-10-03 22:20:22] - corrId_5bb524865afb78.67701651 - Processing GetStores request. 
[2018-10-03 22:20:22] - corrId_5bb524865afb78.67701651 - Token is valid 
[2018-10-03 22:20:22] - corrId_5bb524865afb78.67701651 - Validated permissions for user admin (required 30, has 30) 
[2018-10-03 22:20:22] - corrId_5bb524865afb78.67701651 - Query: SELECT *
            FROM punto_vendita 
             
[2018-10-03 22:20:22] - corrId_5bb524865afb78.67701651 - Establishing connection to DB 
[2018-10-03 22:20:22] - corrId_5bb524865afb78.67701651 - Executing query 
[2018-10-03 22:20:22] - corrId_5bb524865afb78.67701651 - Query executed successfully 
[2018-10-03 22:20:22] - corrId_5bb52486634c67.29957973 - Reached AccountManagementService API 
[2018-10-03 22:20:22] - corrId_5bb52486634c67.29957973 - Processing GetEmployees request. 
[2018-10-03 22:20:22] - corrId_5bb52486634c67.29957973 - Token is valid 
[2018-10-03 22:20:22] - corrId_5bb52486634c67.29957973 - Validated permissions for user admin (required 30, has 30) 
[2018-10-03 22:20:22] - corrId_5bb52486634c67.29957973 - Query: SELECT dip.id_dipendente, dip.nome as dipendente_nome, dip.cognome as dipendente_cognome,
                dip.username as dipendente_username, del.nome as delega_nome, del.codice as delega_codice,
                pv.nome as punto_vendita_nome, dip.id_punto_vendita as punto_vendita_id
            FROM dipendente as dip
            INNER JOIN delega as del
            ON dip.id_delega = del.id_delega
            INNER JOIN punto_vendita as pv
            ON dip.id_punto_vendita = pv.id_punto_vendita 
             
[2018-10-03 22:20:22] - corrId_5bb52486634c67.29957973 - Establishing connection to DB 
[2018-10-03 22:20:22] - corrId_5bb52486634c67.29957973 - Executing query 
[2018-10-03 22:20:22] - corrId_5bb52486634c67.29957973 - Query executed successfully 
[2018-10-03 22:20:28] - corrId_5bb5248c9d7601.17757163 - Reached AuthenticationService API 
[2018-10-03 22:20:28] - corrId_5bb5248c9d7601.17757163 - Token is valid 
[2018-10-03 22:20:29] - corrId_5bb5248d127ce6.75884945 - Reached AccountManagementService API 
[2018-10-03 22:20:29] - corrId_5bb5248d127ce6.75884945 - Processing GetCities request. 
[2018-10-03 22:20:29] - corrId_5bb5248d127ce6.75884945 - Token is valid 
[2018-10-03 22:20:29] - corrId_5bb5248d127ce6.75884945 - Validated permissions for user admin (required 10, has 30) 
[2018-10-03 22:20:29] - corrId_5bb5248d127ce6.75884945 - Query: SELECT *
            FROM citta 
[2018-10-03 22:20:29] - corrId_5bb5248d127ce6.75884945 - Establishing connection to DB 
[2018-10-03 22:20:29] - corrId_5bb5248d127ce6.75884945 - Executing query 
[2018-10-03 22:20:29] - corrId_5bb5248d127ce6.75884945 - Query executed successfully 
[2018-10-03 22:20:29] - corrId_5bb5248d337692.39473372 - Reached AccountManagementService API 
[2018-10-03 22:20:29] - corrId_5bb5248d337692.39473372 - Processing GetStores request. 
[2018-10-03 22:20:29] - corrId_5bb5248d337692.39473372 - Token is valid 
[2018-10-03 22:20:29] - corrId_5bb5248d337692.39473372 - Validated permissions for user admin (required 30, has 30) 
[2018-10-03 22:20:29] - corrId_5bb5248d337692.39473372 - Query: SELECT *
            FROM punto_vendita 
             
[2018-10-03 22:20:29] - corrId_5bb5248d337692.39473372 - Establishing connection to DB 
[2018-10-03 22:20:29] - corrId_5bb5248d337692.39473372 - Executing query 
[2018-10-03 22:20:29] - corrId_5bb5248d337692.39473372 - Query executed successfully 
[2018-10-03 22:20:29] - corrId_5bb5248d3c40a8.38143881 - Reached AccountManagementService API 
[2018-10-03 22:20:29] - corrId_5bb5248d3c40a8.38143881 - Processing GetEmployees request. 
[2018-10-03 22:20:29] - corrId_5bb5248d3c40a8.38143881 - Token is valid 
[2018-10-03 22:20:29] - corrId_5bb5248d3c40a8.38143881 - Validated permissions for user admin (required 30, has 30) 
[2018-10-03 22:20:29] - corrId_5bb5248d3c40a8.38143881 - Query: SELECT dip.id_dipendente, dip.nome as dipendente_nome, dip.cognome as dipendente_cognome,
                dip.username as dipendente_username, del.nome as delega_nome, del.codice as delega_codice,
                pv.nome as punto_vendita_nome, dip.id_punto_vendita as punto_vendita_id
            FROM dipendente as dip
            INNER JOIN delega as del
            ON dip.id_delega = del.id_delega
            INNER JOIN punto_vendita as pv
            ON dip.id_punto_vendita = pv.id_punto_vendita 
             
[2018-10-03 22:20:29] - corrId_5bb5248d3c40a8.38143881 - Establishing connection to DB 
[2018-10-03 22:20:29] - corrId_5bb5248d3c40a8.38143881 - Executing query 
[2018-10-03 22:20:29] - corrId_5bb5248d3c40a8.38143881 - Query executed successfully 
[2018-10-03 22:20:41] - corrId_5bb52499a7e6e5.13826513 - Reached AuthenticationService API 
[2018-10-03 22:20:41] - corrId_5bb52499a7e6e5.13826513 - Token is valid 
[2018-10-03 22:20:42] - corrId_5bb5249a08b8d0.23759078 - Reached AccountManagementService API 
[2018-10-03 22:20:42] - corrId_5bb5249a08b8d0.23759078 - Processing GetCities request. 
[2018-10-03 22:20:42] - corrId_5bb5249a08b8d0.23759078 - Token is valid 
[2018-10-03 22:20:42] - corrId_5bb5249a08b8d0.23759078 - Validated permissions for user admin (required 10, has 30) 
[2018-10-03 22:20:42] - corrId_5bb5249a08b8d0.23759078 - Query: SELECT *
            FROM citta 
[2018-10-03 22:20:42] - corrId_5bb5249a08b8d0.23759078 - Establishing connection to DB 
[2018-10-03 22:20:42] - corrId_5bb5249a08b8d0.23759078 - Executing query 
[2018-10-03 22:20:42] - corrId_5bb5249a08b8d0.23759078 - Query executed successfully 
[2018-10-03 22:20:42] - corrId_5bb5249a29ef51.75139322 - Reached AccountManagementService API 
[2018-10-03 22:20:42] - corrId_5bb5249a29ef51.75139322 - Processing GetStores request. 
[2018-10-03 22:20:42] - corrId_5bb5249a29ef51.75139322 - Token is valid 
[2018-10-03 22:20:42] - corrId_5bb5249a29ef51.75139322 - Validated permissions for user admin (required 30, has 30) 
[2018-10-03 22:20:42] - corrId_5bb5249a29ef51.75139322 - Query: SELECT *
            FROM punto_vendita 
             
[2018-10-03 22:20:42] - corrId_5bb5249a29ef51.75139322 - Establishing connection to DB 
[2018-10-03 22:20:42] - corrId_5bb5249a29ef51.75139322 - Executing query 
[2018-10-03 22:20:42] - corrId_5bb5249a29ef51.75139322 - Query executed successfully 
[2018-10-03 22:20:42] - corrId_5bb5249a327ab6.31719672 - Reached AccountManagementService API 
[2018-10-03 22:20:42] - corrId_5bb5249a327ab6.31719672 - Processing GetEmployees request. 
[2018-10-03 22:20:42] - corrId_5bb5249a327ab6.31719672 - Token is valid 
[2018-10-03 22:20:42] - corrId_5bb5249a327ab6.31719672 - Validated permissions for user admin (required 30, has 30) 
[2018-10-03 22:20:42] - corrId_5bb5249a327ab6.31719672 - Query: SELECT dip.id_dipendente, dip.nome as dipendente_nome, dip.cognome as dipendente_cognome,
                dip.username as dipendente_username, del.nome as delega_nome, del.codice as delega_codice,
                pv.nome as punto_vendita_nome, dip.id_punto_vendita as punto_vendita_id
            FROM dipendente as dip
            INNER JOIN delega as del
            ON dip.id_delega = del.id_delega
            INNER JOIN punto_vendita as pv
            ON dip.id_punto_vendita = pv.id_punto_vendita 
             
[2018-10-03 22:20:42] - corrId_5bb5249a327ab6.31719672 - Establishing connection to DB 
[2018-10-03 22:20:42] - corrId_5bb5249a327ab6.31719672 - Executing query 
[2018-10-03 22:20:42] - corrId_5bb5249a327ab6.31719672 - Query executed successfully 
[2018-10-03 22:21:03] - corrId_5bb524af29fbf8.87028357 - Reached AuthenticationService API 
[2018-10-03 22:21:03] - corrId_5bb524af29fbf8.87028357 - Token is valid 
[2018-10-03 22:21:03] - corrId_5bb524afb46fd8.37918283 - Reached AccountManagementService API 
[2018-10-03 22:21:03] - corrId_5bb524afb46fd8.37918283 - Processing GetCities request. 
[2018-10-03 22:21:03] - corrId_5bb524afb46fd8.37918283 - Token is valid 
[2018-10-03 22:21:03] - corrId_5bb524afb46fd8.37918283 - Validated permissions for user admin (required 10, has 30) 
[2018-10-03 22:21:03] - corrId_5bb524afb46fd8.37918283 - Query: SELECT *
            FROM citta 
[2018-10-03 22:21:03] - corrId_5bb524afb46fd8.37918283 - Establishing connection to DB 
[2018-10-03 22:21:03] - corrId_5bb524afb46fd8.37918283 - Executing query 
[2018-10-03 22:21:03] - corrId_5bb524afb46fd8.37918283 - Query executed successfully 
[2018-10-03 22:21:03] - corrId_5bb524afd46542.26786410 - Reached AccountManagementService API 
[2018-10-03 22:21:03] - corrId_5bb524afd46542.26786410 - Processing GetStores request. 
[2018-10-03 22:21:03] - corrId_5bb524afd46542.26786410 - Token is valid 
[2018-10-03 22:21:03] - corrId_5bb524afd46542.26786410 - Validated permissions for user admin (required 30, has 30) 
[2018-10-03 22:21:03] - corrId_5bb524afd46542.26786410 - Query: SELECT *
            FROM punto_vendita 
             
[2018-10-03 22:21:03] - corrId_5bb524afd46542.26786410 - Establishing connection to DB 
[2018-10-03 22:21:03] - corrId_5bb524afd46542.26786410 - Executing query 
[2018-10-03 22:21:03] - corrId_5bb524afd46542.26786410 - Query executed successfully 
[2018-10-03 22:21:03] - corrId_5bb524afe116e3.19667864 - Reached AccountManagementService API 
[2018-10-03 22:21:03] - corrId_5bb524afe116e3.19667864 - Processing GetEmployees request. 
[2018-10-03 22:21:03] - corrId_5bb524afe116e3.19667864 - Token is valid 
[2018-10-03 22:21:03] - corrId_5bb524afe116e3.19667864 - Validated permissions for user admin (required 30, has 30) 
[2018-10-03 22:21:03] - corrId_5bb524afe116e3.19667864 - Query: SELECT dip.id_dipendente, dip.nome as dipendente_nome, dip.cognome as dipendente_cognome,
                dip.username as dipendente_username, del.nome as delega_nome, del.codice as delega_codice,
                pv.nome as punto_vendita_nome, dip.id_punto_vendita as punto_vendita_id
            FROM dipendente as dip
            INNER JOIN delega as del
            ON dip.id_delega = del.id_delega
            INNER JOIN punto_vendita as pv
            ON dip.id_punto_vendita = pv.id_punto_vendita 
             
[2018-10-03 22:21:03] - corrId_5bb524afe116e3.19667864 - Establishing connection to DB 
[2018-10-03 22:21:03] - corrId_5bb524afe116e3.19667864 - Executing query 
[2018-10-03 22:21:03] - corrId_5bb524afe116e3.19667864 - Query executed successfully 
[2018-10-03 22:21:28] - corrId_5bb524c820d0b3.21824741 - Reached AuthenticationService API 
[2018-10-03 22:21:28] - corrId_5bb524c820d0b3.21824741 - Token is valid 
[2018-10-03 22:21:28] - corrId_5bb524c87beae4.27168013 - Reached AccountManagementService API 
[2018-10-03 22:21:28] - corrId_5bb524c87beae4.27168013 - Processing GetCities request. 
[2018-10-03 22:21:28] - corrId_5bb524c87beae4.27168013 - Token is valid 
[2018-10-03 22:21:28] - corrId_5bb524c87beae4.27168013 - Validated permissions for user admin (required 10, has 30) 
[2018-10-03 22:21:28] - corrId_5bb524c87beae4.27168013 - Query: SELECT *
            FROM citta 
[2018-10-03 22:21:28] - corrId_5bb524c87beae4.27168013 - Establishing connection to DB 
[2018-10-03 22:21:28] - corrId_5bb524c87beae4.27168013 - Executing query 
[2018-10-03 22:21:28] - corrId_5bb524c87beae4.27168013 - Query executed successfully 
[2018-10-03 22:21:28] - corrId_5bb524c8a17a48.98543160 - Reached AccountManagementService API 
[2018-10-03 22:21:28] - corrId_5bb524c8a17a48.98543160 - Processing GetStores request. 
[2018-10-03 22:21:28] - corrId_5bb524c8a17a48.98543160 - Token is valid 
[2018-10-03 22:21:28] - corrId_5bb524c8a17a48.98543160 - Validated permissions for user admin (required 30, has 30) 
[2018-10-03 22:21:28] - corrId_5bb524c8a17a48.98543160 - Query: SELECT *
            FROM punto_vendita 
             
[2018-10-03 22:21:28] - corrId_5bb524c8a17a48.98543160 - Establishing connection to DB 
[2018-10-03 22:21:28] - corrId_5bb524c8a17a48.98543160 - Executing query 
[2018-10-03 22:21:28] - corrId_5bb524c8a17a48.98543160 - Query executed successfully 
[2018-10-03 22:21:28] - corrId_5bb524c8aa05a0.02065828 - Reached AccountManagementService API 
[2018-10-03 22:21:28] - corrId_5bb524c8aa05a0.02065828 - Processing GetEmployees request. 
[2018-10-03 22:21:28] - corrId_5bb524c8aa05a0.02065828 - Token is valid 
[2018-10-03 22:21:28] - corrId_5bb524c8aa05a0.02065828 - Validated permissions for user admin (required 30, has 30) 
[2018-10-03 22:21:28] - corrId_5bb524c8aa05a0.02065828 - Query: SELECT dip.id_dipendente, dip.nome as dipendente_nome, dip.cognome as dipendente_cognome,
                dip.username as dipendente_username, del.nome as delega_nome, del.codice as delega_codice,
                pv.nome as punto_vendita_nome, dip.id_punto_vendita as punto_vendita_id
            FROM dipendente as dip
            INNER JOIN delega as del
            ON dip.id_delega = del.id_delega
            INNER JOIN punto_vendita as pv
            ON dip.id_punto_vendita = pv.id_punto_vendita 
             
[2018-10-03 22:21:28] - corrId_5bb524c8aa05a0.02065828 - Establishing connection to DB 
[2018-10-03 22:21:28] - corrId_5bb524c8aa05a0.02065828 - Executing query 
[2018-10-03 22:21:28] - corrId_5bb524c8aa05a0.02065828 - Query executed successfully 
[2018-10-03 22:21:33] - corrId_5bb524cd7bb4a1.59491338 - Reached SalesManagementService API 
[2018-10-03 22:21:33] - corrId_5bb524cd7bb4a1.59491338 - Establishing connection to DB 
[2018-10-03 22:21:33] - corrId_5bb524cd7bb4a1.59491338 - Processing GetStoresAndSales request. 
[2018-10-03 22:21:33] - corrId_5bb524cd7bb4a1.59491338 - Token is valid 
[2018-10-03 22:21:33] - corrId_5bb524cd7bb4a1.59491338 - Validated permissions for user admin (required 20, has 30) 
[2018-10-03 22:21:33] - corrId_5bb524cd7bb4a1.59491338 - DATE: 1 
[2018-10-03 22:21:33] - corrId_5bb524cd7bb4a1.59491338 - Query: SELECT pv.id_punto_vendita, pv.nome, pv.indirizzo, ci.nome as citta_nome, noleggi.incasso_giornaliero
            FROM punto_vendita pv
            INNER JOIN citta ci
            ON pv.id_citta = ci.id_citta 
            LEFT JOIN (SELECT SUM(no.prezzo_totale) as incasso_giornaliero, no.id_noleggio, no.id_punto_vendita 
                        FROM noleggio no 
                        WHERE no.data_inizio >= '2018-10-03' 
                        AND no.data_inizio <= '2018-10-03 23:59') as noleggi
            ON noleggi.id_punto_vendita = pv.id_punto_vendita            
            
            GROUP BY pv.id_punto_vendita; 
[2018-10-03 22:21:33] - corrId_5bb524cd7bb4a1.59491338 - Executing query 
[2018-10-03 22:21:33] - corrId_5bb524cd7bb4a1.59491338 - Query executed successfully 
[2018-10-03 22:21:33] - corrId_5bb524cd7bb4a1.59491338 - Opreation getStoresAndSales was successful. 
[2018-10-03 22:21:34] - corrId_5bb524ceee0b65.00746340 - Reached StorageManagementService API 
[2018-10-03 22:21:34] - corrId_5bb524ceee0b65.00746340 - Processing GetVideosInStorage request. 
[2018-10-03 22:21:34] - corrId_5bb524ceee0b65.00746340 - Token is valid 
[2018-10-03 22:21:34] - corrId_5bb524ceee0b65.00746340 - Validated permissions for user admin (required 10, has 30) 
[2018-10-03 22:21:34] - corrId_5bb524ceee0b65.00746340 - Query: SELECT co.id_copia, co.data_scarico, co.danneggiato, co.noleggiato, fi.id_film, fi.titolo, fo.nome
            FROM copia co
            INNER JOIN film fi
            ON co.id_film = fi.id_film
            INNER JOIN fornitore fo
            ON co.id_fornitore = fo.id_fornitore
            WHERE co.id_punto_vendita = 1
            AND co.restituito = 0 
[2018-10-03 22:21:34] - corrId_5bb524ceee0b65.00746340 - Establishing connection to DB 
[2018-10-03 22:21:34] - corrId_5bb524ceee0b65.00746340 - Executing query 
[2018-10-03 22:21:34] - corrId_5bb524ceee0b65.00746340 - Query executed successfully 
[2018-10-03 22:21:35] - corrId_5bb524cfb1f668.29475934 - Reached StorageManagementService API 
[2018-10-03 22:21:35] - corrId_5bb524cfb1f668.29475934 - Processing GetVideosInStorage request. 
[2018-10-03 22:21:35] - corrId_5bb524cfb1f668.29475934 - Token is valid 
[2018-10-03 22:21:35] - corrId_5bb524cfb1f668.29475934 - Validated permissions for user admin (required 10, has 30) 
[2018-10-03 22:21:35] - corrId_5bb524cfb1f668.29475934 - Query: SELECT co.id_copia, co.data_scarico, co.danneggiato, co.noleggiato, fi.id_film, fi.titolo, fo.nome
            FROM copia co
            INNER JOIN film fi
            ON co.id_film = fi.id_film
            INNER JOIN fornitore fo
            ON co.id_fornitore = fo.id_fornitore
            WHERE co.id_punto_vendita = 1
            AND co.restituito = 0 
[2018-10-03 22:21:35] - corrId_5bb524cfb1f668.29475934 - Establishing connection to DB 
[2018-10-03 22:21:35] - corrId_5bb524cfb1f668.29475934 - Executing query 
[2018-10-03 22:21:35] - corrId_5bb524cfb1f668.29475934 - Query executed successfully 
[2018-10-03 22:21:36] - corrId_5bb524d02bdf84.68229103 - Reached SalesManagementService API 
[2018-10-03 22:21:36] - corrId_5bb524d02bdf84.68229103 - Establishing connection to DB 
[2018-10-03 22:21:36] - corrId_5bb524d02bdf84.68229103 - Processing GetStoresAndSales request. 
[2018-10-03 22:21:36] - corrId_5bb524d02bdf84.68229103 - Token is valid 
[2018-10-03 22:21:36] - corrId_5bb524d02bdf84.68229103 - Validated permissions for user admin (required 20, has 30) 
[2018-10-03 22:21:36] - corrId_5bb524d02bdf84.68229103 - DATE: 1 
[2018-10-03 22:21:36] - corrId_5bb524d02bdf84.68229103 - Query: SELECT pv.id_punto_vendita, pv.nome, pv.indirizzo, ci.nome as citta_nome, noleggi.incasso_giornaliero
            FROM punto_vendita pv
            INNER JOIN citta ci
            ON pv.id_citta = ci.id_citta 
            LEFT JOIN (SELECT SUM(no.prezzo_totale) as incasso_giornaliero, no.id_noleggio, no.id_punto_vendita 
                        FROM noleggio no 
                        WHERE no.data_inizio >= '2018-10-03' 
                        AND no.data_inizio <= '2018-10-03 23:59') as noleggi
            ON noleggi.id_punto_vendita = pv.id_punto_vendita            
            
            GROUP BY pv.id_punto_vendita; 
[2018-10-03 22:21:36] - corrId_5bb524d02bdf84.68229103 - Executing query 
[2018-10-03 22:21:36] - corrId_5bb524d02bdf84.68229103 - Query executed successfully 
[2018-10-03 22:21:36] - corrId_5bb524d02bdf84.68229103 - Opreation getStoresAndSales was successful. 
