[22/09/2018 17:33:10] - corrId_5ba660b63b4015.90884839 - Reached CustomerManagementService API 
[22/09/2018 17:33:10] - corrId_5ba660b63b4015.90884839 - Processing GetAllCustomersWithPremiumCode request. 
[22/09/2018 17:33:10] - corrId_5ba660b63b4015.90884839 - Token is valid 
[22/09/2018 17:33:10] - corrId_5ba660b63b4015.90884839 - Validated permissions for user admin (required 10, has 30) 
[22/09/2018 17:33:10] - corrId_5ba660b63b4015.90884839 - Establishing connection to DB 
[22/09/2018 17:33:10] - corrId_5ba660b63b4015.90884839 - Executing query 
[22/09/2018 17:33:10] - corrId_5ba660b63b4015.90884839 - Query executed successfully 
[22/09/2018 17:33:10] - corrId_5ba660b6a73c93.82187619 - Reached StorageManagementService API 
[22/09/2018 17:33:10] - corrId_5ba660b6a73c93.82187619 - Processing GetVideosInStorage request. 
[22/09/2018 17:33:10] - corrId_5ba660b6a73c93.82187619 - Token is valid 
[22/09/2018 17:33:10] - corrId_5ba660b6a73c93.82187619 - Query: SELECT co.id_copia, co.data_scarico, co.danneggiato, co.noleggiato, fi.id_film, fi.titolo, fo.nome
            FROM copia co
            INNER JOIN film fi
            ON co.id_film = fi.id_film
            INNER JOIN fornitore fo
            ON co.id_fornitore = fo.id_fornitore
            WHERE co.id_punto_vendita = 1
            AND co.restituito = 0 
[22/09/2018 17:33:10] - corrId_5ba660b6a73c93.82187619 - Establishing connection to DB 
[22/09/2018 17:33:10] - corrId_5ba660b6a73c93.82187619 - Executing query 
[22/09/2018 17:33:10] - corrId_5ba660b6a73c93.82187619 - Query executed successfully 
